
Tamanho da cache|4K|Tamanho do bloco|8|Associatividade|1|
l1-icache
 Metrics		      Total	      Instrn	       Data	       Read	      Write	       Misc
 -----------------	      ------	      ------	      ------	      ------	      ------	      ------
 Demand Fetches		   399999954	   399999954	           0	           0	           0	           0
  Fraction of total	      1.0000	      1.0000	      0.0000	      0.0000	      0.0000	      0.0000
 Demand Misses		   138172282	   138172282	           0	           0	           0	           0
  Demand miss rate	      0.3454	      0.3454	      0.0000	      0.0000	      0.0000	      0.0000
l1-dcache
 Metrics		      Total	      Instrn	       Data	       Read	      Write	       Misc
 -----------------	      ------	      ------	      ------	      ------	      ------	      ------
 Demand Fetches		   150325024	           0	   150325024	   129021364	    21303660	           0
  Fraction of total	      1.0000	      0.0000	      1.0000	      0.8583	      0.1417	      0.0000
 Demand Misses		    25377855	           0	    25377855	    22250672	     3127183	           0
  Demand miss rate	      0.1688	      0.0000	      0.1688	      0.1725	      0.1468	      0.0000

Tamanho da cache|4K|Tamanho do bloco|8|Associatividade|2|
l1-icache
 Metrics		      Total	      Instrn	       Data	       Read	      Write	       Misc
 -----------------	      ------	      ------	      ------	      ------	      ------	      ------
 Demand Fetches		   399999954	   399999954	           0	           0	           0	           0
  Fraction of total	      1.0000	      1.0000	      0.0000	      0.0000	      0.0000	      0.0000
 Demand Misses		   138853838	   138853838	           0	           0	           0	           0
  Demand miss rate	      0.3471	      0.3471	      0.0000	      0.0000	      0.0000	      0.0000
l1-dcache
 Metrics		      Total	      Instrn	       Data	       Read	      Write	       Misc
 -----------------	      ------	      ------	      ------	      ------	      ------	      ------
 Demand Fetches		   150325024	           0	   150325024	   129021364	    21303660	           0
  Fraction of total	      1.0000	      0.0000	      1.0000	      0.8583	      0.1417	      0.0000
 Demand Misses		    15271847	           0	    15271847	    13808869	     1462978	           0
  Demand miss rate	      0.1016	      0.0000	      0.1016	      0.1070	      0.0687	      0.0000

Tamanho da cache|4K|Tamanho do bloco|8|Associatividade|4|
l1-icache
 Metrics		      Total	      Instrn	       Data	       Read	      Write	       Misc
 -----------------	      ------	      ------	      ------	      ------	      ------	      ------
 Demand Fetches		   399999954	   399999954	           0	           0	           0	           0
  Fraction of total	      1.0000	      1.0000	      0.0000	      0.0000	      0.0000	      0.0000
 Demand Misses		   143977335	   143977335	           0	           0	           0	           0
  Demand miss rate	      0.3599	      0.3599	      0.0000	      0.0000	      0.0000	      0.0000
l1-dcache
 Metrics		      Total	      Instrn	       Data	       Read	      Write	       Misc
 -----------------	      ------	      ------	      ------	      ------	      ------	      ------
 Demand Fetches		   150325024	           0	   150325024	   129021364	    21303660	           0
  Fraction of total	      1.0000	      0.0000	      1.0000	      0.8583	      0.1417	      0.0000
 Demand Misses		    11402071	           0	    11402071	    10362958	     1039113	           0
  Demand miss rate	      0.0758	      0.0000	      0.0758	      0.0803	      0.0488	      0.0000

Tamanho da cache|4K|Tamanho do bloco|8|Associatividade|8|
l1-icache
 Metrics		      Total	      Instrn	       Data	       Read	      Write	       Misc
 -----------------	      ------	      ------	      ------	      ------	      ------	      ------
 Demand Fetches		   399999954	   399999954	           0	           0	           0	           0
  Fraction of total	      1.0000	      1.0000	      0.0000	      0.0000	      0.0000	      0.0000
 Demand Misses		   146976641	   146976641	           0	           0	           0	           0
  Demand miss rate	      0.3674	      0.3674	      0.0000	      0.0000	      0.0000	      0.0000
l1-dcache
 Metrics		      Total	      Instrn	       Data	       Read	      Write	       Misc
 -----------------	      ------	      ------	      ------	      ------	      ------	      ------
 Demand Fetches		   150325024	           0	   150325024	   129021364	    21303660	           0
  Fraction of total	      1.0000	      0.0000	      1.0000	      0.8583	      0.1417	      0.0000
 Demand Misses		     8944075	           0	     8944075	     8163710	      780365	           0
  Demand miss rate	      0.0595	      0.0000	      0.0595	      0.0633	      0.0366	      0.0000

Tamanho da cache|4K|Tamanho do bloco|8|Associatividade|16|
l1-icache
 Metrics		      Total	      Instrn	       Data	       Read	      Write	       Misc
 -----------------	      ------	      ------	      ------	      ------	      ------	      ------
 Demand Fetches		   399999954	   399999954	           0	           0	           0	           0
  Fraction of total	      1.0000	      1.0000	      0.0000	      0.0000	      0.0000	      0.0000
 Demand Misses		   148865106	   148865106	           0	           0	           0	           0
  Demand miss rate	      0.3722	      0.3722	      0.0000	      0.0000	      0.0000	      0.0000
l1-dcache
 Metrics		      Total	      Instrn	       Data	       Read	      Write	       Misc
 -----------------	      ------	      ------	      ------	      ------	      ------	      ------
 Demand Fetches		   150325024	           0	   150325024	   129021364	    21303660	           0
  Fraction of total	      1.0000	      0.0000	      1.0000	      0.8583	      0.1417	      0.0000
 Demand Misses		     7174306	           0	     7174306	     6524373	      649933	           0
  Demand miss rate	      0.0477	      0.0000	      0.0477	      0.0506	      0.0305	      0.0000

Tamanho da cache|4K|Tamanho do bloco|16|Associatividade|1|
l1-icache
 Metrics		      Total	      Instrn	       Data	       Read	      Write	       Misc
 -----------------	      ------	      ------	      ------	      ------	      ------	      ------
 Demand Fetches		   399999954	   399999954	           0	           0	           0	           0
  Fraction of total	      1.0000	      1.0000	      0.0000	      0.0000	      0.0000	      0.0000
 Demand Misses		    76398037	    76398037	           0	           0	           0	           0
  Demand miss rate	      0.1910	      0.1910	      0.0000	      0.0000	      0.0000	      0.0000
l1-dcache
 Metrics		      Total	      Instrn	       Data	       Read	      Write	       Misc
 -----------------	      ------	      ------	      ------	      ------	      ------	      ------
 Demand Fetches		   148456682	           0	   148456682	   127537464	    20919218	           0
  Fraction of total	      1.0000	      0.0000	      1.0000	      0.8591	      0.1409	      0.0000
 Demand Misses		    27355737	           0	    27355737	    24788755	     2566982	           0
  Demand miss rate	      0.1843	      0.0000	      0.1843	      0.1944	      0.1227	      0.0000

Tamanho da cache|4K|Tamanho do bloco|16|Associatividade|2|
l1-icache
 Metrics		      Total	      Instrn	       Data	       Read	      Write	       Misc
 -----------------	      ------	      ------	      ------	      ------	      ------	      ------
 Demand Fetches		   399999954	   399999954	           0	           0	           0	           0
  Fraction of total	      1.0000	      1.0000	      0.0000	      0.0000	      0.0000	      0.0000
 Demand Misses		    76758282	    76758282	           0	           0	           0	           0
  Demand miss rate	      0.1919	      0.1919	      0.0000	      0.0000	      0.0000	      0.0000
l1-dcache
 Metrics		      Total	      Instrn	       Data	       Read	      Write	       Misc
 -----------------	      ------	      ------	      ------	      ------	      ------	      ------
 Demand Fetches		   148456682	           0	   148456682	   127537464	    20919218	           0
  Fraction of total	      1.0000	      0.0000	      1.0000	      0.8591	      0.1409	      0.0000
 Demand Misses		    19234384	           0	    19234384	    17845751	     1388633	           0
  Demand miss rate	      0.1296	      0.0000	      0.1296	      0.1399	      0.0664	      0.0000

Tamanho da cache|4K|Tamanho do bloco|16|Associatividade|4|
l1-icache
 Metrics		      Total	      Instrn	       Data	       Read	      Write	       Misc
 -----------------	      ------	      ------	      ------	      ------	      ------	      ------
 Demand Fetches		   399999954	   399999954	           0	           0	           0	           0
  Fraction of total	      1.0000	      1.0000	      0.0000	      0.0000	      0.0000	      0.0000
 Demand Misses		    79796597	    79796597	           0	           0	           0	           0
  Demand miss rate	      0.1995	      0.1995	      0.0000	      0.0000	      0.0000	      0.0000
l1-dcache
 Metrics		      Total	      Instrn	       Data	       Read	      Write	       Misc
 -----------------	      ------	      ------	      ------	      ------	      ------	      ------
 Demand Fetches		   148456682	           0	   148456682	   127537464	    20919218	           0
  Fraction of total	      1.0000	      0.0000	      1.0000	      0.8591	      0.1409	      0.0000
 Demand Misses		    16248887	           0	    16248887	    15130323	     1118564	           0
  Demand miss rate	      0.1095	      0.0000	      0.1095	      0.1186	      0.0535	      0.0000

Tamanho da cache|4K|Tamanho do bloco|16|Associatividade|8|
l1-icache
 Metrics		      Total	      Instrn	       Data	       Read	      Write	       Misc
 -----------------	      ------	      ------	      ------	      ------	      ------	      ------
 Demand Fetches		   399999954	   399999954	           0	           0	           0	           0
  Fraction of total	      1.0000	      1.0000	      0.0000	      0.0000	      0.0000	      0.0000
 Demand Misses		    81097677	    81097677	           0	           0	           0	           0
  Demand miss rate	      0.2027	      0.2027	      0.0000	      0.0000	      0.0000	      0.0000
l1-dcache
 Metrics		      Total	      Instrn	       Data	       Read	      Write	       Misc
 -----------------	      ------	      ------	      ------	      ------	      ------	      ------
 Demand Fetches		   148456682	           0	   148456682	   127537464	    20919218	           0
  Fraction of total	      1.0000	      0.0000	      1.0000	      0.8591	      0.1409	      0.0000
 Demand Misses		    14850804	           0	    14850804	    13916239	      934565	           0
  Demand miss rate	      0.1000	      0.0000	      0.1000	      0.1091	      0.0447	      0.0000

Tamanho da cache|4K|Tamanho do bloco|16|Associatividade|16|
l1-icache
 Metrics		      Total	      Instrn	       Data	       Read	      Write	       Misc
 -----------------	      ------	      ------	      ------	      ------	      ------	      ------
 Demand Fetches		   399999954	   399999954	           0	           0	           0	           0
  Fraction of total	      1.0000	      1.0000	      0.0000	      0.0000	      0.0000	      0.0000
 Demand Misses		    82645176	    82645176	           0	           0	           0	           0
  Demand miss rate	      0.2066	      0.2066	      0.0000	      0.0000	      0.0000	      0.0000
l1-dcache
 Metrics		      Total	      Instrn	       Data	       Read	      Write	       Misc
 -----------------	      ------	      ------	      ------	      ------	      ------	      ------
 Demand Fetches		   148456682	           0	   148456682	   127537464	    20919218	           0
  Fraction of total	      1.0000	      0.0000	      1.0000	      0.8591	      0.1409	      0.0000
 Demand Misses		    12244294	           0	    12244294	    11505081	      739213	           0
  Demand miss rate	      0.0825	      0.0000	      0.0825	      0.0902	      0.0353	      0.0000

Tamanho da cache|4K|Tamanho do bloco|32|Associatividade|1|
l1-icache
 Metrics		      Total	      Instrn	       Data	       Read	      Write	       Misc
 -----------------	      ------	      ------	      ------	      ------	      ------	      ------
 Demand Fetches		   399999954	   399999954	           0	           0	           0	           0
  Fraction of total	      1.0000	      1.0000	      0.0000	      0.0000	      0.0000	      0.0000
 Demand Misses		    46291421	    46291421	           0	           0	           0	           0
  Demand miss rate	      0.1157	      0.1157	      0.0000	      0.0000	      0.0000	      0.0000
l1-dcache
 Metrics		      Total	      Instrn	       Data	       Read	      Write	       Misc
 -----------------	      ------	      ------	      ------	      ------	      ------	      ------
 Demand Fetches		   148155548	           0	   148155548	   127332716	    20822832	           0
  Fraction of total	      1.0000	      0.0000	      1.0000	      0.8595	      0.1405	      0.0000
 Demand Misses		    30222296	           0	    30222296	    27681420	     2540876	           0
  Demand miss rate	      0.2040	      0.0000	      0.2040	      0.2174	      0.1220	      0.0000

Tamanho da cache|4K|Tamanho do bloco|32|Associatividade|2|
l1-icache
 Metrics		      Total	      Instrn	       Data	       Read	      Write	       Misc
 -----------------	      ------	      ------	      ------	      ------	      ------	      ------
 Demand Fetches		   399999954	   399999954	           0	           0	           0	           0
  Fraction of total	      1.0000	      1.0000	      0.0000	      0.0000	      0.0000	      0.0000
 Demand Misses		    46612922	    46612922	           0	           0	           0	           0
  Demand miss rate	      0.1165	      0.1165	      0.0000	      0.0000	      0.0000	      0.0000
l1-dcache
 Metrics		      Total	      Instrn	       Data	       Read	      Write	       Misc
 -----------------	      ------	      ------	      ------	      ------	      ------	      ------
 Demand Fetches		   148155548	           0	   148155548	   127332716	    20822832	           0
  Fraction of total	      1.0000	      0.0000	      1.0000	      0.8595	      0.1405	      0.0000
 Demand Misses		    24289750	           0	    24289750	    22816663	     1473087	           0
  Demand miss rate	      0.1639	      0.0000	      0.1639	      0.1792	      0.0707	      0.0000

Tamanho da cache|4K|Tamanho do bloco|32|Associatividade|4|
l1-icache
 Metrics		      Total	      Instrn	       Data	       Read	      Write	       Misc
 -----------------	      ------	      ------	      ------	      ------	      ------	      ------
 Demand Fetches		   399999954	   399999954	           0	           0	           0	           0
  Fraction of total	      1.0000	      1.0000	      0.0000	      0.0000	      0.0000	      0.0000
 Demand Misses		    48235162	    48235162	           0	           0	           0	           0
  Demand miss rate	      0.1206	      0.1206	      0.0000	      0.0000	      0.0000	      0.0000
l1-dcache
 Metrics		      Total	      Instrn	       Data	       Read	      Write	       Misc
 -----------------	      ------	      ------	      ------	      ------	      ------	      ------
 Demand Fetches		   148155548	           0	   148155548	   127332716	    20822832	           0
  Fraction of total	      1.0000	      0.0000	      1.0000	      0.8595	      0.1405	      0.0000
 Demand Misses		    22453004	           0	    22453004	    21086408	     1366596	           0
  Demand miss rate	      0.1516	      0.0000	      0.1516	      0.1656	      0.0656	      0.0000

Tamanho da cache|4K|Tamanho do bloco|32|Associatividade|8|
l1-icache
 Metrics		      Total	      Instrn	       Data	       Read	      Write	       Misc
 -----------------	      ------	      ------	      ------	      ------	      ------	      ------
 Demand Fetches		   399999954	   399999954	           0	           0	           0	           0
  Fraction of total	      1.0000	      1.0000	      0.0000	      0.0000	      0.0000	      0.0000
 Demand Misses		    48831560	    48831560	           0	           0	           0	           0
  Demand miss rate	      0.1221	      0.1221	      0.0000	      0.0000	      0.0000	      0.0000
l1-dcache
 Metrics		      Total	      Instrn	       Data	       Read	      Write	       Misc
 -----------------	      ------	      ------	      ------	      ------	      ------	      ------
 Demand Fetches		   148155548	           0	   148155548	   127332716	    20822832	           0
  Fraction of total	      1.0000	      0.0000	      1.0000	      0.8595	      0.1405	      0.0000
 Demand Misses		    21965351	           0	    21965351	    20701417	     1263934	           0
  Demand miss rate	      0.1483	      0.0000	      0.1483	      0.1626	      0.0607	      0.0000

Tamanho da cache|4K|Tamanho do bloco|32|Associatividade|16|
l1-icache
 Metrics		      Total	      Instrn	       Data	       Read	      Write	       Misc
 -----------------	      ------	      ------	      ------	      ------	      ------	      ------
 Demand Fetches		   399999954	   399999954	           0	           0	           0	           0
  Fraction of total	      1.0000	      1.0000	      0.0000	      0.0000	      0.0000	      0.0000
 Demand Misses		    49933687	    49933687	           0	           0	           0	           0
  Demand miss rate	      0.1248	      0.1248	      0.0000	      0.0000	      0.0000	      0.0000
l1-dcache
 Metrics		      Total	      Instrn	       Data	       Read	      Write	       Misc
 -----------------	      ------	      ------	      ------	      ------	      ------	      ------
 Demand Fetches		   148155548	           0	   148155548	   127332716	    20822832	           0
  Fraction of total	      1.0000	      0.0000	      1.0000	      0.8595	      0.1405	      0.0000
 Demand Misses		    21591990	           0	    21591990	    20464214	     1127776	           0
  Demand miss rate	      0.1457	      0.0000	      0.1457	      0.1607	      0.0542	      0.0000

Tamanho da cache|4K|Tamanho do bloco|64|Associatividade|1|
l1-icache
 Metrics		      Total	      Instrn	       Data	       Read	      Write	       Misc
 -----------------	      ------	      ------	      ------	      ------	      ------	      ------
 Demand Fetches		   399999954	   399999954	           0	           0	           0	           0
  Fraction of total	      1.0000	      1.0000	      0.0000	      0.0000	      0.0000	      0.0000
 Demand Misses		    28455762	    28455762	           0	           0	           0	           0
  Demand miss rate	      0.0711	      0.0711	      0.0000	      0.0000	      0.0000	      0.0000
l1-dcache
 Metrics		      Total	      Instrn	       Data	       Read	      Write	       Misc
 -----------------	      ------	      ------	      ------	      ------	      ------	      ------
 Demand Fetches		   146608840	           0	   146608840	   125817781	    20791059	           0
  Fraction of total	      1.0000	      0.0000	      1.0000	      0.8582	      0.1418	      0.0000
 Demand Misses		    34266458	           0	    34266458	    31585226	     2681232	           0
  Demand miss rate	      0.2337	      0.0000	      0.2337	      0.2510	      0.1290	      0.0000

Tamanho da cache|4K|Tamanho do bloco|64|Associatividade|2|
l1-icache
 Metrics		      Total	      Instrn	       Data	       Read	      Write	       Misc
 -----------------	      ------	      ------	      ------	      ------	      ------	      ------
 Demand Fetches		   399999954	   399999954	           0	           0	           0	           0
  Fraction of total	      1.0000	      1.0000	      0.0000	      0.0000	      0.0000	      0.0000
 Demand Misses		    28291093	    28291093	           0	           0	           0	           0
  Demand miss rate	      0.0707	      0.0707	      0.0000	      0.0000	      0.0000	      0.0000
l1-dcache
 Metrics		      Total	      Instrn	       Data	       Read	      Write	       Misc
 -----------------	      ------	      ------	      ------	      ------	      ------	      ------
 Demand Fetches		   146608840	           0	   146608840	   125817781	    20791059	           0
  Fraction of total	      1.0000	      0.0000	      1.0000	      0.8582	      0.1418	      0.0000
 Demand Misses		    27978134	           0	    27978134	    26161742	     1816392	           0
  Demand miss rate	      0.1908	      0.0000	      0.1908	      0.2079	      0.0874	      0.0000

Tamanho da cache|4K|Tamanho do bloco|64|Associatividade|4|
l1-icache
 Metrics		      Total	      Instrn	       Data	       Read	      Write	       Misc
 -----------------	      ------	      ------	      ------	      ------	      ------	      ------
 Demand Fetches		   399999954	   399999954	           0	           0	           0	           0
  Fraction of total	      1.0000	      1.0000	      0.0000	      0.0000	      0.0000	      0.0000
 Demand Misses		    29281040	    29281040	           0	           0	           0	           0
  Demand miss rate	      0.0732	      0.0732	      0.0000	      0.0000	      0.0000	      0.0000
l1-dcache
 Metrics		      Total	      Instrn	       Data	       Read	      Write	       Misc
 -----------------	      ------	      ------	      ------	      ------	      ------	      ------
 Demand Fetches		   146608840	           0	   146608840	   125817781	    20791059	           0
  Fraction of total	      1.0000	      0.0000	      1.0000	      0.8582	      0.1418	      0.0000
 Demand Misses		    26798327	           0	    26798327	    25148162	     1650165	           0
  Demand miss rate	      0.1828	      0.0000	      0.1828	      0.1999	      0.0794	      0.0000

Tamanho da cache|4K|Tamanho do bloco|64|Associatividade|8|
l1-icache
 Metrics		      Total	      Instrn	       Data	       Read	      Write	       Misc
 -----------------	      ------	      ------	      ------	      ------	      ------	      ------
 Demand Fetches		   399999954	   399999954	           0	           0	           0	           0
  Fraction of total	      1.0000	      1.0000	      0.0000	      0.0000	      0.0000	      0.0000
 Demand Misses		    29441209	    29441209	           0	           0	           0	           0
  Demand miss rate	      0.0736	      0.0736	      0.0000	      0.0000	      0.0000	      0.0000
l1-dcache
 Metrics		      Total	      Instrn	       Data	       Read	      Write	       Misc
 -----------------	      ------	      ------	      ------	      ------	      ------	      ------
 Demand Fetches		   146608840	           0	   146608840	   125817781	    20791059	           0
  Fraction of total	      1.0000	      0.0000	      1.0000	      0.8582	      0.1418	      0.0000
 Demand Misses		    26177288	           0	    26177288	    24600395	     1576893	           0
  Demand miss rate	      0.1786	      0.0000	      0.1786	      0.1955	      0.0758	      0.0000

Tamanho da cache|4K|Tamanho do bloco|64|Associatividade|16|
l1-icache
 Metrics		      Total	      Instrn	       Data	       Read	      Write	       Misc
 -----------------	      ------	      ------	      ------	      ------	      ------	      ------
 Demand Fetches		   399999954	   399999954	           0	           0	           0	           0
  Fraction of total	      1.0000	      1.0000	      0.0000	      0.0000	      0.0000	      0.0000
 Demand Misses		    29436176	    29436176	           0	           0	           0	           0
  Demand miss rate	      0.0736	      0.0736	      0.0000	      0.0000	      0.0000	      0.0000
l1-dcache
 Metrics		      Total	      Instrn	       Data	       Read	      Write	       Misc
 -----------------	      ------	      ------	      ------	      ------	      ------	      ------
 Demand Fetches		   146608840	           0	   146608840	   125817781	    20791059	           0
  Fraction of total	      1.0000	      0.0000	      1.0000	      0.8582	      0.1418	      0.0000
 Demand Misses		    26150815	           0	    26150815	    24576391	     1574424	           0
  Demand miss rate	      0.1784	      0.0000	      0.1784	      0.1953	      0.0757	      0.0000

Tamanho da cache|4K|Tamanho do bloco|128|Associatividade|1|
l1-icache
 Metrics		      Total	      Instrn	       Data	       Read	      Write	       Misc
 -----------------	      ------	      ------	      ------	      ------	      ------	      ------
 Demand Fetches		   399999954	   399999954	           0	           0	           0	           0
  Fraction of total	      1.0000	      1.0000	      0.0000	      0.0000	      0.0000	      0.0000
 Demand Misses		    18671867	    18671867	           0	           0	           0	           0
  Demand miss rate	      0.0467	      0.0467	      0.0000	      0.0000	      0.0000	      0.0000
l1-dcache
 Metrics		      Total	      Instrn	       Data	       Read	      Write	       Misc
 -----------------	      ------	      ------	      ------	      ------	      ------	      ------
 Demand Fetches		   146394980	           0	   146394980	   125664412	    20730568	           0
  Fraction of total	      1.0000	      0.0000	      1.0000	      0.8584	      0.1416	      0.0000
 Demand Misses		    36654830	           0	    36654830	    33784413	     2870417	           0
  Demand miss rate	      0.2504	      0.0000	      0.2504	      0.2688	      0.1385	      0.0000

Tamanho da cache|4K|Tamanho do bloco|128|Associatividade|2|
l1-icache
 Metrics		      Total	      Instrn	       Data	       Read	      Write	       Misc
 -----------------	      ------	      ------	      ------	      ------	      ------	      ------
 Demand Fetches		   399999954	   399999954	           0	           0	           0	           0
  Fraction of total	      1.0000	      1.0000	      0.0000	      0.0000	      0.0000	      0.0000
 Demand Misses		    18000875	    18000875	           0	           0	           0	           0
  Demand miss rate	      0.0450	      0.0450	      0.0000	      0.0000	      0.0000	      0.0000
l1-dcache
 Metrics		      Total	      Instrn	       Data	       Read	      Write	       Misc
 -----------------	      ------	      ------	      ------	      ------	      ------	      ------
 Demand Fetches		   146394980	           0	   146394980	   125664412	    20730568	           0
  Fraction of total	      1.0000	      0.0000	      1.0000	      0.8584	      0.1416	      0.0000
 Demand Misses		    30192975	           0	    30192975	    28053652	     2139323	           0
  Demand miss rate	      0.2062	      0.0000	      0.2062	      0.2232	      0.1032	      0.0000

Tamanho da cache|4K|Tamanho do bloco|128|Associatividade|4|
l1-icache
 Metrics		      Total	      Instrn	       Data	       Read	      Write	       Misc
 -----------------	      ------	      ------	      ------	      ------	      ------	      ------
 Demand Fetches		   399999954	   399999954	           0	           0	           0	           0
  Fraction of total	      1.0000	      1.0000	      0.0000	      0.0000	      0.0000	      0.0000
 Demand Misses		    18483385	    18483385	           0	           0	           0	           0
  Demand miss rate	      0.0462	      0.0462	      0.0000	      0.0000	      0.0000	      0.0000
l1-dcache
 Metrics		      Total	      Instrn	       Data	       Read	      Write	       Misc
 -----------------	      ------	      ------	      ------	      ------	      ------	      ------
 Demand Fetches		   146394980	           0	   146394980	   125664412	    20730568	           0
  Fraction of total	      1.0000	      0.0000	      1.0000	      0.8584	      0.1416	      0.0000
 Demand Misses		    28866603	           0	    28866603	    26865759	     2000844	           0
  Demand miss rate	      0.1972	      0.0000	      0.1972	      0.2138	      0.0965	      0.0000

Tamanho da cache|4K|Tamanho do bloco|128|Associatividade|8|
l1-icache
 Metrics		      Total	      Instrn	       Data	       Read	      Write	       Misc
 -----------------	      ------	      ------	      ------	      ------	      ------	      ------
 Demand Fetches		   399999954	   399999954	           0	           0	           0	           0
  Fraction of total	      1.0000	      1.0000	      0.0000	      0.0000	      0.0000	      0.0000
 Demand Misses		    18266594	    18266594	           0	           0	           0	           0
  Demand miss rate	      0.0457	      0.0457	      0.0000	      0.0000	      0.0000	      0.0000
l1-dcache
 Metrics		      Total	      Instrn	       Data	       Read	      Write	       Misc
 -----------------	      ------	      ------	      ------	      ------	      ------	      ------
 Demand Fetches		   146394980	           0	   146394980	   125664412	    20730568	           0
  Fraction of total	      1.0000	      0.0000	      1.0000	      0.8584	      0.1416	      0.0000
 Demand Misses		    27169727	           0	    27169727	    25434965	     1734762	           0
  Demand miss rate	      0.1856	      0.0000	      0.1856	      0.2024	      0.0837	      0.0000

Tamanho da cache|4K|Tamanho do bloco|128|Associatividade|16|
l1-icache
 Metrics		      Total	      Instrn	       Data	       Read	      Write	       Misc
 -----------------	      ------	      ------	      ------	      ------	      ------	      ------
 Demand Fetches		   399999954	   399999954	           0	           0	           0	           0
  Fraction of total	      1.0000	      1.0000	      0.0000	      0.0000	      0.0000	      0.0000
 Demand Misses		    18220498	    18220498	           0	           0	           0	           0
  Demand miss rate	      0.0456	      0.0456	      0.0000	      0.0000	      0.0000	      0.0000
l1-dcache
 Metrics		      Total	      Instrn	       Data	       Read	      Write	       Misc
 -----------------	      ------	      ------	      ------	      ------	      ------	      ------
 Demand Fetches		   146394980	           0	   146394980	   125664412	    20730568	           0
  Fraction of total	      1.0000	      0.0000	      1.0000	      0.8584	      0.1416	      0.0000
 Demand Misses		    26537440	           0	    26537440	    24867327	     1670113	           0
  Demand miss rate	      0.1813	      0.0000	      0.1813	      0.1979	      0.0806	      0.0000

Tamanho da cache|8K|Tamanho do bloco|8|Associatividade|1|
l1-icache
 Metrics		      Total	      Instrn	       Data	       Read	      Write	       Misc
 -----------------	      ------	      ------	      ------	      ------	      ------	      ------
 Demand Fetches		   399999954	   399999954	           0	           0	           0	           0
  Fraction of total	      1.0000	      1.0000	      0.0000	      0.0000	      0.0000	      0.0000
 Demand Misses		    84450932	    84450932	           0	           0	           0	           0
  Demand miss rate	      0.2111	      0.2111	      0.0000	      0.0000	      0.0000	      0.0000
l1-dcache
 Metrics		      Total	      Instrn	       Data	       Read	      Write	       Misc
 -----------------	      ------	      ------	      ------	      ------	      ------	      ------
 Demand Fetches		   150325024	           0	   150325024	   129021364	    21303660	           0
  Fraction of total	      1.0000	      0.0000	      1.0000	      0.8583	      0.1417	      0.0000
 Demand Misses		    15101750	           0	    15101750	    12635545	     2466205	           0
  Demand miss rate	      0.1005	      0.0000	      0.1005	      0.0979	      0.1158	      0.0000

Tamanho da cache|8K|Tamanho do bloco|8|Associatividade|2|
l1-icache
 Metrics		      Total	      Instrn	       Data	       Read	      Write	       Misc
 -----------------	      ------	      ------	      ------	      ------	      ------	      ------
 Demand Fetches		   399999954	   399999954	           0	           0	           0	           0
  Fraction of total	      1.0000	      1.0000	      0.0000	      0.0000	      0.0000	      0.0000
 Demand Misses		    81278981	    81278981	           0	           0	           0	           0
  Demand miss rate	      0.2032	      0.2032	      0.0000	      0.0000	      0.0000	      0.0000
l1-dcache
 Metrics		      Total	      Instrn	       Data	       Read	      Write	       Misc
 -----------------	      ------	      ------	      ------	      ------	      ------	      ------
 Demand Fetches		   150325024	           0	   150325024	   129021364	    21303660	           0
  Fraction of total	      1.0000	      0.0000	      1.0000	      0.8583	      0.1417	      0.0000
 Demand Misses		     7162424	           0	     7162424	     6445342	      717082	           0
  Demand miss rate	      0.0476	      0.0000	      0.0476	      0.0500	      0.0337	      0.0000

Tamanho da cache|8K|Tamanho do bloco|8|Associatividade|4|
l1-icache
 Metrics		      Total	      Instrn	       Data	       Read	      Write	       Misc
 -----------------	      ------	      ------	      ------	      ------	      ------	      ------
 Demand Fetches		   399999954	   399999954	           0	           0	           0	           0
  Fraction of total	      1.0000	      1.0000	      0.0000	      0.0000	      0.0000	      0.0000
 Demand Misses		    71907406	    71907406	           0	           0	           0	           0
  Demand miss rate	      0.1798	      0.1798	      0.0000	      0.0000	      0.0000	      0.0000
l1-dcache
 Metrics		      Total	      Instrn	       Data	       Read	      Write	       Misc
 -----------------	      ------	      ------	      ------	      ------	      ------	      ------
 Demand Fetches		   150325024	           0	   150325024	   129021364	    21303660	           0
  Fraction of total	      1.0000	      0.0000	      1.0000	      0.8583	      0.1417	      0.0000
 Demand Misses		     4429243	           0	     4429243	     4123582	      305661	           0
  Demand miss rate	      0.0295	      0.0000	      0.0295	      0.0320	      0.0143	      0.0000

Tamanho da cache|8K|Tamanho do bloco|8|Associatividade|8|
l1-icache
 Metrics		      Total	      Instrn	       Data	       Read	      Write	       Misc
 -----------------	      ------	      ------	      ------	      ------	      ------	      ------
 Demand Fetches		   399999954	   399999954	           0	           0	           0	           0
  Fraction of total	      1.0000	      1.0000	      0.0000	      0.0000	      0.0000	      0.0000
 Demand Misses		    69883794	    69883794	           0	           0	           0	           0
  Demand miss rate	      0.1747	      0.1747	      0.0000	      0.0000	      0.0000	      0.0000
l1-dcache
 Metrics		      Total	      Instrn	       Data	       Read	      Write	       Misc
 -----------------	      ------	      ------	      ------	      ------	      ------	      ------
 Demand Fetches		   150325024	           0	   150325024	   129021364	    21303660	           0
  Fraction of total	      1.0000	      0.0000	      1.0000	      0.8583	      0.1417	      0.0000
 Demand Misses		     3325498	           0	     3325498	     3073997	      251501	           0
  Demand miss rate	      0.0221	      0.0000	      0.0221	      0.0238	      0.0118	      0.0000

Tamanho da cache|8K|Tamanho do bloco|8|Associatividade|16|
l1-icache
 Metrics		      Total	      Instrn	       Data	       Read	      Write	       Misc
 -----------------	      ------	      ------	      ------	      ------	      ------	      ------
 Demand Fetches		   399999954	   399999954	           0	           0	           0	           0
  Fraction of total	      1.0000	      1.0000	      0.0000	      0.0000	      0.0000	      0.0000
 Demand Misses		    66724668	    66724668	           0	           0	           0	           0
  Demand miss rate	      0.1668	      0.1668	      0.0000	      0.0000	      0.0000	      0.0000
l1-dcache
 Metrics		      Total	      Instrn	       Data	       Read	      Write	       Misc
 -----------------	      ------	      ------	      ------	      ------	      ------	      ------
 Demand Fetches		   150325024	           0	   150325024	   129021364	    21303660	           0
  Fraction of total	      1.0000	      0.0000	      1.0000	      0.8583	      0.1417	      0.0000
 Demand Misses		     2937632	           0	     2937632	     2706568	      231064	           0
  Demand miss rate	      0.0195	      0.0000	      0.0195	      0.0210	      0.0108	      0.0000

Tamanho da cache|8K|Tamanho do bloco|16|Associatividade|1|
l1-icache
 Metrics		      Total	      Instrn	       Data	       Read	      Write	       Misc
 -----------------	      ------	      ------	      ------	      ------	      ------	      ------
 Demand Fetches		   399999954	   399999954	           0	           0	           0	           0
  Fraction of total	      1.0000	      1.0000	      0.0000	      0.0000	      0.0000	      0.0000
 Demand Misses		    48160660	    48160660	           0	           0	           0	           0
  Demand miss rate	      0.1204	      0.1204	      0.0000	      0.0000	      0.0000	      0.0000
l1-dcache
 Metrics		      Total	      Instrn	       Data	       Read	      Write	       Misc
 -----------------	      ------	      ------	      ------	      ------	      ------	      ------
 Demand Fetches		   148456682	           0	   148456682	   127537464	    20919218	           0
  Fraction of total	      1.0000	      0.0000	      1.0000	      0.8591	      0.1409	      0.0000
 Demand Misses		    15770542	           0	    15770542	    13913345	     1857197	           0
  Demand miss rate	      0.1062	      0.0000	      0.1062	      0.1091	      0.0888	      0.0000

Tamanho da cache|8K|Tamanho do bloco|16|Associatividade|2|
l1-icache
 Metrics		      Total	      Instrn	       Data	       Read	      Write	       Misc
 -----------------	      ------	      ------	      ------	      ------	      ------	      ------
 Demand Fetches		   399999954	   399999954	           0	           0	           0	           0
  Fraction of total	      1.0000	      1.0000	      0.0000	      0.0000	      0.0000	      0.0000
 Demand Misses		    47379461	    47379461	           0	           0	           0	           0
  Demand miss rate	      0.1184	      0.1184	      0.0000	      0.0000	      0.0000	      0.0000
l1-dcache
 Metrics		      Total	      Instrn	       Data	       Read	      Write	       Misc
 -----------------	      ------	      ------	      ------	      ------	      ------	      ------
 Demand Fetches		   148456682	           0	   148456682	   127537464	    20919218	           0
  Fraction of total	      1.0000	      0.0000	      1.0000	      0.8591	      0.1409	      0.0000
 Demand Misses		     9735128	           0	     9735128	     9053858	      681270	           0
  Demand miss rate	      0.0656	      0.0000	      0.0656	      0.0710	      0.0326	      0.0000

Tamanho da cache|8K|Tamanho do bloco|16|Associatividade|4|
l1-icache
 Metrics		      Total	      Instrn	       Data	       Read	      Write	       Misc
 -----------------	      ------	      ------	      ------	      ------	      ------	      ------
 Demand Fetches		   399999954	   399999954	           0	           0	           0	           0
  Fraction of total	      1.0000	      1.0000	      0.0000	      0.0000	      0.0000	      0.0000
 Demand Misses		    42664911	    42664911	           0	           0	           0	           0
  Demand miss rate	      0.1067	      0.1067	      0.0000	      0.0000	      0.0000	      0.0000
l1-dcache
 Metrics		      Total	      Instrn	       Data	       Read	      Write	       Misc
 -----------------	      ------	      ------	      ------	      ------	      ------	      ------
 Demand Fetches		   148456682	           0	   148456682	   127537464	    20919218	           0
  Fraction of total	      1.0000	      0.0000	      1.0000	      0.8591	      0.1409	      0.0000
 Demand Misses		     6287244	           0	     6287244	     5987538	      299706	           0
  Demand miss rate	      0.0424	      0.0000	      0.0424	      0.0469	      0.0143	      0.0000

Tamanho da cache|8K|Tamanho do bloco|16|Associatividade|8|
l1-icache
 Metrics		      Total	      Instrn	       Data	       Read	      Write	       Misc
 -----------------	      ------	      ------	      ------	      ------	      ------	      ------
 Demand Fetches		   399999954	   399999954	           0	           0	           0	           0
  Fraction of total	      1.0000	      1.0000	      0.0000	      0.0000	      0.0000	      0.0000
 Demand Misses		    42196920	    42196920	           0	           0	           0	           0
  Demand miss rate	      0.1055	      0.1055	      0.0000	      0.0000	      0.0000	      0.0000
l1-dcache
 Metrics		      Total	      Instrn	       Data	       Read	      Write	       Misc
 -----------------	      ------	      ------	      ------	      ------	      ------	      ------
 Demand Fetches		   148456682	           0	   148456682	   127537464	    20919218	           0
  Fraction of total	      1.0000	      0.0000	      1.0000	      0.8591	      0.1409	      0.0000
 Demand Misses		     4902453	           0	     4902453	     4665888	      236565	           0
  Demand miss rate	      0.0330	      0.0000	      0.0330	      0.0366	      0.0113	      0.0000

Tamanho da cache|8K|Tamanho do bloco|16|Associatividade|16|
l1-icache
 Metrics		      Total	      Instrn	       Data	       Read	      Write	       Misc
 -----------------	      ------	      ------	      ------	      ------	      ------	      ------
 Demand Fetches		   399999954	   399999954	           0	           0	           0	           0
  Fraction of total	      1.0000	      1.0000	      0.0000	      0.0000	      0.0000	      0.0000
 Demand Misses		    42358617	    42358617	           0	           0	           0	           0
  Demand miss rate	      0.1059	      0.1059	      0.0000	      0.0000	      0.0000	      0.0000
l1-dcache
 Metrics		      Total	      Instrn	       Data	       Read	      Write	       Misc
 -----------------	      ------	      ------	      ------	      ------	      ------	      ------
 Demand Fetches		   148456682	           0	   148456682	   127537464	    20919218	           0
  Fraction of total	      1.0000	      0.0000	      1.0000	      0.8591	      0.1409	      0.0000
 Demand Misses		     4020357	           0	     4020357	     3813850	      206507	           0
  Demand miss rate	      0.0271	      0.0000	      0.0271	      0.0299	      0.0099	      0.0000

Tamanho da cache|8K|Tamanho do bloco|32|Associatividade|1|
l1-icache
 Metrics		      Total	      Instrn	       Data	       Read	      Write	       Misc
 -----------------	      ------	      ------	      ------	      ------	      ------	      ------
 Demand Fetches		   399999954	   399999954	           0	           0	           0	           0
  Fraction of total	      1.0000	      1.0000	      0.0000	      0.0000	      0.0000	      0.0000
 Demand Misses		    31237415	    31237415	           0	           0	           0	           0
  Demand miss rate	      0.0781	      0.0781	      0.0000	      0.0000	      0.0000	      0.0000
l1-dcache
 Metrics		      Total	      Instrn	       Data	       Read	      Write	       Misc
 -----------------	      ------	      ------	      ------	      ------	      ------	      ------
 Demand Fetches		   148155548	           0	   148155548	   127332716	    20822832	           0
  Fraction of total	      1.0000	      0.0000	      1.0000	      0.8595	      0.1405	      0.0000
 Demand Misses		    19157879	           0	    19157879	    17308641	     1849238	           0
  Demand miss rate	      0.1293	      0.0000	      0.1293	      0.1359	      0.0888	      0.0000

Tamanho da cache|8K|Tamanho do bloco|32|Associatividade|2|
l1-icache
 Metrics		      Total	      Instrn	       Data	       Read	      Write	       Misc
 -----------------	      ------	      ------	      ------	      ------	      ------	      ------
 Demand Fetches		   399999954	   399999954	           0	           0	           0	           0
  Fraction of total	      1.0000	      1.0000	      0.0000	      0.0000	      0.0000	      0.0000
 Demand Misses		    31090913	    31090913	           0	           0	           0	           0
  Demand miss rate	      0.0777	      0.0777	      0.0000	      0.0000	      0.0000	      0.0000
l1-dcache
 Metrics		      Total	      Instrn	       Data	       Read	      Write	       Misc
 -----------------	      ------	      ------	      ------	      ------	      ------	      ------
 Demand Fetches		   148155548	           0	   148155548	   127332716	    20822832	           0
  Fraction of total	      1.0000	      0.0000	      1.0000	      0.8595	      0.1405	      0.0000
 Demand Misses		    13697699	           0	    13697699	    12931784	      765915	           0
  Demand miss rate	      0.0925	      0.0000	      0.0925	      0.1016	      0.0368	      0.0000

Tamanho da cache|8K|Tamanho do bloco|32|Associatividade|4|
l1-icache
 Metrics		      Total	      Instrn	       Data	       Read	      Write	       Misc
 -----------------	      ------	      ------	      ------	      ------	      ------	      ------
 Demand Fetches		   399999954	   399999954	           0	           0	           0	           0
  Fraction of total	      1.0000	      1.0000	      0.0000	      0.0000	      0.0000	      0.0000
 Demand Misses		    30218167	    30218167	           0	           0	           0	           0
  Demand miss rate	      0.0755	      0.0755	      0.0000	      0.0000	      0.0000	      0.0000
l1-dcache
 Metrics		      Total	      Instrn	       Data	       Read	      Write	       Misc
 -----------------	      ------	      ------	      ------	      ------	      ------	      ------
 Demand Fetches		   148155548	           0	   148155548	   127332716	    20822832	           0
  Fraction of total	      1.0000	      0.0000	      1.0000	      0.8595	      0.1405	      0.0000
 Demand Misses		    10366981	           0	    10366981	     9958418	      408563	           0
  Demand miss rate	      0.0700	      0.0000	      0.0700	      0.0782	      0.0196	      0.0000

Tamanho da cache|8K|Tamanho do bloco|32|Associatividade|8|
l1-icache
 Metrics		      Total	      Instrn	       Data	       Read	      Write	       Misc
 -----------------	      ------	      ------	      ------	      ------	      ------	      ------
 Demand Fetches		   399999954	   399999954	           0	           0	           0	           0
  Fraction of total	      1.0000	      1.0000	      0.0000	      0.0000	      0.0000	      0.0000
 Demand Misses		    30505794	    30505794	           0	           0	           0	           0
  Demand miss rate	      0.0763	      0.0763	      0.0000	      0.0000	      0.0000	      0.0000
l1-dcache
 Metrics		      Total	      Instrn	       Data	       Read	      Write	       Misc
 -----------------	      ------	      ------	      ------	      ------	      ------	      ------
 Demand Fetches		   148155548	           0	   148155548	   127332716	    20822832	           0
  Fraction of total	      1.0000	      0.0000	      1.0000	      0.8595	      0.1405	      0.0000
 Demand Misses		     8910283	           0	     8910283	     8567176	      343107	           0
  Demand miss rate	      0.0601	      0.0000	      0.0601	      0.0673	      0.0165	      0.0000

Tamanho da cache|8K|Tamanho do bloco|32|Associatividade|16|
l1-icache
 Metrics		      Total	      Instrn	       Data	       Read	      Write	       Misc
 -----------------	      ------	      ------	      ------	      ------	      ------	      ------
 Demand Fetches		   399999954	   399999954	           0	           0	           0	           0
  Fraction of total	      1.0000	      1.0000	      0.0000	      0.0000	      0.0000	      0.0000
 Demand Misses		    32030942	    32030942	           0	           0	           0	           0
  Demand miss rate	      0.0801	      0.0801	      0.0000	      0.0000	      0.0000	      0.0000
l1-dcache
 Metrics		      Total	      Instrn	       Data	       Read	      Write	       Misc
 -----------------	      ------	      ------	      ------	      ------	      ------	      ------
 Demand Fetches		   148155548	           0	   148155548	   127332716	    20822832	           0
  Fraction of total	      1.0000	      0.0000	      1.0000	      0.8595	      0.1405	      0.0000
 Demand Misses		     7861230	           0	     7861230	     7506096	      355134	           0
  Demand miss rate	      0.0531	      0.0000	      0.0531	      0.0589	      0.0171	      0.0000

Tamanho da cache|8K|Tamanho do bloco|64|Associatividade|1|
l1-icache
 Metrics		      Total	      Instrn	       Data	       Read	      Write	       Misc
 -----------------	      ------	      ------	      ------	      ------	      ------	      ------
 Demand Fetches		   399999954	   399999954	           0	           0	           0	           0
  Fraction of total	      1.0000	      1.0000	      0.0000	      0.0000	      0.0000	      0.0000
 Demand Misses		    20434047	    20434047	           0	           0	           0	           0
  Demand miss rate	      0.0511	      0.0511	      0.0000	      0.0000	      0.0000	      0.0000
l1-dcache
 Metrics		      Total	      Instrn	       Data	       Read	      Write	       Misc
 -----------------	      ------	      ------	      ------	      ------	      ------	      ------
 Demand Fetches		   146608840	           0	   146608840	   125817781	    20791059	           0
  Fraction of total	      1.0000	      0.0000	      1.0000	      0.8582	      0.1418	      0.0000
 Demand Misses		    23245810	           0	    23245810	    21208904	     2036906	           0
  Demand miss rate	      0.1586	      0.0000	      0.1586	      0.1686	      0.0980	      0.0000

Tamanho da cache|8K|Tamanho do bloco|64|Associatividade|2|
l1-icache
 Metrics		      Total	      Instrn	       Data	       Read	      Write	       Misc
 -----------------	      ------	      ------	      ------	      ------	      ------	      ------
 Demand Fetches		   399999954	   399999954	           0	           0	           0	           0
  Fraction of total	      1.0000	      1.0000	      0.0000	      0.0000	      0.0000	      0.0000
 Demand Misses		    20566002	    20566002	           0	           0	           0	           0
  Demand miss rate	      0.0514	      0.0514	      0.0000	      0.0000	      0.0000	      0.0000
l1-dcache
 Metrics		      Total	      Instrn	       Data	       Read	      Write	       Misc
 -----------------	      ------	      ------	      ------	      ------	      ------	      ------
 Demand Fetches		   146608840	           0	   146608840	   125817781	    20791059	           0
  Fraction of total	      1.0000	      0.0000	      1.0000	      0.8582	      0.1418	      0.0000
 Demand Misses		    17694354	           0	    17694354	    16739863	      954491	           0
  Demand miss rate	      0.1207	      0.0000	      0.1207	      0.1330	      0.0459	      0.0000

Tamanho da cache|8K|Tamanho do bloco|64|Associatividade|4|
l1-icache
 Metrics		      Total	      Instrn	       Data	       Read	      Write	       Misc
 -----------------	      ------	      ------	      ------	      ------	      ------	      ------
 Demand Fetches		   399999954	   399999954	           0	           0	           0	           0
  Fraction of total	      1.0000	      1.0000	      0.0000	      0.0000	      0.0000	      0.0000
 Demand Misses		    20476629	    20476629	           0	           0	           0	           0
  Demand miss rate	      0.0512	      0.0512	      0.0000	      0.0000	      0.0000	      0.0000
l1-dcache
 Metrics		      Total	      Instrn	       Data	       Read	      Write	       Misc
 -----------------	      ------	      ------	      ------	      ------	      ------	      ------
 Demand Fetches		   146608840	           0	   146608840	   125817781	    20791059	           0
  Fraction of total	      1.0000	      0.0000	      1.0000	      0.8582	      0.1418	      0.0000
 Demand Misses		    15681156	           0	    15681156	    14999716	      681440	           0
  Demand miss rate	      0.1070	      0.0000	      0.1070	      0.1192	      0.0328	      0.0000

Tamanho da cache|8K|Tamanho do bloco|64|Associatividade|8|
l1-icache
 Metrics		      Total	      Instrn	       Data	       Read	      Write	       Misc
 -----------------	      ------	      ------	      ------	      ------	      ------	      ------
 Demand Fetches		   399999954	   399999954	           0	           0	           0	           0
  Fraction of total	      1.0000	      1.0000	      0.0000	      0.0000	      0.0000	      0.0000
 Demand Misses		    20579333	    20579333	           0	           0	           0	           0
  Demand miss rate	      0.0514	      0.0514	      0.0000	      0.0000	      0.0000	      0.0000
l1-dcache
 Metrics		      Total	      Instrn	       Data	       Read	      Write	       Misc
 -----------------	      ------	      ------	      ------	      ------	      ------	      ------
 Demand Fetches		   146608840	           0	   146608840	   125817781	    20791059	           0
  Fraction of total	      1.0000	      0.0000	      1.0000	      0.8582	      0.1418	      0.0000
 Demand Misses		    15201025	           0	    15201025	    14542744	      658281	           0
  Demand miss rate	      0.1037	      0.0000	      0.1037	      0.1156	      0.0317	      0.0000

Tamanho da cache|8K|Tamanho do bloco|64|Associatividade|16|
l1-icache
 Metrics		      Total	      Instrn	       Data	       Read	      Write	       Misc
 -----------------	      ------	      ------	      ------	      ------	      ------	      ------
 Demand Fetches		   399999954	   399999954	           0	           0	           0	           0
  Fraction of total	      1.0000	      1.0000	      0.0000	      0.0000	      0.0000	      0.0000
 Demand Misses		    21651116	    21651116	           0	           0	           0	           0
  Demand miss rate	      0.0541	      0.0541	      0.0000	      0.0000	      0.0000	      0.0000
l1-dcache
 Metrics		      Total	      Instrn	       Data	       Read	      Write	       Misc
 -----------------	      ------	      ------	      ------	      ------	      ------	      ------
 Demand Fetches		   146608840	           0	   146608840	   125817781	    20791059	           0
  Fraction of total	      1.0000	      0.0000	      1.0000	      0.8582	      0.1418	      0.0000
 Demand Misses		    15080547	           0	    15080547	    14401873	      678674	           0
  Demand miss rate	      0.1029	      0.0000	      0.1029	      0.1145	      0.0326	      0.0000

Tamanho da cache|8K|Tamanho do bloco|128|Associatividade|1|
l1-icache
 Metrics		      Total	      Instrn	       Data	       Read	      Write	       Misc
 -----------------	      ------	      ------	      ------	      ------	      ------	      ------
 Demand Fetches		   399999954	   399999954	           0	           0	           0	           0
  Fraction of total	      1.0000	      1.0000	      0.0000	      0.0000	      0.0000	      0.0000
 Demand Misses		    13837462	    13837462	           0	           0	           0	           0
  Demand miss rate	      0.0346	      0.0346	      0.0000	      0.0000	      0.0000	      0.0000
l1-dcache
 Metrics		      Total	      Instrn	       Data	       Read	      Write	       Misc
 -----------------	      ------	      ------	      ------	      ------	      ------	      ------
 Demand Fetches		   146394980	           0	   146394980	   125664412	    20730568	           0
  Fraction of total	      1.0000	      0.0000	      1.0000	      0.8584	      0.1416	      0.0000
 Demand Misses		    26394760	           0	    26394760	    24239180	     2155580	           0
  Demand miss rate	      0.1803	      0.0000	      0.1803	      0.1929	      0.1040	      0.0000

Tamanho da cache|8K|Tamanho do bloco|128|Associatividade|2|
l1-icache
 Metrics		      Total	      Instrn	       Data	       Read	      Write	       Misc
 -----------------	      ------	      ------	      ------	      ------	      ------	      ------
 Demand Fetches		   399999954	   399999954	           0	           0	           0	           0
  Fraction of total	      1.0000	      1.0000	      0.0000	      0.0000	      0.0000	      0.0000
 Demand Misses		    14237097	    14237097	           0	           0	           0	           0
  Demand miss rate	      0.0356	      0.0356	      0.0000	      0.0000	      0.0000	      0.0000
l1-dcache
 Metrics		      Total	      Instrn	       Data	       Read	      Write	       Misc
 -----------------	      ------	      ------	      ------	      ------	      ------	      ------
 Demand Fetches		   146394980	           0	   146394980	   125664412	    20730568	           0
  Fraction of total	      1.0000	      0.0000	      1.0000	      0.8584	      0.1416	      0.0000
 Demand Misses		    21215760	           0	    21215760	    19950552	     1265208	           0
  Demand miss rate	      0.1449	      0.0000	      0.1449	      0.1588	      0.0610	      0.0000

Tamanho da cache|8K|Tamanho do bloco|128|Associatividade|4|
l1-icache
 Metrics		      Total	      Instrn	       Data	       Read	      Write	       Misc
 -----------------	      ------	      ------	      ------	      ------	      ------	      ------
 Demand Fetches		   399999954	   399999954	           0	           0	           0	           0
  Fraction of total	      1.0000	      1.0000	      0.0000	      0.0000	      0.0000	      0.0000
 Demand Misses		    14322663	    14322663	           0	           0	           0	           0
  Demand miss rate	      0.0358	      0.0358	      0.0000	      0.0000	      0.0000	      0.0000
l1-dcache
 Metrics		      Total	      Instrn	       Data	       Read	      Write	       Misc
 -----------------	      ------	      ------	      ------	      ------	      ------	      ------
 Demand Fetches		   146394980	           0	   146394980	   125664412	    20730568	           0
  Fraction of total	      1.0000	      0.0000	      1.0000	      0.8584	      0.1416	      0.0000
 Demand Misses		    18965977	           0	    18965977	    17968427	      997550	           0
  Demand miss rate	      0.1296	      0.0000	      0.1296	      0.1430	      0.0481	      0.0000

Tamanho da cache|8K|Tamanho do bloco|128|Associatividade|8|
l1-icache
 Metrics		      Total	      Instrn	       Data	       Read	      Write	       Misc
 -----------------	      ------	      ------	      ------	      ------	      ------	      ------
 Demand Fetches		   399999954	   399999954	           0	           0	           0	           0
  Fraction of total	      1.0000	      1.0000	      0.0000	      0.0000	      0.0000	      0.0000
 Demand Misses		    14959274	    14959274	           0	           0	           0	           0
  Demand miss rate	      0.0374	      0.0374	      0.0000	      0.0000	      0.0000	      0.0000
l1-dcache
 Metrics		      Total	      Instrn	       Data	       Read	      Write	       Misc
 -----------------	      ------	      ------	      ------	      ------	      ------	      ------
 Demand Fetches		   146394980	           0	   146394980	   125664412	    20730568	           0
  Fraction of total	      1.0000	      0.0000	      1.0000	      0.8584	      0.1416	      0.0000
 Demand Misses		    18751015	           0	    18751015	    17757043	      993972	           0
  Demand miss rate	      0.1281	      0.0000	      0.1281	      0.1413	      0.0479	      0.0000

Tamanho da cache|8K|Tamanho do bloco|128|Associatividade|16|
l1-icache
 Metrics		      Total	      Instrn	       Data	       Read	      Write	       Misc
 -----------------	      ------	      ------	      ------	      ------	      ------	      ------
 Demand Fetches		   399999954	   399999954	           0	           0	           0	           0
  Fraction of total	      1.0000	      1.0000	      0.0000	      0.0000	      0.0000	      0.0000
 Demand Misses		    15248225	    15248225	           0	           0	           0	           0
  Demand miss rate	      0.0381	      0.0381	      0.0000	      0.0000	      0.0000	      0.0000
l1-dcache
 Metrics		      Total	      Instrn	       Data	       Read	      Write	       Misc
 -----------------	      ------	      ------	      ------	      ------	      ------	      ------
 Demand Fetches		   146394980	           0	   146394980	   125664412	    20730568	           0
  Fraction of total	      1.0000	      0.0000	      1.0000	      0.8584	      0.1416	      0.0000
 Demand Misses		    18762103	           0	    18762103	    17774477	      987626	           0
  Demand miss rate	      0.1282	      0.0000	      0.1282	      0.1414	      0.0476	      0.0000

Tamanho da cache|16K|Tamanho do bloco|8|Associatividade|1|
l1-icache
 Metrics		      Total	      Instrn	       Data	       Read	      Write	       Misc
 -----------------	      ------	      ------	      ------	      ------	      ------	      ------
 Demand Fetches		   399999954	   399999954	           0	           0	           0	           0
  Fraction of total	      1.0000	      1.0000	      0.0000	      0.0000	      0.0000	      0.0000
 Demand Misses		    47727529	    47727529	           0	           0	           0	           0
  Demand miss rate	      0.1193	      0.1193	      0.0000	      0.0000	      0.0000	      0.0000
l1-dcache
 Metrics		      Total	      Instrn	       Data	       Read	      Write	       Misc
 -----------------	      ------	      ------	      ------	      ------	      ------	      ------
 Demand Fetches		   150325024	           0	   150325024	   129021364	    21303660	           0
  Fraction of total	      1.0000	      0.0000	      1.0000	      0.8583	      0.1417	      0.0000
 Demand Misses		     6574363	           0	     6574363	     5801128	      773235	           0
  Demand miss rate	      0.0437	      0.0000	      0.0437	      0.0450	      0.0363	      0.0000

Tamanho da cache|16K|Tamanho do bloco|8|Associatividade|2|
l1-icache
 Metrics		      Total	      Instrn	       Data	       Read	      Write	       Misc
 -----------------	      ------	      ------	      ------	      ------	      ------	      ------
 Demand Fetches		   399999954	   399999954	           0	           0	           0	           0
  Fraction of total	      1.0000	      1.0000	      0.0000	      0.0000	      0.0000	      0.0000
 Demand Misses		    22364246	    22364246	           0	           0	           0	           0
  Demand miss rate	      0.0559	      0.0559	      0.0000	      0.0000	      0.0000	      0.0000
l1-dcache
 Metrics		      Total	      Instrn	       Data	       Read	      Write	       Misc
 -----------------	      ------	      ------	      ------	      ------	      ------	      ------
 Demand Fetches		   150325024	           0	   150325024	   129021364	    21303660	           0
  Fraction of total	      1.0000	      0.0000	      1.0000	      0.8583	      0.1417	      0.0000
 Demand Misses		     2620867	           0	     2620867	     2286735	      334132	           0
  Demand miss rate	      0.0174	      0.0000	      0.0174	      0.0177	      0.0157	      0.0000

Tamanho da cache|16K|Tamanho do bloco|8|Associatividade|4|
l1-icache
 Metrics		      Total	      Instrn	       Data	       Read	      Write	       Misc
 -----------------	      ------	      ------	      ------	      ------	      ------	      ------
 Demand Fetches		   399999954	   399999954	           0	           0	           0	           0
  Fraction of total	      1.0000	      1.0000	      0.0000	      0.0000	      0.0000	      0.0000
 Demand Misses		    16010837	    16010837	           0	           0	           0	           0
  Demand miss rate	      0.0400	      0.0400	      0.0000	      0.0000	      0.0000	      0.0000
l1-dcache
 Metrics		      Total	      Instrn	       Data	       Read	      Write	       Misc
 -----------------	      ------	      ------	      ------	      ------	      ------	      ------
 Demand Fetches		   150325024	           0	   150325024	   129021364	    21303660	           0
  Fraction of total	      1.0000	      0.0000	      1.0000	      0.8583	      0.1417	      0.0000
 Demand Misses		     1456094	           0	     1456094	     1347775	      108319	           0
  Demand miss rate	      0.0097	      0.0000	      0.0097	      0.0104	      0.0051	      0.0000

Tamanho da cache|16K|Tamanho do bloco|8|Associatividade|8|
l1-icache
 Metrics		      Total	      Instrn	       Data	       Read	      Write	       Misc
 -----------------	      ------	      ------	      ------	      ------	      ------	      ------
 Demand Fetches		   399999954	   399999954	           0	           0	           0	           0
  Fraction of total	      1.0000	      1.0000	      0.0000	      0.0000	      0.0000	      0.0000
 Demand Misses		    11093135	    11093135	           0	           0	           0	           0
  Demand miss rate	      0.0277	      0.0277	      0.0000	      0.0000	      0.0000	      0.0000
l1-dcache
 Metrics		      Total	      Instrn	       Data	       Read	      Write	       Misc
 -----------------	      ------	      ------	      ------	      ------	      ------	      ------
 Demand Fetches		   150325024	           0	   150325024	   129021364	    21303660	           0
  Fraction of total	      1.0000	      0.0000	      1.0000	      0.8583	      0.1417	      0.0000
 Demand Misses		     1086473	           0	     1086473	     1004489	       81984	           0
  Demand miss rate	      0.0072	      0.0000	      0.0072	      0.0078	      0.0038	      0.0000

Tamanho da cache|16K|Tamanho do bloco|8|Associatividade|16|
l1-icache
 Metrics		      Total	      Instrn	       Data	       Read	      Write	       Misc
 -----------------	      ------	      ------	      ------	      ------	      ------	      ------
 Demand Fetches		   399999954	   399999954	           0	           0	           0	           0
  Fraction of total	      1.0000	      1.0000	      0.0000	      0.0000	      0.0000	      0.0000
 Demand Misses		     9473660	     9473660	           0	           0	           0	           0
  Demand miss rate	      0.0237	      0.0237	      0.0000	      0.0000	      0.0000	      0.0000
l1-dcache
 Metrics		      Total	      Instrn	       Data	       Read	      Write	       Misc
 -----------------	      ------	      ------	      ------	      ------	      ------	      ------
 Demand Fetches		   150325024	           0	   150325024	   129021364	    21303660	           0
  Fraction of total	      1.0000	      0.0000	      1.0000	      0.8583	      0.1417	      0.0000
 Demand Misses		      892643	           0	      892643	      820252	       72391	           0
  Demand miss rate	      0.0059	      0.0000	      0.0059	      0.0064	      0.0034	      0.0000

Tamanho da cache|16K|Tamanho do bloco|16|Associatividade|1|
l1-icache
 Metrics		      Total	      Instrn	       Data	       Read	      Write	       Misc
 -----------------	      ------	      ------	      ------	      ------	      ------	      ------
 Demand Fetches		   399999954	   399999954	           0	           0	           0	           0
  Fraction of total	      1.0000	      1.0000	      0.0000	      0.0000	      0.0000	      0.0000
 Demand Misses		    26979470	    26979470	           0	           0	           0	           0
  Demand miss rate	      0.0674	      0.0674	      0.0000	      0.0000	      0.0000	      0.0000
l1-dcache
 Metrics		      Total	      Instrn	       Data	       Read	      Write	       Misc
 -----------------	      ------	      ------	      ------	      ------	      ------	      ------
 Demand Fetches		   148456682	           0	   148456682	   127537464	    20919218	           0
  Fraction of total	      1.0000	      0.0000	      1.0000	      0.8591	      0.1409	      0.0000
 Demand Misses		     7320188	           0	     7320188	     6605486	      714702	           0
  Demand miss rate	      0.0493	      0.0000	      0.0493	      0.0518	      0.0342	      0.0000

Tamanho da cache|16K|Tamanho do bloco|16|Associatividade|2|
l1-icache
 Metrics		      Total	      Instrn	       Data	       Read	      Write	       Misc
 -----------------	      ------	      ------	      ------	      ------	      ------	      ------
 Demand Fetches		   399999954	   399999954	           0	           0	           0	           0
  Fraction of total	      1.0000	      1.0000	      0.0000	      0.0000	      0.0000	      0.0000
 Demand Misses		    12980395	    12980395	           0	           0	           0	           0
  Demand miss rate	      0.0325	      0.0325	      0.0000	      0.0000	      0.0000	      0.0000
l1-dcache
 Metrics		      Total	      Instrn	       Data	       Read	      Write	       Misc
 -----------------	      ------	      ------	      ------	      ------	      ------	      ------
 Demand Fetches		   148456682	           0	   148456682	   127537464	    20919218	           0
  Fraction of total	      1.0000	      0.0000	      1.0000	      0.8591	      0.1409	      0.0000
 Demand Misses		     3148555	           0	     3148555	     2839692	      308863	           0
  Demand miss rate	      0.0212	      0.0000	      0.0212	      0.0223	      0.0148	      0.0000

Tamanho da cache|16K|Tamanho do bloco|16|Associatividade|4|
l1-icache
 Metrics		      Total	      Instrn	       Data	       Read	      Write	       Misc
 -----------------	      ------	      ------	      ------	      ------	      ------	      ------
 Demand Fetches		   399999954	   399999954	           0	           0	           0	           0
  Fraction of total	      1.0000	      1.0000	      0.0000	      0.0000	      0.0000	      0.0000
 Demand Misses		     9764240	     9764240	           0	           0	           0	           0
  Demand miss rate	      0.0244	      0.0244	      0.0000	      0.0000	      0.0000	      0.0000
l1-dcache
 Metrics		      Total	      Instrn	       Data	       Read	      Write	       Misc
 -----------------	      ------	      ------	      ------	      ------	      ------	      ------
 Demand Fetches		   148456682	           0	   148456682	   127537464	    20919218	           0
  Fraction of total	      1.0000	      0.0000	      1.0000	      0.8591	      0.1409	      0.0000
 Demand Misses		     1995261	           0	     1995261	     1905170	       90091	           0
  Demand miss rate	      0.0134	      0.0000	      0.0134	      0.0149	      0.0043	      0.0000

Tamanho da cache|16K|Tamanho do bloco|16|Associatividade|8|
l1-icache
 Metrics		      Total	      Instrn	       Data	       Read	      Write	       Misc
 -----------------	      ------	      ------	      ------	      ------	      ------	      ------
 Demand Fetches		   399999954	   399999954	           0	           0	           0	           0
  Fraction of total	      1.0000	      1.0000	      0.0000	      0.0000	      0.0000	      0.0000
 Demand Misses		     6965923	     6965923	           0	           0	           0	           0
  Demand miss rate	      0.0174	      0.0174	      0.0000	      0.0000	      0.0000	      0.0000
l1-dcache
 Metrics		      Total	      Instrn	       Data	       Read	      Write	       Misc
 -----------------	      ------	      ------	      ------	      ------	      ------	      ------
 Demand Fetches		   148456682	           0	   148456682	   127537464	    20919218	           0
  Fraction of total	      1.0000	      0.0000	      1.0000	      0.8591	      0.1409	      0.0000
 Demand Misses		     1511174	           0	     1511174	     1444620	       66554	           0
  Demand miss rate	      0.0102	      0.0000	      0.0102	      0.0113	      0.0032	      0.0000

Tamanho da cache|16K|Tamanho do bloco|16|Associatividade|16|
l1-icache
 Metrics		      Total	      Instrn	       Data	       Read	      Write	       Misc
 -----------------	      ------	      ------	      ------	      ------	      ------	      ------
 Demand Fetches		   399999954	   399999954	           0	           0	           0	           0
  Fraction of total	      1.0000	      1.0000	      0.0000	      0.0000	      0.0000	      0.0000
 Demand Misses		     6004984	     6004984	           0	           0	           0	           0
  Demand miss rate	      0.0150	      0.0150	      0.0000	      0.0000	      0.0000	      0.0000
l1-dcache
 Metrics		      Total	      Instrn	       Data	       Read	      Write	       Misc
 -----------------	      ------	      ------	      ------	      ------	      ------	      ------
 Demand Fetches		   148456682	           0	   148456682	   127537464	    20919218	           0
  Fraction of total	      1.0000	      0.0000	      1.0000	      0.8591	      0.1409	      0.0000
 Demand Misses		     1298365	           0	     1298365	     1237978	       60387	           0
  Demand miss rate	      0.0087	      0.0000	      0.0087	      0.0097	      0.0029	      0.0000

Tamanho da cache|16K|Tamanho do bloco|32|Associatividade|1|
l1-icache
 Metrics		      Total	      Instrn	       Data	       Read	      Write	       Misc
 -----------------	      ------	      ------	      ------	      ------	      ------	      ------
 Demand Fetches		   399999954	   399999954	           0	           0	           0	           0
  Fraction of total	      1.0000	      1.0000	      0.0000	      0.0000	      0.0000	      0.0000
 Demand Misses		    16959591	    16959591	           0	           0	           0	           0
  Demand miss rate	      0.0424	      0.0424	      0.0000	      0.0000	      0.0000	      0.0000
l1-dcache
 Metrics		      Total	      Instrn	       Data	       Read	      Write	       Misc
 -----------------	      ------	      ------	      ------	      ------	      ------	      ------
 Demand Fetches		   148155548	           0	   148155548	   127332716	    20822832	           0
  Fraction of total	      1.0000	      0.0000	      1.0000	      0.8595	      0.1405	      0.0000
 Demand Misses		     9462924	           0	     9462924	     8575332	      887592	           0
  Demand miss rate	      0.0639	      0.0000	      0.0639	      0.0673	      0.0426	      0.0000

Tamanho da cache|16K|Tamanho do bloco|32|Associatividade|2|
l1-icache
 Metrics		      Total	      Instrn	       Data	       Read	      Write	       Misc
 -----------------	      ------	      ------	      ------	      ------	      ------	      ------
 Demand Fetches		   399999954	   399999954	           0	           0	           0	           0
  Fraction of total	      1.0000	      1.0000	      0.0000	      0.0000	      0.0000	      0.0000
 Demand Misses		     9241206	     9241206	           0	           0	           0	           0
  Demand miss rate	      0.0231	      0.0231	      0.0000	      0.0000	      0.0000	      0.0000
l1-dcache
 Metrics		      Total	      Instrn	       Data	       Read	      Write	       Misc
 -----------------	      ------	      ------	      ------	      ------	      ------	      ------
 Demand Fetches		   148155548	           0	   148155548	   127332716	    20822832	           0
  Fraction of total	      1.0000	      0.0000	      1.0000	      0.8595	      0.1405	      0.0000
 Demand Misses		     5681101	           0	     5681101	     5329962	      351139	           0
  Demand miss rate	      0.0383	      0.0000	      0.0383	      0.0419	      0.0169	      0.0000

Tamanho da cache|16K|Tamanho do bloco|32|Associatividade|4|
l1-icache
 Metrics		      Total	      Instrn	       Data	       Read	      Write	       Misc
 -----------------	      ------	      ------	      ------	      ------	      ------	      ------
 Demand Fetches		   399999954	   399999954	           0	           0	           0	           0
  Fraction of total	      1.0000	      1.0000	      0.0000	      0.0000	      0.0000	      0.0000
 Demand Misses		     7511884	     7511884	           0	           0	           0	           0
  Demand miss rate	      0.0188	      0.0188	      0.0000	      0.0000	      0.0000	      0.0000
l1-dcache
 Metrics		      Total	      Instrn	       Data	       Read	      Write	       Misc
 -----------------	      ------	      ------	      ------	      ------	      ------	      ------
 Demand Fetches		   148155548	           0	   148155548	   127332716	    20822832	           0
  Fraction of total	      1.0000	      0.0000	      1.0000	      0.8595	      0.1405	      0.0000
 Demand Misses		     3843546	           0	     3843546	     3726274	      117272	           0
  Demand miss rate	      0.0259	      0.0000	      0.0259	      0.0293	      0.0056	      0.0000

Tamanho da cache|16K|Tamanho do bloco|32|Associatividade|8|
l1-icache
 Metrics		      Total	      Instrn	       Data	       Read	      Write	       Misc
 -----------------	      ------	      ------	      ------	      ------	      ------	      ------
 Demand Fetches		   399999954	   399999954	           0	           0	           0	           0
  Fraction of total	      1.0000	      1.0000	      0.0000	      0.0000	      0.0000	      0.0000
 Demand Misses		     5772437	     5772437	           0	           0	           0	           0
  Demand miss rate	      0.0144	      0.0144	      0.0000	      0.0000	      0.0000	      0.0000
l1-dcache
 Metrics		      Total	      Instrn	       Data	       Read	      Write	       Misc
 -----------------	      ------	      ------	      ------	      ------	      ------	      ------
 Demand Fetches		   148155548	           0	   148155548	   127332716	    20822832	           0
  Fraction of total	      1.0000	      0.0000	      1.0000	      0.8595	      0.1405	      0.0000
 Demand Misses		     2970735	           0	     2970735	     2881299	       89436	           0
  Demand miss rate	      0.0201	      0.0000	      0.0201	      0.0226	      0.0043	      0.0000

Tamanho da cache|16K|Tamanho do bloco|32|Associatividade|16|
l1-icache
 Metrics		      Total	      Instrn	       Data	       Read	      Write	       Misc
 -----------------	      ------	      ------	      ------	      ------	      ------	      ------
 Demand Fetches		   399999954	   399999954	           0	           0	           0	           0
  Fraction of total	      1.0000	      1.0000	      0.0000	      0.0000	      0.0000	      0.0000
 Demand Misses		     5203532	     5203532	           0	           0	           0	           0
  Demand miss rate	      0.0130	      0.0130	      0.0000	      0.0000	      0.0000	      0.0000
l1-dcache
 Metrics		      Total	      Instrn	       Data	       Read	      Write	       Misc
 -----------------	      ------	      ------	      ------	      ------	      ------	      ------
 Demand Fetches		   148155548	           0	   148155548	   127332716	    20822832	           0
  Fraction of total	      1.0000	      0.0000	      1.0000	      0.8595	      0.1405	      0.0000
 Demand Misses		     2094577	           0	     2094577	     2014973	       79604	           0
  Demand miss rate	      0.0141	      0.0000	      0.0141	      0.0158	      0.0038	      0.0000

Tamanho da cache|16K|Tamanho do bloco|64|Associatividade|1|
l1-icache
 Metrics		      Total	      Instrn	       Data	       Read	      Write	       Misc
 -----------------	      ------	      ------	      ------	      ------	      ------	      ------
 Demand Fetches		   399999954	   399999954	           0	           0	           0	           0
  Fraction of total	      1.0000	      1.0000	      0.0000	      0.0000	      0.0000	      0.0000
 Demand Misses		    10939506	    10939506	           0	           0	           0	           0
  Demand miss rate	      0.0273	      0.0273	      0.0000	      0.0000	      0.0000	      0.0000
l1-dcache
 Metrics		      Total	      Instrn	       Data	       Read	      Write	       Misc
 -----------------	      ------	      ------	      ------	      ------	      ------	      ------
 Demand Fetches		   146608840	           0	   146608840	   125817781	    20791059	           0
  Fraction of total	      1.0000	      0.0000	      1.0000	      0.8582	      0.1418	      0.0000
 Demand Misses		    11686467	           0	    11686467	    10530616	     1155851	           0
  Demand miss rate	      0.0797	      0.0000	      0.0797	      0.0837	      0.0556	      0.0000

Tamanho da cache|16K|Tamanho do bloco|64|Associatividade|2|
l1-icache
 Metrics		      Total	      Instrn	       Data	       Read	      Write	       Misc
 -----------------	      ------	      ------	      ------	      ------	      ------	      ------
 Demand Fetches		   399999954	   399999954	           0	           0	           0	           0
  Fraction of total	      1.0000	      1.0000	      0.0000	      0.0000	      0.0000	      0.0000
 Demand Misses		     6811985	     6811985	           0	           0	           0	           0
  Demand miss rate	      0.0170	      0.0170	      0.0000	      0.0000	      0.0000	      0.0000
l1-dcache
 Metrics		      Total	      Instrn	       Data	       Read	      Write	       Misc
 -----------------	      ------	      ------	      ------	      ------	      ------	      ------
 Demand Fetches		   146608840	           0	   146608840	   125817781	    20791059	           0
  Fraction of total	      1.0000	      0.0000	      1.0000	      0.8582	      0.1418	      0.0000
 Demand Misses		     8136854	           0	     8136854	     7594627	      542227	           0
  Demand miss rate	      0.0555	      0.0000	      0.0555	      0.0604	      0.0261	      0.0000

Tamanho da cache|16K|Tamanho do bloco|64|Associatividade|4|
l1-icache
 Metrics		      Total	      Instrn	       Data	       Read	      Write	       Misc
 -----------------	      ------	      ------	      ------	      ------	      ------	      ------
 Demand Fetches		   399999954	   399999954	           0	           0	           0	           0
  Fraction of total	      1.0000	      1.0000	      0.0000	      0.0000	      0.0000	      0.0000
 Demand Misses		     5848058	     5848058	           0	           0	           0	           0
  Demand miss rate	      0.0146	      0.0146	      0.0000	      0.0000	      0.0000	      0.0000
l1-dcache
 Metrics		      Total	      Instrn	       Data	       Read	      Write	       Misc
 -----------------	      ------	      ------	      ------	      ------	      ------	      ------
 Demand Fetches		   146608840	           0	   146608840	   125817781	    20791059	           0
  Fraction of total	      1.0000	      0.0000	      1.0000	      0.8582	      0.1418	      0.0000
 Demand Misses		     6469930	           0	     6469930	     6208316	      261614	           0
  Demand miss rate	      0.0441	      0.0000	      0.0441	      0.0493	      0.0126	      0.0000

Tamanho da cache|16K|Tamanho do bloco|64|Associatividade|8|
l1-icache
 Metrics		      Total	      Instrn	       Data	       Read	      Write	       Misc
 -----------------	      ------	      ------	      ------	      ------	      ------	      ------
 Demand Fetches		   399999954	   399999954	           0	           0	           0	           0
  Fraction of total	      1.0000	      1.0000	      0.0000	      0.0000	      0.0000	      0.0000
 Demand Misses		     4909173	     4909173	           0	           0	           0	           0
  Demand miss rate	      0.0123	      0.0123	      0.0000	      0.0000	      0.0000	      0.0000
l1-dcache
 Metrics		      Total	      Instrn	       Data	       Read	      Write	       Misc
 -----------------	      ------	      ------	      ------	      ------	      ------	      ------
 Demand Fetches		   146608840	           0	   146608840	   125817781	    20791059	           0
  Fraction of total	      1.0000	      0.0000	      1.0000	      0.8582	      0.1418	      0.0000
 Demand Misses		     5364781	           0	     5364781	     5193699	      171082	           0
  Demand miss rate	      0.0366	      0.0000	      0.0366	      0.0413	      0.0082	      0.0000

Tamanho da cache|16K|Tamanho do bloco|64|Associatividade|16|
l1-icache
 Metrics		      Total	      Instrn	       Data	       Read	      Write	       Misc
 -----------------	      ------	      ------	      ------	      ------	      ------	      ------
 Demand Fetches		   399999954	   399999954	           0	           0	           0	           0
  Fraction of total	      1.0000	      1.0000	      0.0000	      0.0000	      0.0000	      0.0000
 Demand Misses		     4522830	     4522830	           0	           0	           0	           0
  Demand miss rate	      0.0113	      0.0113	      0.0000	      0.0000	      0.0000	      0.0000
l1-dcache
 Metrics		      Total	      Instrn	       Data	       Read	      Write	       Misc
 -----------------	      ------	      ------	      ------	      ------	      ------	      ------
 Demand Fetches		   146608840	           0	   146608840	   125817781	    20791059	           0
  Fraction of total	      1.0000	      0.0000	      1.0000	      0.8582	      0.1418	      0.0000
 Demand Misses		     4612694	           0	     4612694	     4465486	      147208	           0
  Demand miss rate	      0.0315	      0.0000	      0.0315	      0.0355	      0.0071	      0.0000

Tamanho da cache|16K|Tamanho do bloco|128|Associatividade|1|
l1-icache
 Metrics		      Total	      Instrn	       Data	       Read	      Write	       Misc
 -----------------	      ------	      ------	      ------	      ------	      ------	      ------
 Demand Fetches		   399999954	   399999954	           0	           0	           0	           0
  Fraction of total	      1.0000	      1.0000	      0.0000	      0.0000	      0.0000	      0.0000
 Demand Misses		     7630156	     7630156	           0	           0	           0	           0
  Demand miss rate	      0.0191	      0.0191	      0.0000	      0.0000	      0.0000	      0.0000
l1-dcache
 Metrics		      Total	      Instrn	       Data	       Read	      Write	       Misc
 -----------------	      ------	      ------	      ------	      ------	      ------	      ------
 Demand Fetches		   146394980	           0	   146394980	   125664412	    20730568	           0
  Fraction of total	      1.0000	      0.0000	      1.0000	      0.8584	      0.1416	      0.0000
 Demand Misses		    14337695	           0	    14337695	    13128090	     1209605	           0
  Demand miss rate	      0.0979	      0.0000	      0.0979	      0.1045	      0.0583	      0.0000

Tamanho da cache|16K|Tamanho do bloco|128|Associatividade|2|
l1-icache
 Metrics		      Total	      Instrn	       Data	       Read	      Write	       Misc
 -----------------	      ------	      ------	      ------	      ------	      ------	      ------
 Demand Fetches		   399999954	   399999954	           0	           0	           0	           0
  Fraction of total	      1.0000	      1.0000	      0.0000	      0.0000	      0.0000	      0.0000
 Demand Misses		     5567610	     5567610	           0	           0	           0	           0
  Demand miss rate	      0.0139	      0.0139	      0.0000	      0.0000	      0.0000	      0.0000
l1-dcache
 Metrics		      Total	      Instrn	       Data	       Read	      Write	       Misc
 -----------------	      ------	      ------	      ------	      ------	      ------	      ------
 Demand Fetches		   146394980	           0	   146394980	   125664412	    20730568	           0
  Fraction of total	      1.0000	      0.0000	      1.0000	      0.8584	      0.1416	      0.0000
 Demand Misses		    10980129	           0	    10980129	    10267933	      712196	           0
  Demand miss rate	      0.0750	      0.0000	      0.0750	      0.0817	      0.0344	      0.0000

Tamanho da cache|16K|Tamanho do bloco|128|Associatividade|4|
l1-icache
 Metrics		      Total	      Instrn	       Data	       Read	      Write	       Misc
 -----------------	      ------	      ------	      ------	      ------	      ------	      ------
 Demand Fetches		   399999954	   399999954	           0	           0	           0	           0
  Fraction of total	      1.0000	      1.0000	      0.0000	      0.0000	      0.0000	      0.0000
 Demand Misses		     5371726	     5371726	           0	           0	           0	           0
  Demand miss rate	      0.0134	      0.0134	      0.0000	      0.0000	      0.0000	      0.0000
l1-dcache
 Metrics		      Total	      Instrn	       Data	       Read	      Write	       Misc
 -----------------	      ------	      ------	      ------	      ------	      ------	      ------
 Demand Fetches		   146394980	           0	   146394980	   125664412	    20730568	           0
  Fraction of total	      1.0000	      0.0000	      1.0000	      0.8584	      0.1416	      0.0000
 Demand Misses		     9955730	           0	     9955730	     9476732	      478998	           0
  Demand miss rate	      0.0680	      0.0000	      0.0680	      0.0754	      0.0231	      0.0000

Tamanho da cache|16K|Tamanho do bloco|128|Associatividade|8|
l1-icache
 Metrics		      Total	      Instrn	       Data	       Read	      Write	       Misc
 -----------------	      ------	      ------	      ------	      ------	      ------	      ------
 Demand Fetches		   399999954	   399999954	           0	           0	           0	           0
  Fraction of total	      1.0000	      1.0000	      0.0000	      0.0000	      0.0000	      0.0000
 Demand Misses		     4929456	     4929456	           0	           0	           0	           0
  Demand miss rate	      0.0123	      0.0123	      0.0000	      0.0000	      0.0000	      0.0000
l1-dcache
 Metrics		      Total	      Instrn	       Data	       Read	      Write	       Misc
 -----------------	      ------	      ------	      ------	      ------	      ------	      ------
 Demand Fetches		   146394980	           0	   146394980	   125664412	    20730568	           0
  Fraction of total	      1.0000	      0.0000	      1.0000	      0.8584	      0.1416	      0.0000
 Demand Misses		     8894451	           0	     8894451	     8545788	      348663	           0
  Demand miss rate	      0.0608	      0.0000	      0.0608	      0.0680	      0.0168	      0.0000

Tamanho da cache|16K|Tamanho do bloco|128|Associatividade|16|
l1-icache
 Metrics		      Total	      Instrn	       Data	       Read	      Write	       Misc
 -----------------	      ------	      ------	      ------	      ------	      ------	      ------
 Demand Fetches		   399999954	   399999954	           0	           0	           0	           0
  Fraction of total	      1.0000	      1.0000	      0.0000	      0.0000	      0.0000	      0.0000
 Demand Misses		     4217549	     4217549	           0	           0	           0	           0
  Demand miss rate	      0.0105	      0.0105	      0.0000	      0.0000	      0.0000	      0.0000
l1-dcache
 Metrics		      Total	      Instrn	       Data	       Read	      Write	       Misc
 -----------------	      ------	      ------	      ------	      ------	      ------	      ------
 Demand Fetches		   146394980	           0	   146394980	   125664412	    20730568	           0
  Fraction of total	      1.0000	      0.0000	      1.0000	      0.8584	      0.1416	      0.0000
 Demand Misses		     8501239	           0	     8501239	     8151769	      349470	           0
  Demand miss rate	      0.0581	      0.0000	      0.0581	      0.0649	      0.0169	      0.0000

Tamanho da cache|32K|Tamanho do bloco|8|Associatividade|1|
l1-icache
 Metrics		      Total	      Instrn	       Data	       Read	      Write	       Misc
 -----------------	      ------	      ------	      ------	      ------	      ------	      ------
 Demand Fetches		   399999954	   399999954	           0	           0	           0	           0
  Fraction of total	      1.0000	      1.0000	      0.0000	      0.0000	      0.0000	      0.0000
 Demand Misses		    17816263	    17816263	           0	           0	           0	           0
  Demand miss rate	      0.0445	      0.0445	      0.0000	      0.0000	      0.0000	      0.0000
l1-dcache
 Metrics		      Total	      Instrn	       Data	       Read	      Write	       Misc
 -----------------	      ------	      ------	      ------	      ------	      ------	      ------
 Demand Fetches		   150325024	           0	   150325024	   129021364	    21303660	           0
  Fraction of total	      1.0000	      0.0000	      1.0000	      0.8583	      0.1417	      0.0000
 Demand Misses		     4004358	           0	     4004358	     3695909	      308449	           0
  Demand miss rate	      0.0266	      0.0000	      0.0266	      0.0286	      0.0145	      0.0000

Tamanho da cache|32K|Tamanho do bloco|8|Associatividade|2|
l1-icache
 Metrics		      Total	      Instrn	       Data	       Read	      Write	       Misc
 -----------------	      ------	      ------	      ------	      ------	      ------	      ------
 Demand Fetches		   399999954	   399999954	           0	           0	           0	           0
  Fraction of total	      1.0000	      1.0000	      0.0000	      0.0000	      0.0000	      0.0000
 Demand Misses		     2968791	     2968791	           0	           0	           0	           0
  Demand miss rate	      0.0074	      0.0074	      0.0000	      0.0000	      0.0000	      0.0000
l1-dcache
 Metrics		      Total	      Instrn	       Data	       Read	      Write	       Misc
 -----------------	      ------	      ------	      ------	      ------	      ------	      ------
 Demand Fetches		   150325024	           0	   150325024	   129021364	    21303660	           0
  Fraction of total	      1.0000	      0.0000	      1.0000	      0.8583	      0.1417	      0.0000
 Demand Misses		     1023362	           0	     1023362	      957881	       65481	           0
  Demand miss rate	      0.0068	      0.0000	      0.0068	      0.0074	      0.0031	      0.0000

Tamanho da cache|32K|Tamanho do bloco|8|Associatividade|4|
