
Tamanho da cache|4K|Tamanho do bloco|8|Associatividade|1|
l1-icache
 Metrics		      Total	      Instrn	       Data	       Read	      Write	       Misc
 -----------------	      ------	      ------	      ------	      ------	      ------	      ------
 Demand Fetches		   399999988	   399999988	           0	           0	           0	           0
  Fraction of total	      1.0000	      1.0000	      0.0000	      0.0000	      0.0000	      0.0000
 Demand Misses		    94440571	    94440571	           0	           0	           0	           0
  Demand miss rate	      0.2361	      0.2361	      0.0000	      0.0000	      0.0000	      0.0000
l1-dcache
 Metrics		      Total	      Instrn	       Data	       Read	      Write	       Misc
 -----------------	      ------	      ------	      ------	      ------	      ------	      ------
 Demand Fetches		   194383711	           0	   194383711	   117494520	    76889191	           0
  Fraction of total	      1.0000	      0.0000	      1.0000	      0.6044	      0.3956	      0.0000
 Demand Misses		    22850117	           0	    22850117	    15059346	     7790771	           0
  Demand miss rate	      0.1176	      0.0000	      0.1176	      0.1282	      0.1013	      0.0000

Tamanho da cache|4K|Tamanho do bloco|8|Associatividade|2|
l1-icache
 Metrics		      Total	      Instrn	       Data	       Read	      Write	       Misc
 -----------------	      ------	      ------	      ------	      ------	      ------	      ------
 Demand Fetches		   399999988	   399999988	           0	           0	           0	           0
  Fraction of total	      1.0000	      1.0000	      0.0000	      0.0000	      0.0000	      0.0000
 Demand Misses		    88624618	    88624618	           0	           0	           0	           0
  Demand miss rate	      0.2216	      0.2216	      0.0000	      0.0000	      0.0000	      0.0000
l1-dcache
 Metrics		      Total	      Instrn	       Data	       Read	      Write	       Misc
 -----------------	      ------	      ------	      ------	      ------	      ------	      ------
 Demand Fetches		   194383711	           0	   194383711	   117494520	    76889191	           0
  Fraction of total	      1.0000	      0.0000	      1.0000	      0.6044	      0.3956	      0.0000
 Demand Misses		    22275844	           0	    22275844	    13364511	     8911333	           0
  Demand miss rate	      0.1146	      0.0000	      0.1146	      0.1137	      0.1159	      0.0000

Tamanho da cache|4K|Tamanho do bloco|8|Associatividade|4|
l1-icache
 Metrics		      Total	      Instrn	       Data	       Read	      Write	       Misc
 -----------------	      ------	      ------	      ------	      ------	      ------	      ------
 Demand Fetches		   399999988	   399999988	           0	           0	           0	           0
  Fraction of total	      1.0000	      1.0000	      0.0000	      0.0000	      0.0000	      0.0000
 Demand Misses		    91293837	    91293837	           0	           0	           0	           0
  Demand miss rate	      0.2282	      0.2282	      0.0000	      0.0000	      0.0000	      0.0000
l1-dcache
 Metrics		      Total	      Instrn	       Data	       Read	      Write	       Misc
 -----------------	      ------	      ------	      ------	      ------	      ------	      ------
 Demand Fetches		   194383711	           0	   194383711	   117494520	    76889191	           0
  Fraction of total	      1.0000	      0.0000	      1.0000	      0.6044	      0.3956	      0.0000
 Demand Misses		    22424223	           0	    22424223	    12279000	    10145223	           0
  Demand miss rate	      0.1154	      0.0000	      0.1154	      0.1045	      0.1319	      0.0000

Tamanho da cache|4K|Tamanho do bloco|8|Associatividade|8|
l1-icache
 Metrics		      Total	      Instrn	       Data	       Read	      Write	       Misc
 -----------------	      ------	      ------	      ------	      ------	      ------	      ------
 Demand Fetches		   399999988	   399999988	           0	           0	           0	           0
  Fraction of total	      1.0000	      1.0000	      0.0000	      0.0000	      0.0000	      0.0000
 Demand Misses		    93494843	    93494843	           0	           0	           0	           0
  Demand miss rate	      0.2337	      0.2337	      0.0000	      0.0000	      0.0000	      0.0000
l1-dcache
 Metrics		      Total	      Instrn	       Data	       Read	      Write	       Misc
 -----------------	      ------	      ------	      ------	      ------	      ------	      ------
 Demand Fetches		   194383711	           0	   194383711	   117494520	    76889191	           0
  Fraction of total	      1.0000	      0.0000	      1.0000	      0.6044	      0.3956	      0.0000
 Demand Misses		    23217680	           0	    23217680	    11940908	    11276772	           0
  Demand miss rate	      0.1194	      0.0000	      0.1194	      0.1016	      0.1467	      0.0000

Tamanho da cache|4K|Tamanho do bloco|8|Associatividade|16|
l1-icache
 Metrics		      Total	      Instrn	       Data	       Read	      Write	       Misc
 -----------------	      ------	      ------	      ------	      ------	      ------	      ------
 Demand Fetches		   399999988	   399999988	           0	           0	           0	           0
  Fraction of total	      1.0000	      1.0000	      0.0000	      0.0000	      0.0000	      0.0000
 Demand Misses		    93930379	    93930379	           0	           0	           0	           0
  Demand miss rate	      0.2348	      0.2348	      0.0000	      0.0000	      0.0000	      0.0000
l1-dcache
 Metrics		      Total	      Instrn	       Data	       Read	      Write	       Misc
 -----------------	      ------	      ------	      ------	      ------	      ------	      ------
 Demand Fetches		   194383711	           0	   194383711	   117494520	    76889191	           0
  Fraction of total	      1.0000	      0.0000	      1.0000	      0.6044	      0.3956	      0.0000
 Demand Misses		    23841995	           0	    23841995	    11960723	    11881272	           0
  Demand miss rate	      0.1227	      0.0000	      0.1227	      0.1018	      0.1545	      0.0000

Tamanho da cache|4K|Tamanho do bloco|16|Associatividade|1|
l1-icache
 Metrics		      Total	      Instrn	       Data	       Read	      Write	       Misc
 -----------------	      ------	      ------	      ------	      ------	      ------	      ------
 Demand Fetches		   399999988	   399999988	           0	           0	           0	           0
  Fraction of total	      1.0000	      1.0000	      0.0000	      0.0000	      0.0000	      0.0000
 Demand Misses		    50964222	    50964222	           0	           0	           0	           0
  Demand miss rate	      0.1274	      0.1274	      0.0000	      0.0000	      0.0000	      0.0000
l1-dcache
 Metrics		      Total	      Instrn	       Data	       Read	      Write	       Misc
 -----------------	      ------	      ------	      ------	      ------	      ------	      ------
 Demand Fetches		   194383711	           0	   194383711	   117494520	    76889191	           0
  Fraction of total	      1.0000	      0.0000	      1.0000	      0.6044	      0.3956	      0.0000
 Demand Misses		    17103352	           0	    17103352	    12051295	     5052057	           0
  Demand miss rate	      0.0880	      0.0000	      0.0880	      0.1026	      0.0657	      0.0000

Tamanho da cache|4K|Tamanho do bloco|16|Associatividade|2|
l1-icache
 Metrics		      Total	      Instrn	       Data	       Read	      Write	       Misc
 -----------------	      ------	      ------	      ------	      ------	      ------	      ------
 Demand Fetches		   399999988	   399999988	           0	           0	           0	           0
  Fraction of total	      1.0000	      1.0000	      0.0000	      0.0000	      0.0000	      0.0000
 Demand Misses		    47538933	    47538933	           0	           0	           0	           0
  Demand miss rate	      0.1188	      0.1188	      0.0000	      0.0000	      0.0000	      0.0000
l1-dcache
 Metrics		      Total	      Instrn	       Data	       Read	      Write	       Misc
 -----------------	      ------	      ------	      ------	      ------	      ------	      ------
 Demand Fetches		   194383711	           0	   194383711	   117494520	    76889191	           0
  Fraction of total	      1.0000	      0.0000	      1.0000	      0.6044	      0.3956	      0.0000
 Demand Misses		    16337744	           0	    16337744	    10777716	     5560028	           0
  Demand miss rate	      0.0840	      0.0000	      0.0840	      0.0917	      0.0723	      0.0000

Tamanho da cache|4K|Tamanho do bloco|16|Associatividade|4|
l1-icache
 Metrics		      Total	      Instrn	       Data	       Read	      Write	       Misc
 -----------------	      ------	      ------	      ------	      ------	      ------	      ------
 Demand Fetches		   399999988	   399999988	           0	           0	           0	           0
  Fraction of total	      1.0000	      1.0000	      0.0000	      0.0000	      0.0000	      0.0000
 Demand Misses		    48918024	    48918024	           0	           0	           0	           0
  Demand miss rate	      0.1223	      0.1223	      0.0000	      0.0000	      0.0000	      0.0000
l1-dcache
 Metrics		      Total	      Instrn	       Data	       Read	      Write	       Misc
 -----------------	      ------	      ------	      ------	      ------	      ------	      ------
 Demand Fetches		   194383711	           0	   194383711	   117494520	    76889191	           0
  Fraction of total	      1.0000	      0.0000	      1.0000	      0.6044	      0.3956	      0.0000
 Demand Misses		    16316805	           0	    16316805	    10179130	     6137675	           0
  Demand miss rate	      0.0839	      0.0000	      0.0839	      0.0866	      0.0798	      0.0000

Tamanho da cache|4K|Tamanho do bloco|16|Associatividade|8|
l1-icache
 Metrics		      Total	      Instrn	       Data	       Read	      Write	       Misc
 -----------------	      ------	      ------	      ------	      ------	      ------	      ------
 Demand Fetches		   399999988	   399999988	           0	           0	           0	           0
  Fraction of total	      1.0000	      1.0000	      0.0000	      0.0000	      0.0000	      0.0000
 Demand Misses		    49783236	    49783236	           0	           0	           0	           0
  Demand miss rate	      0.1245	      0.1245	      0.0000	      0.0000	      0.0000	      0.0000
l1-dcache
 Metrics		      Total	      Instrn	       Data	       Read	      Write	       Misc
 -----------------	      ------	      ------	      ------	      ------	      ------	      ------
 Demand Fetches		   194383711	           0	   194383711	   117494520	    76889191	           0
  Fraction of total	      1.0000	      0.0000	      1.0000	      0.6044	      0.3956	      0.0000
 Demand Misses		    16216368	           0	    16216368	     9851368	     6365000	           0
  Demand miss rate	      0.0834	      0.0000	      0.0834	      0.0838	      0.0828	      0.0000

Tamanho da cache|4K|Tamanho do bloco|16|Associatividade|16|
l1-icache
 Metrics		      Total	      Instrn	       Data	       Read	      Write	       Misc
 -----------------	      ------	      ------	      ------	      ------	      ------	      ------
 Demand Fetches		   399999988	   399999988	           0	           0	           0	           0
  Fraction of total	      1.0000	      1.0000	      0.0000	      0.0000	      0.0000	      0.0000
 Demand Misses		    49884532	    49884532	           0	           0	           0	           0
  Demand miss rate	      0.1247	      0.1247	      0.0000	      0.0000	      0.0000	      0.0000
l1-dcache
 Metrics		      Total	      Instrn	       Data	       Read	      Write	       Misc
 -----------------	      ------	      ------	      ------	      ------	      ------	      ------
 Demand Fetches		   194383711	           0	   194383711	   117494520	    76889191	           0
  Fraction of total	      1.0000	      0.0000	      1.0000	      0.6044	      0.3956	      0.0000
 Demand Misses		    16204997	           0	    16204997	     9611918	     6593079	           0
  Demand miss rate	      0.0834	      0.0000	      0.0834	      0.0818	      0.0857	      0.0000

Tamanho da cache|4K|Tamanho do bloco|32|Associatividade|1|
l1-icache
 Metrics		      Total	      Instrn	       Data	       Read	      Write	       Misc
 -----------------	      ------	      ------	      ------	      ------	      ------	      ------
 Demand Fetches		   399999988	   399999988	           0	           0	           0	           0
  Fraction of total	      1.0000	      1.0000	      0.0000	      0.0000	      0.0000	      0.0000
 Demand Misses		    29970613	    29970613	           0	           0	           0	           0
  Demand miss rate	      0.0749	      0.0749	      0.0000	      0.0000	      0.0000	      0.0000
l1-dcache
 Metrics		      Total	      Instrn	       Data	       Read	      Write	       Misc
 -----------------	      ------	      ------	      ------	      ------	      ------	      ------
 Demand Fetches		   194383711	           0	   194383711	   117494520	    76889191	           0
  Fraction of total	      1.0000	      0.0000	      1.0000	      0.6044	      0.3956	      0.0000
 Demand Misses		    14010413	           0	    14010413	    10287025	     3723388	           0
  Demand miss rate	      0.0721	      0.0000	      0.0721	      0.0876	      0.0484	      0.0000

Tamanho da cache|4K|Tamanho do bloco|32|Associatividade|2|
l1-icache
 Metrics		      Total	      Instrn	       Data	       Read	      Write	       Misc
 -----------------	      ------	      ------	      ------	      ------	      ------	      ------
 Demand Fetches		   399999988	   399999988	           0	           0	           0	           0
  Fraction of total	      1.0000	      1.0000	      0.0000	      0.0000	      0.0000	      0.0000
 Demand Misses		    26898942	    26898942	           0	           0	           0	           0
  Demand miss rate	      0.0672	      0.0672	      0.0000	      0.0000	      0.0000	      0.0000
l1-dcache
 Metrics		      Total	      Instrn	       Data	       Read	      Write	       Misc
 -----------------	      ------	      ------	      ------	      ------	      ------	      ------
 Demand Fetches		   194383711	           0	   194383711	   117494520	    76889191	           0
  Fraction of total	      1.0000	      0.0000	      1.0000	      0.6044	      0.3956	      0.0000
 Demand Misses		    12470893	           0	    12470893	     8963333	     3507560	           0
  Demand miss rate	      0.0642	      0.0000	      0.0642	      0.0763	      0.0456	      0.0000

Tamanho da cache|4K|Tamanho do bloco|32|Associatividade|4|
l1-icache
 Metrics		      Total	      Instrn	       Data	       Read	      Write	       Misc
 -----------------	      ------	      ------	      ------	      ------	      ------	      ------
 Demand Fetches		   399999988	   399999988	           0	           0	           0	           0
  Fraction of total	      1.0000	      1.0000	      0.0000	      0.0000	      0.0000	      0.0000
 Demand Misses		    27678666	    27678666	           0	           0	           0	           0
  Demand miss rate	      0.0692	      0.0692	      0.0000	      0.0000	      0.0000	      0.0000
l1-dcache
 Metrics		      Total	      Instrn	       Data	       Read	      Write	       Misc
 -----------------	      ------	      ------	      ------	      ------	      ------	      ------
 Demand Fetches		   194383711	           0	   194383711	   117494520	    76889191	           0
  Fraction of total	      1.0000	      0.0000	      1.0000	      0.6044	      0.3956	      0.0000
 Demand Misses		    12469554	           0	    12469554	     8725890	     3743664	           0
  Demand miss rate	      0.0641	      0.0000	      0.0641	      0.0743	      0.0487	      0.0000

Tamanho da cache|4K|Tamanho do bloco|32|Associatividade|8|
l1-icache
 Metrics		      Total	      Instrn	       Data	       Read	      Write	       Misc
 -----------------	      ------	      ------	      ------	      ------	      ------	      ------
 Demand Fetches		   399999988	   399999988	           0	           0	           0	           0
  Fraction of total	      1.0000	      1.0000	      0.0000	      0.0000	      0.0000	      0.0000
 Demand Misses		    27881837	    27881837	           0	           0	           0	           0
  Demand miss rate	      0.0697	      0.0697	      0.0000	      0.0000	      0.0000	      0.0000
l1-dcache
 Metrics		      Total	      Instrn	       Data	       Read	      Write	       Misc
 -----------------	      ------	      ------	      ------	      ------	      ------	      ------
 Demand Fetches		   194383711	           0	   194383711	   117494520	    76889191	           0
  Fraction of total	      1.0000	      0.0000	      1.0000	      0.6044	      0.3956	      0.0000
 Demand Misses		    12211543	           0	    12211543	     8494135	     3717408	           0
  Demand miss rate	      0.0628	      0.0000	      0.0628	      0.0723	      0.0483	      0.0000

Tamanho da cache|4K|Tamanho do bloco|32|Associatividade|16|
l1-icache
 Metrics		      Total	      Instrn	       Data	       Read	      Write	       Misc
 -----------------	      ------	      ------	      ------	      ------	      ------	      ------
 Demand Fetches		   399999988	   399999988	           0	           0	           0	           0
  Fraction of total	      1.0000	      1.0000	      0.0000	      0.0000	      0.0000	      0.0000
 Demand Misses		    28044282	    28044282	           0	           0	           0	           0
  Demand miss rate	      0.0701	      0.0701	      0.0000	      0.0000	      0.0000	      0.0000
l1-dcache
 Metrics		      Total	      Instrn	       Data	       Read	      Write	       Misc
 -----------------	      ------	      ------	      ------	      ------	      ------	      ------
 Demand Fetches		   194383711	           0	   194383711	   117494520	    76889191	           0
  Fraction of total	      1.0000	      0.0000	      1.0000	      0.6044	      0.3956	      0.0000
 Demand Misses		    12210342	           0	    12210342	     8388408	     3821934	           0
  Demand miss rate	      0.0628	      0.0000	      0.0628	      0.0714	      0.0497	      0.0000

Tamanho da cache|4K|Tamanho do bloco|64|Associatividade|1|
l1-icache
 Metrics		      Total	      Instrn	       Data	       Read	      Write	       Misc
 -----------------	      ------	      ------	      ------	      ------	      ------	      ------
 Demand Fetches		   399999988	   399999988	           0	           0	           0	           0
  Fraction of total	      1.0000	      1.0000	      0.0000	      0.0000	      0.0000	      0.0000
 Demand Misses		    18392978	    18392978	           0	           0	           0	           0
  Demand miss rate	      0.0460	      0.0460	      0.0000	      0.0000	      0.0000	      0.0000
l1-dcache
 Metrics		      Total	      Instrn	       Data	       Read	      Write	       Misc
 -----------------	      ------	      ------	      ------	      ------	      ------	      ------
 Demand Fetches		   194383711	           0	   194383711	   117494520	    76889191	           0
  Fraction of total	      1.0000	      0.0000	      1.0000	      0.6044	      0.3956	      0.0000
 Demand Misses		    13160330	           0	    13160330	    10413003	     2747327	           0
  Demand miss rate	      0.0677	      0.0000	      0.0677	      0.0886	      0.0357	      0.0000

Tamanho da cache|4K|Tamanho do bloco|64|Associatividade|2|
l1-icache
 Metrics		      Total	      Instrn	       Data	       Read	      Write	       Misc
 -----------------	      ------	      ------	      ------	      ------	      ------	      ------
 Demand Fetches		   399999988	   399999988	           0	           0	           0	           0
  Fraction of total	      1.0000	      1.0000	      0.0000	      0.0000	      0.0000	      0.0000
 Demand Misses		    15902892	    15902892	           0	           0	           0	           0
  Demand miss rate	      0.0398	      0.0398	      0.0000	      0.0000	      0.0000	      0.0000
l1-dcache
 Metrics		      Total	      Instrn	       Data	       Read	      Write	       Misc
 -----------------	      ------	      ------	      ------	      ------	      ------	      ------
 Demand Fetches		   194383711	           0	   194383711	   117494520	    76889191	           0
  Fraction of total	      1.0000	      0.0000	      1.0000	      0.6044	      0.3956	      0.0000
 Demand Misses		    10859067	           0	    10859067	     8609971	     2249096	           0
  Demand miss rate	      0.0559	      0.0000	      0.0559	      0.0733	      0.0293	      0.0000

Tamanho da cache|4K|Tamanho do bloco|64|Associatividade|4|
l1-icache
 Metrics		      Total	      Instrn	       Data	       Read	      Write	       Misc
 -----------------	      ------	      ------	      ------	      ------	      ------	      ------
 Demand Fetches		   399999988	   399999988	           0	           0	           0	           0
  Fraction of total	      1.0000	      1.0000	      0.0000	      0.0000	      0.0000	      0.0000
 Demand Misses		    16171942	    16171942	           0	           0	           0	           0
  Demand miss rate	      0.0404	      0.0404	      0.0000	      0.0000	      0.0000	      0.0000
l1-dcache
 Metrics		      Total	      Instrn	       Data	       Read	      Write	       Misc
 -----------------	      ------	      ------	      ------	      ------	      ------	      ------
 Demand Fetches		   194383711	           0	   194383711	   117494520	    76889191	           0
  Fraction of total	      1.0000	      0.0000	      1.0000	      0.6044	      0.3956	      0.0000
 Demand Misses		    10724306	           0	    10724306	     8445484	     2278822	           0
  Demand miss rate	      0.0552	      0.0000	      0.0552	      0.0719	      0.0296	      0.0000

Tamanho da cache|4K|Tamanho do bloco|64|Associatividade|8|
l1-icache
 Metrics		      Total	      Instrn	       Data	       Read	      Write	       Misc
 -----------------	      ------	      ------	      ------	      ------	      ------	      ------
 Demand Fetches		   399999988	   399999988	           0	           0	           0	           0
  Fraction of total	      1.0000	      1.0000	      0.0000	      0.0000	      0.0000	      0.0000
 Demand Misses		    16132522	    16132522	           0	           0	           0	           0
  Demand miss rate	      0.0403	      0.0403	      0.0000	      0.0000	      0.0000	      0.0000
l1-dcache
 Metrics		      Total	      Instrn	       Data	       Read	      Write	       Misc
 -----------------	      ------	      ------	      ------	      ------	      ------	      ------
 Demand Fetches		   194383711	           0	   194383711	   117494520	    76889191	           0
  Fraction of total	      1.0000	      0.0000	      1.0000	      0.6044	      0.3956	      0.0000
 Demand Misses		    10456688	           0	    10456688	     8310622	     2146066	           0
  Demand miss rate	      0.0538	      0.0000	      0.0538	      0.0707	      0.0279	      0.0000

Tamanho da cache|4K|Tamanho do bloco|64|Associatividade|16|
l1-icache
 Metrics		      Total	      Instrn	       Data	       Read	      Write	       Misc
 -----------------	      ------	      ------	      ------	      ------	      ------	      ------
 Demand Fetches		   399999988	   399999988	           0	           0	           0	           0
  Fraction of total	      1.0000	      1.0000	      0.0000	      0.0000	      0.0000	      0.0000
 Demand Misses		    16136337	    16136337	           0	           0	           0	           0
  Demand miss rate	      0.0403	      0.0403	      0.0000	      0.0000	      0.0000	      0.0000
l1-dcache
 Metrics		      Total	      Instrn	       Data	       Read	      Write	       Misc
 -----------------	      ------	      ------	      ------	      ------	      ------	      ------
 Demand Fetches		   194383711	           0	   194383711	   117494520	    76889191	           0
  Fraction of total	      1.0000	      0.0000	      1.0000	      0.6044	      0.3956	      0.0000
 Demand Misses		    10414717	           0	    10414717	     8259701	     2155016	           0
  Demand miss rate	      0.0536	      0.0000	      0.0536	      0.0703	      0.0280	      0.0000

Tamanho da cache|4K|Tamanho do bloco|128|Associatividade|1|
l1-icache
 Metrics		      Total	      Instrn	       Data	       Read	      Write	       Misc
 -----------------	      ------	      ------	      ------	      ------	      ------	      ------
 Demand Fetches		   399999988	   399999988	           0	           0	           0	           0
  Fraction of total	      1.0000	      1.0000	      0.0000	      0.0000	      0.0000	      0.0000
 Demand Misses		    12814345	    12814345	           0	           0	           0	           0
  Demand miss rate	      0.0320	      0.0320	      0.0000	      0.0000	      0.0000	      0.0000
l1-dcache
 Metrics		      Total	      Instrn	       Data	       Read	      Write	       Misc
 -----------------	      ------	      ------	      ------	      ------	      ------	      ------
 Demand Fetches		   194383711	           0	   194383711	   117494520	    76889191	           0
  Fraction of total	      1.0000	      0.0000	      1.0000	      0.6044	      0.3956	      0.0000
 Demand Misses		    13092859	           0	    13092859	    10920187	     2172672	           0
  Demand miss rate	      0.0674	      0.0000	      0.0674	      0.0929	      0.0283	      0.0000

Tamanho da cache|4K|Tamanho do bloco|128|Associatividade|2|
l1-icache
 Metrics		      Total	      Instrn	       Data	       Read	      Write	       Misc
 -----------------	      ------	      ------	      ------	      ------	      ------	      ------
 Demand Fetches		   399999988	   399999988	           0	           0	           0	           0
  Fraction of total	      1.0000	      1.0000	      0.0000	      0.0000	      0.0000	      0.0000
 Demand Misses		    10578669	    10578669	           0	           0	           0	           0
  Demand miss rate	      0.0264	      0.0264	      0.0000	      0.0000	      0.0000	      0.0000
l1-dcache
 Metrics		      Total	      Instrn	       Data	       Read	      Write	       Misc
 -----------------	      ------	      ------	      ------	      ------	      ------	      ------
 Demand Fetches		   194383711	           0	   194383711	   117494520	    76889191	           0
  Fraction of total	      1.0000	      0.0000	      1.0000	      0.6044	      0.3956	      0.0000
 Demand Misses		    10247913	           0	    10247913	     8668188	     1579725	           0
  Demand miss rate	      0.0527	      0.0000	      0.0527	      0.0738	      0.0205	      0.0000

Tamanho da cache|4K|Tamanho do bloco|128|Associatividade|4|
l1-icache
 Metrics		      Total	      Instrn	       Data	       Read	      Write	       Misc
 -----------------	      ------	      ------	      ------	      ------	      ------	      ------
 Demand Fetches		   399999988	   399999988	           0	           0	           0	           0
  Fraction of total	      1.0000	      1.0000	      0.0000	      0.0000	      0.0000	      0.0000
 Demand Misses		    10235246	    10235246	           0	           0	           0	           0
  Demand miss rate	      0.0256	      0.0256	      0.0000	      0.0000	      0.0000	      0.0000
l1-dcache
 Metrics		      Total	      Instrn	       Data	       Read	      Write	       Misc
 -----------------	      ------	      ------	      ------	      ------	      ------	      ------
 Demand Fetches		   194383711	           0	   194383711	   117494520	    76889191	           0
  Fraction of total	      1.0000	      0.0000	      1.0000	      0.6044	      0.3956	      0.0000
 Demand Misses		    10030508	           0	    10030508	     8372687	     1657821	           0
  Demand miss rate	      0.0516	      0.0000	      0.0516	      0.0713	      0.0216	      0.0000

Tamanho da cache|4K|Tamanho do bloco|128|Associatividade|8|
l1-icache
 Metrics		      Total	      Instrn	       Data	       Read	      Write	       Misc
 -----------------	      ------	      ------	      ------	      ------	      ------	      ------
 Demand Fetches		   399999988	   399999988	           0	           0	           0	           0
  Fraction of total	      1.0000	      1.0000	      0.0000	      0.0000	      0.0000	      0.0000
 Demand Misses		    10024281	    10024281	           0	           0	           0	           0
  Demand miss rate	      0.0251	      0.0251	      0.0000	      0.0000	      0.0000	      0.0000
l1-dcache
 Metrics		      Total	      Instrn	       Data	       Read	      Write	       Misc
 -----------------	      ------	      ------	      ------	      ------	      ------	      ------
 Demand Fetches		   194383711	           0	   194383711	   117494520	    76889191	           0
  Fraction of total	      1.0000	      0.0000	      1.0000	      0.6044	      0.3956	      0.0000
 Demand Misses		     9467558	           0	     9467558	     7974573	     1492985	           0
  Demand miss rate	      0.0487	      0.0000	      0.0487	      0.0679	      0.0194	      0.0000

Tamanho da cache|4K|Tamanho do bloco|128|Associatividade|16|
l1-icache
 Metrics		      Total	      Instrn	       Data	       Read	      Write	       Misc
 -----------------	      ------	      ------	      ------	      ------	      ------	      ------
 Demand Fetches		   399999988	   399999988	           0	           0	           0	           0
  Fraction of total	      1.0000	      1.0000	      0.0000	      0.0000	      0.0000	      0.0000
 Demand Misses		     9959456	     9959456	           0	           0	           0	           0
  Demand miss rate	      0.0249	      0.0249	      0.0000	      0.0000	      0.0000	      0.0000
l1-dcache
 Metrics		      Total	      Instrn	       Data	       Read	      Write	       Misc
 -----------------	      ------	      ------	      ------	      ------	      ------	      ------
 Demand Fetches		   194383711	           0	   194383711	   117494520	    76889191	           0
  Fraction of total	      1.0000	      0.0000	      1.0000	      0.6044	      0.3956	      0.0000
 Demand Misses		     9023145	           0	     9023145	     7669828	     1353317	           0
  Demand miss rate	      0.0464	      0.0000	      0.0464	      0.0653	      0.0176	      0.0000

Tamanho da cache|8K|Tamanho do bloco|8|Associatividade|1|
l1-icache
 Metrics		      Total	      Instrn	       Data	       Read	      Write	       Misc
 -----------------	      ------	      ------	      ------	      ------	      ------	      ------
 Demand Fetches		   399999988	   399999988	           0	           0	           0	           0
  Fraction of total	      1.0000	      1.0000	      0.0000	      0.0000	      0.0000	      0.0000
 Demand Misses		    61008748	    61008748	           0	           0	           0	           0
  Demand miss rate	      0.1525	      0.1525	      0.0000	      0.0000	      0.0000	      0.0000
l1-dcache
 Metrics		      Total	      Instrn	       Data	       Read	      Write	       Misc
 -----------------	      ------	      ------	      ------	      ------	      ------	      ------
 Demand Fetches		   194383711	           0	   194383711	   117494520	    76889191	           0
  Fraction of total	      1.0000	      0.0000	      1.0000	      0.6044	      0.3956	      0.0000
 Demand Misses		    13136389	           0	    13136389	     8761227	     4375162	           0
  Demand miss rate	      0.0676	      0.0000	      0.0676	      0.0746	      0.0569	      0.0000

Tamanho da cache|8K|Tamanho do bloco|8|Associatividade|2|
l1-icache
 Metrics		      Total	      Instrn	       Data	       Read	      Write	       Misc
 -----------------	      ------	      ------	      ------	      ------	      ------	      ------
 Demand Fetches		   399999988	   399999988	           0	           0	           0	           0
  Fraction of total	      1.0000	      1.0000	      0.0000	      0.0000	      0.0000	      0.0000
 Demand Misses		    58469950	    58469950	           0	           0	           0	           0
  Demand miss rate	      0.1462	      0.1462	      0.0000	      0.0000	      0.0000	      0.0000
l1-dcache
 Metrics		      Total	      Instrn	       Data	       Read	      Write	       Misc
 -----------------	      ------	      ------	      ------	      ------	      ------	      ------
 Demand Fetches		   194383711	           0	   194383711	   117494520	    76889191	           0
  Fraction of total	      1.0000	      0.0000	      1.0000	      0.6044	      0.3956	      0.0000
 Demand Misses		     6919816	           0	     6919816	     5074299	     1845517	           0
  Demand miss rate	      0.0356	      0.0000	      0.0356	      0.0432	      0.0240	      0.0000

Tamanho da cache|8K|Tamanho do bloco|8|Associatividade|4|
l1-icache
 Metrics		      Total	      Instrn	       Data	       Read	      Write	       Misc
 -----------------	      ------	      ------	      ------	      ------	      ------	      ------
 Demand Fetches		   399999988	   399999988	           0	           0	           0	           0
  Fraction of total	      1.0000	      1.0000	      0.0000	      0.0000	      0.0000	      0.0000
 Demand Misses		    57125854	    57125854	           0	           0	           0	           0
  Demand miss rate	      0.1428	      0.1428	      0.0000	      0.0000	      0.0000	      0.0000
l1-dcache
 Metrics		      Total	      Instrn	       Data	       Read	      Write	       Misc
 -----------------	      ------	      ------	      ------	      ------	      ------	      ------
 Demand Fetches		   194383711	           0	   194383711	   117494520	    76889191	           0
  Fraction of total	      1.0000	      0.0000	      1.0000	      0.6044	      0.3956	      0.0000
 Demand Misses		     5300672	           0	     5300672	     3740499	     1560173	           0
  Demand miss rate	      0.0273	      0.0000	      0.0273	      0.0318	      0.0203	      0.0000

Tamanho da cache|8K|Tamanho do bloco|8|Associatividade|8|
l1-icache
 Metrics		      Total	      Instrn	       Data	       Read	      Write	       Misc
 -----------------	      ------	      ------	      ------	      ------	      ------	      ------
 Demand Fetches		   399999988	   399999988	           0	           0	           0	           0
  Fraction of total	      1.0000	      1.0000	      0.0000	      0.0000	      0.0000	      0.0000
 Demand Misses		    55824068	    55824068	           0	           0	           0	           0
  Demand miss rate	      0.1396	      0.1396	      0.0000	      0.0000	      0.0000	      0.0000
l1-dcache
 Metrics		      Total	      Instrn	       Data	       Read	      Write	       Misc
 -----------------	      ------	      ------	      ------	      ------	      ------	      ------
 Demand Fetches		   194383711	           0	   194383711	   117494520	    76889191	           0
  Fraction of total	      1.0000	      0.0000	      1.0000	      0.6044	      0.3956	      0.0000
 Demand Misses		     4340770	           0	     4340770	     2847383	     1493387	           0
  Demand miss rate	      0.0223	      0.0000	      0.0223	      0.0242	      0.0194	      0.0000

Tamanho da cache|8K|Tamanho do bloco|8|Associatividade|16|
l1-icache
 Metrics		      Total	      Instrn	       Data	       Read	      Write	       Misc
 -----------------	      ------	      ------	      ------	      ------	      ------	      ------
 Demand Fetches		   399999988	   399999988	           0	           0	           0	           0
  Fraction of total	      1.0000	      1.0000	      0.0000	      0.0000	      0.0000	      0.0000
 Demand Misses		    55335685	    55335685	           0	           0	           0	           0
  Demand miss rate	      0.1383	      0.1383	      0.0000	      0.0000	      0.0000	      0.0000
l1-dcache
 Metrics		      Total	      Instrn	       Data	       Read	      Write	       Misc
 -----------------	      ------	      ------	      ------	      ------	      ------	      ------
 Demand Fetches		   194383711	           0	   194383711	   117494520	    76889191	           0
  Fraction of total	      1.0000	      0.0000	      1.0000	      0.6044	      0.3956	      0.0000
 Demand Misses		     2768362	           0	     2768362	     1770857	      997505	           0
  Demand miss rate	      0.0142	      0.0000	      0.0142	      0.0151	      0.0130	      0.0000

Tamanho da cache|8K|Tamanho do bloco|16|Associatividade|1|
l1-icache
 Metrics		      Total	      Instrn	       Data	       Read	      Write	       Misc
 -----------------	      ------	      ------	      ------	      ------	      ------	      ------
 Demand Fetches		   399999988	   399999988	           0	           0	           0	           0
  Fraction of total	      1.0000	      1.0000	      0.0000	      0.0000	      0.0000	      0.0000
 Demand Misses		    33554364	    33554364	           0	           0	           0	           0
  Demand miss rate	      0.0839	      0.0839	      0.0000	      0.0000	      0.0000	      0.0000
l1-dcache
 Metrics		      Total	      Instrn	       Data	       Read	      Write	       Misc
 -----------------	      ------	      ------	      ------	      ------	      ------	      ------
 Demand Fetches		   194383711	           0	   194383711	   117494520	    76889191	           0
  Fraction of total	      1.0000	      0.0000	      1.0000	      0.6044	      0.3956	      0.0000
 Demand Misses		    10684094	           0	    10684094	     7604404	     3079690	           0
  Demand miss rate	      0.0550	      0.0000	      0.0550	      0.0647	      0.0401	      0.0000

Tamanho da cache|8K|Tamanho do bloco|16|Associatividade|2|
l1-icache
 Metrics		      Total	      Instrn	       Data	       Read	      Write	       Misc
 -----------------	      ------	      ------	      ------	      ------	      ------	      ------
 Demand Fetches		   399999988	   399999988	           0	           0	           0	           0
  Fraction of total	      1.0000	      1.0000	      0.0000	      0.0000	      0.0000	      0.0000
 Demand Misses		    32134072	    32134072	           0	           0	           0	           0
  Demand miss rate	      0.0803	      0.0803	      0.0000	      0.0000	      0.0000	      0.0000
l1-dcache
 Metrics		      Total	      Instrn	       Data	       Read	      Write	       Misc
 -----------------	      ------	      ------	      ------	      ------	      ------	      ------
 Demand Fetches		   194383711	           0	   194383711	   117494520	    76889191	           0
  Fraction of total	      1.0000	      0.0000	      1.0000	      0.6044	      0.3956	      0.0000
 Demand Misses		     5717267	           0	     5717267	     4413937	     1303330	           0
  Demand miss rate	      0.0294	      0.0000	      0.0294	      0.0376	      0.0170	      0.0000

Tamanho da cache|8K|Tamanho do bloco|16|Associatividade|4|
l1-icache
 Metrics		      Total	      Instrn	       Data	       Read	      Write	       Misc
 -----------------	      ------	      ------	      ------	      ------	      ------	      ------
 Demand Fetches		   399999988	   399999988	           0	           0	           0	           0
  Fraction of total	      1.0000	      1.0000	      0.0000	      0.0000	      0.0000	      0.0000
 Demand Misses		    31521246	    31521246	           0	           0	           0	           0
  Demand miss rate	      0.0788	      0.0788	      0.0000	      0.0000	      0.0000	      0.0000
l1-dcache
 Metrics		      Total	      Instrn	       Data	       Read	      Write	       Misc
 -----------------	      ------	      ------	      ------	      ------	      ------	      ------
 Demand Fetches		   194383711	           0	   194383711	   117494520	    76889191	           0
  Fraction of total	      1.0000	      0.0000	      1.0000	      0.6044	      0.3956	      0.0000
 Demand Misses		     4977354	           0	     4977354	     3701130	     1276224	           0
  Demand miss rate	      0.0256	      0.0000	      0.0256	      0.0315	      0.0166	      0.0000

Tamanho da cache|8K|Tamanho do bloco|16|Associatividade|8|
l1-icache
 Metrics		      Total	      Instrn	       Data	       Read	      Write	       Misc
 -----------------	      ------	      ------	      ------	      ------	      ------	      ------
 Demand Fetches		   399999988	   399999988	           0	           0	           0	           0
  Fraction of total	      1.0000	      1.0000	      0.0000	      0.0000	      0.0000	      0.0000
 Demand Misses		    30285608	    30285608	           0	           0	           0	           0
  Demand miss rate	      0.0757	      0.0757	      0.0000	      0.0000	      0.0000	      0.0000
l1-dcache
 Metrics		      Total	      Instrn	       Data	       Read	      Write	       Misc
 -----------------	      ------	      ------	      ------	      ------	      ------	      ------
 Demand Fetches		   194383711	           0	   194383711	   117494520	    76889191	           0
  Fraction of total	      1.0000	      0.0000	      1.0000	      0.6044	      0.3956	      0.0000
 Demand Misses		     4057489	           0	     4057489	     2841017	     1216472	           0
  Demand miss rate	      0.0209	      0.0000	      0.0209	      0.0242	      0.0158	      0.0000

Tamanho da cache|8K|Tamanho do bloco|16|Associatividade|16|
l1-icache
 Metrics		      Total	      Instrn	       Data	       Read	      Write	       Misc
 -----------------	      ------	      ------	      ------	      ------	      ------	      ------
 Demand Fetches		   399999988	   399999988	           0	           0	           0	           0
  Fraction of total	      1.0000	      1.0000	      0.0000	      0.0000	      0.0000	      0.0000
 Demand Misses		    29859986	    29859986	           0	           0	           0	           0
  Demand miss rate	      0.0746	      0.0746	      0.0000	      0.0000	      0.0000	      0.0000
l1-dcache
 Metrics		      Total	      Instrn	       Data	       Read	      Write	       Misc
 -----------------	      ------	      ------	      ------	      ------	      ------	      ------
 Demand Fetches		   194383711	           0	   194383711	   117494520	    76889191	           0
  Fraction of total	      1.0000	      0.0000	      1.0000	      0.6044	      0.3956	      0.0000
 Demand Misses		     2905533	           0	     2905533	     2028230	      877303	           0
  Demand miss rate	      0.0149	      0.0000	      0.0149	      0.0173	      0.0114	      0.0000

Tamanho da cache|8K|Tamanho do bloco|32|Associatividade|1|
l1-icache
 Metrics		      Total	      Instrn	       Data	       Read	      Write	       Misc
 -----------------	      ------	      ------	      ------	      ------	      ------	      ------
 Demand Fetches		   399999988	   399999988	           0	           0	           0	           0
  Fraction of total	      1.0000	      1.0000	      0.0000	      0.0000	      0.0000	      0.0000
 Demand Misses		    19907351	    19907351	           0	           0	           0	           0
  Demand miss rate	      0.0498	      0.0498	      0.0000	      0.0000	      0.0000	      0.0000
l1-dcache
 Metrics		      Total	      Instrn	       Data	       Read	      Write	       Misc
 -----------------	      ------	      ------	      ------	      ------	      ------	      ------
 Demand Fetches		   194383711	           0	   194383711	   117494520	    76889191	           0
  Fraction of total	      1.0000	      0.0000	      1.0000	      0.6044	      0.3956	      0.0000
 Demand Misses		     9153051	           0	     9153051	     6714366	     2438685	           0
  Demand miss rate	      0.0471	      0.0000	      0.0471	      0.0571	      0.0317	      0.0000

Tamanho da cache|8K|Tamanho do bloco|32|Associatividade|2|
l1-icache
 Metrics		      Total	      Instrn	       Data	       Read	      Write	       Misc
 -----------------	      ------	      ------	      ------	      ------	      ------	      ------
 Demand Fetches		   399999988	   399999988	           0	           0	           0	           0
  Fraction of total	      1.0000	      1.0000	      0.0000	      0.0000	      0.0000	      0.0000
 Demand Misses		    18771568	    18771568	           0	           0	           0	           0
  Demand miss rate	      0.0469	      0.0469	      0.0000	      0.0000	      0.0000	      0.0000
l1-dcache
 Metrics		      Total	      Instrn	       Data	       Read	      Write	       Misc
 -----------------	      ------	      ------	      ------	      ------	      ------	      ------
 Demand Fetches		   194383711	           0	   194383711	   117494520	    76889191	           0
  Fraction of total	      1.0000	      0.0000	      1.0000	      0.6044	      0.3956	      0.0000
 Demand Misses		     5728378	           0	     5728378	     4535124	     1193254	           0
  Demand miss rate	      0.0295	      0.0000	      0.0295	      0.0386	      0.0155	      0.0000

Tamanho da cache|8K|Tamanho do bloco|32|Associatividade|4|
l1-icache
 Metrics		      Total	      Instrn	       Data	       Read	      Write	       Misc
 -----------------	      ------	      ------	      ------	      ------	      ------	      ------
 Demand Fetches		   399999988	   399999988	           0	           0	           0	           0
  Fraction of total	      1.0000	      1.0000	      0.0000	      0.0000	      0.0000	      0.0000
 Demand Misses		    18516302	    18516302	           0	           0	           0	           0
  Demand miss rate	      0.0463	      0.0463	      0.0000	      0.0000	      0.0000	      0.0000
l1-dcache
 Metrics		      Total	      Instrn	       Data	       Read	      Write	       Misc
 -----------------	      ------	      ------	      ------	      ------	      ------	      ------
 Demand Fetches		   194383711	           0	   194383711	   117494520	    76889191	           0
  Fraction of total	      1.0000	      0.0000	      1.0000	      0.6044	      0.3956	      0.0000
 Demand Misses		     5303125	           0	     5303125	     4075926	     1227199	           0
  Demand miss rate	      0.0273	      0.0000	      0.0273	      0.0347	      0.0160	      0.0000

Tamanho da cache|8K|Tamanho do bloco|32|Associatividade|8|
l1-icache
 Metrics		      Total	      Instrn	       Data	       Read	      Write	       Misc
 -----------------	      ------	      ------	      ------	      ------	      ------	      ------
 Demand Fetches		   399999988	   399999988	           0	           0	           0	           0
  Fraction of total	      1.0000	      1.0000	      0.0000	      0.0000	      0.0000	      0.0000
 Demand Misses		    17865980	    17865980	           0	           0	           0	           0
  Demand miss rate	      0.0447	      0.0447	      0.0000	      0.0000	      0.0000	      0.0000
l1-dcache
 Metrics		      Total	      Instrn	       Data	       Read	      Write	       Misc
 -----------------	      ------	      ------	      ------	      ------	      ------	      ------
 Demand Fetches		   194383711	           0	   194383711	   117494520	    76889191	           0
  Fraction of total	      1.0000	      0.0000	      1.0000	      0.6044	      0.3956	      0.0000
 Demand Misses		     4737394	           0	     4737394	     3471757	     1265637	           0
  Demand miss rate	      0.0244	      0.0000	      0.0244	      0.0295	      0.0165	      0.0000

Tamanho da cache|8K|Tamanho do bloco|32|Associatividade|16|
l1-icache
 Metrics		      Total	      Instrn	       Data	       Read	      Write	       Misc
 -----------------	      ------	      ------	      ------	      ------	      ------	      ------
 Demand Fetches		   399999988	   399999988	           0	           0	           0	           0
  Fraction of total	      1.0000	      1.0000	      0.0000	      0.0000	      0.0000	      0.0000
 Demand Misses		    17390175	    17390175	           0	           0	           0	           0
  Demand miss rate	      0.0435	      0.0435	      0.0000	      0.0000	      0.0000	      0.0000
l1-dcache
 Metrics		      Total	      Instrn	       Data	       Read	      Write	       Misc
 -----------------	      ------	      ------	      ------	      ------	      ------	      ------
 Demand Fetches		   194383711	           0	   194383711	   117494520	    76889191	           0
  Fraction of total	      1.0000	      0.0000	      1.0000	      0.6044	      0.3956	      0.0000
 Demand Misses		     4228292	           0	     4228292	     3089747	     1138545	           0
  Demand miss rate	      0.0218	      0.0000	      0.0218	      0.0263	      0.0148	      0.0000

Tamanho da cache|8K|Tamanho do bloco|64|Associatividade|1|
l1-icache
 Metrics		      Total	      Instrn	       Data	       Read	      Write	       Misc
 -----------------	      ------	      ------	      ------	      ------	      ------	      ------
 Demand Fetches		   399999988	   399999988	           0	           0	           0	           0
  Fraction of total	      1.0000	      1.0000	      0.0000	      0.0000	      0.0000	      0.0000
 Demand Misses		    12096721	    12096721	           0	           0	           0	           0
  Demand miss rate	      0.0302	      0.0302	      0.0000	      0.0000	      0.0000	      0.0000
l1-dcache
 Metrics		      Total	      Instrn	       Data	       Read	      Write	       Misc
 -----------------	      ------	      ------	      ------	      ------	      ------	      ------
 Demand Fetches		   194383711	           0	   194383711	   117494520	    76889191	           0
  Fraction of total	      1.0000	      0.0000	      1.0000	      0.6044	      0.3956	      0.0000
 Demand Misses		     8753380	           0	     8753380	     6992284	     1761096	           0
  Demand miss rate	      0.0450	      0.0000	      0.0450	      0.0595	      0.0229	      0.0000

Tamanho da cache|8K|Tamanho do bloco|64|Associatividade|2|
l1-icache
 Metrics		      Total	      Instrn	       Data	       Read	      Write	       Misc
 -----------------	      ------	      ------	      ------	      ------	      ------	      ------
 Demand Fetches		   399999988	   399999988	           0	           0	           0	           0
  Fraction of total	      1.0000	      1.0000	      0.0000	      0.0000	      0.0000	      0.0000
 Demand Misses		    11278521	    11278521	           0	           0	           0	           0
  Demand miss rate	      0.0282	      0.0282	      0.0000	      0.0000	      0.0000	      0.0000
l1-dcache
 Metrics		      Total	      Instrn	       Data	       Read	      Write	       Misc
 -----------------	      ------	      ------	      ------	      ------	      ------	      ------
 Demand Fetches		   194383711	           0	   194383711	   117494520	    76889191	           0
  Fraction of total	      1.0000	      0.0000	      1.0000	      0.6044	      0.3956	      0.0000
 Demand Misses		     6091526	           0	     6091526	     5141390	      950136	           0
  Demand miss rate	      0.0313	      0.0000	      0.0313	      0.0438	      0.0124	      0.0000

Tamanho da cache|8K|Tamanho do bloco|64|Associatividade|4|
l1-icache
 Metrics		      Total	      Instrn	       Data	       Read	      Write	       Misc
 -----------------	      ------	      ------	      ------	      ------	      ------	      ------
 Demand Fetches		   399999988	   399999988	           0	           0	           0	           0
  Fraction of total	      1.0000	      1.0000	      0.0000	      0.0000	      0.0000	      0.0000
 Demand Misses		    11200672	    11200672	           0	           0	           0	           0
  Demand miss rate	      0.0280	      0.0280	      0.0000	      0.0000	      0.0000	      0.0000
l1-dcache
 Metrics		      Total	      Instrn	       Data	       Read	      Write	       Misc
 -----------------	      ------	      ------	      ------	      ------	      ------	      ------
 Demand Fetches		   194383711	           0	   194383711	   117494520	    76889191	           0
  Fraction of total	      1.0000	      0.0000	      1.0000	      0.6044	      0.3956	      0.0000
 Demand Misses		     5735499	           0	     5735499	     4657586	     1077913	           0
  Demand miss rate	      0.0295	      0.0000	      0.0295	      0.0396	      0.0140	      0.0000

Tamanho da cache|8K|Tamanho do bloco|64|Associatividade|8|
l1-icache
 Metrics		      Total	      Instrn	       Data	       Read	      Write	       Misc
 -----------------	      ------	      ------	      ------	      ------	      ------	      ------
 Demand Fetches		   399999988	   399999988	           0	           0	           0	           0
  Fraction of total	      1.0000	      1.0000	      0.0000	      0.0000	      0.0000	      0.0000
 Demand Misses		    11448801	    11448801	           0	           0	           0	           0
  Demand miss rate	      0.0286	      0.0286	      0.0000	      0.0000	      0.0000	      0.0000
l1-dcache
 Metrics		      Total	      Instrn	       Data	       Read	      Write	       Misc
 -----------------	      ------	      ------	      ------	      ------	      ------	      ------
 Demand Fetches		   194383711	           0	   194383711	   117494520	    76889191	           0
  Fraction of total	      1.0000	      0.0000	      1.0000	      0.6044	      0.3956	      0.0000
 Demand Misses		     5493049	           0	     5493049	     4374314	     1118735	           0
  Demand miss rate	      0.0283	      0.0000	      0.0283	      0.0372	      0.0145	      0.0000

Tamanho da cache|8K|Tamanho do bloco|64|Associatividade|16|
l1-icache
 Metrics		      Total	      Instrn	       Data	       Read	      Write	       Misc
 -----------------	      ------	      ------	      ------	      ------	      ------	      ------
 Demand Fetches		   399999988	   399999988	           0	           0	           0	           0
  Fraction of total	      1.0000	      1.0000	      0.0000	      0.0000	      0.0000	      0.0000
 Demand Misses		    11474435	    11474435	           0	           0	           0	           0
  Demand miss rate	      0.0287	      0.0287	      0.0000	      0.0000	      0.0000	      0.0000
l1-dcache
 Metrics		      Total	      Instrn	       Data	       Read	      Write	       Misc
 -----------------	      ------	      ------	      ------	      ------	      ------	      ------
 Demand Fetches		   194383711	           0	   194383711	   117494520	    76889191	           0
  Fraction of total	      1.0000	      0.0000	      1.0000	      0.6044	      0.3956	      0.0000
 Demand Misses		     5344372	           0	     5344372	     4121516	     1222856	           0
  Demand miss rate	      0.0275	      0.0000	      0.0275	      0.0351	      0.0159	      0.0000

Tamanho da cache|8K|Tamanho do bloco|128|Associatividade|1|
l1-icache
 Metrics		      Total	      Instrn	       Data	       Read	      Write	       Misc
 -----------------	      ------	      ------	      ------	      ------	      ------	      ------
 Demand Fetches		   399999988	   399999988	           0	           0	           0	           0
  Fraction of total	      1.0000	      1.0000	      0.0000	      0.0000	      0.0000	      0.0000
 Demand Misses		     8283824	     8283824	           0	           0	           0	           0
  Demand miss rate	      0.0207	      0.0207	      0.0000	      0.0000	      0.0000	      0.0000
l1-dcache
 Metrics		      Total	      Instrn	       Data	       Read	      Write	       Misc
 -----------------	      ------	      ------	      ------	      ------	      ------	      ------
 Demand Fetches		   194383711	           0	   194383711	   117494520	    76889191	           0
  Fraction of total	      1.0000	      0.0000	      1.0000	      0.6044	      0.3956	      0.0000
 Demand Misses		     9070671	           0	     9070671	     7570099	     1500572	           0
  Demand miss rate	      0.0467	      0.0000	      0.0467	      0.0644	      0.0195	      0.0000

Tamanho da cache|8K|Tamanho do bloco|128|Associatividade|2|
l1-icache
 Metrics		      Total	      Instrn	       Data	       Read	      Write	       Misc
 -----------------	      ------	      ------	      ------	      ------	      ------	      ------
 Demand Fetches		   399999988	   399999988	           0	           0	           0	           0
  Fraction of total	      1.0000	      1.0000	      0.0000	      0.0000	      0.0000	      0.0000
 Demand Misses		     7815462	     7815462	           0	           0	           0	           0
  Demand miss rate	      0.0195	      0.0195	      0.0000	      0.0000	      0.0000	      0.0000
l1-dcache
 Metrics		      Total	      Instrn	       Data	       Read	      Write	       Misc
 -----------------	      ------	      ------	      ------	      ------	      ------	      ------
 Demand Fetches		   194383711	           0	   194383711	   117494520	    76889191	           0
  Fraction of total	      1.0000	      0.0000	      1.0000	      0.6044	      0.3956	      0.0000
 Demand Misses		     6830708	           0	     6830708	     5973430	      857278	           0
  Demand miss rate	      0.0351	      0.0000	      0.0351	      0.0508	      0.0111	      0.0000

Tamanho da cache|8K|Tamanho do bloco|128|Associatividade|4|
l1-icache
 Metrics		      Total	      Instrn	       Data	       Read	      Write	       Misc
 -----------------	      ------	      ------	      ------	      ------	      ------	      ------
 Demand Fetches		   399999988	   399999988	           0	           0	           0	           0
  Fraction of total	      1.0000	      1.0000	      0.0000	      0.0000	      0.0000	      0.0000
 Demand Misses		     7970793	     7970793	           0	           0	           0	           0
  Demand miss rate	      0.0199	      0.0199	      0.0000	      0.0000	      0.0000	      0.0000
l1-dcache
 Metrics		      Total	      Instrn	       Data	       Read	      Write	       Misc
 -----------------	      ------	      ------	      ------	      ------	      ------	      ------
 Demand Fetches		   194383711	           0	   194383711	   117494520	    76889191	           0
  Fraction of total	      1.0000	      0.0000	      1.0000	      0.6044	      0.3956	      0.0000
 Demand Misses		     5909408	           0	     5909408	     5107835	      801573	           0
  Demand miss rate	      0.0304	      0.0000	      0.0304	      0.0435	      0.0104	      0.0000

Tamanho da cache|8K|Tamanho do bloco|128|Associatividade|8|
l1-icache
 Metrics		      Total	      Instrn	       Data	       Read	      Write	       Misc
 -----------------	      ------	      ------	      ------	      ------	      ------	      ------
 Demand Fetches		   399999988	   399999988	           0	           0	           0	           0
  Fraction of total	      1.0000	      1.0000	      0.0000	      0.0000	      0.0000	      0.0000
 Demand Misses		     8403296	     8403296	           0	           0	           0	           0
  Demand miss rate	      0.0210	      0.0210	      0.0000	      0.0000	      0.0000	      0.0000
l1-dcache
 Metrics		      Total	      Instrn	       Data	       Read	      Write	       Misc
 -----------------	      ------	      ------	      ------	      ------	      ------	      ------
 Demand Fetches		   194383711	           0	   194383711	   117494520	    76889191	           0
  Fraction of total	      1.0000	      0.0000	      1.0000	      0.6044	      0.3956	      0.0000
 Demand Misses		     6002503	           0	     6002503	     5165034	      837469	           0
  Demand miss rate	      0.0309	      0.0000	      0.0309	      0.0440	      0.0109	      0.0000

Tamanho da cache|8K|Tamanho do bloco|128|Associatividade|16|
l1-icache
 Metrics		      Total	      Instrn	       Data	       Read	      Write	       Misc
 -----------------	      ------	      ------	      ------	      ------	      ------	      ------
 Demand Fetches		   399999988	   399999988	           0	           0	           0	           0
  Fraction of total	      1.0000	      1.0000	      0.0000	      0.0000	      0.0000	      0.0000
 Demand Misses		     8683549	     8683549	           0	           0	           0	           0
  Demand miss rate	      0.0217	      0.0217	      0.0000	      0.0000	      0.0000	      0.0000
l1-dcache
 Metrics		      Total	      Instrn	       Data	       Read	      Write	       Misc
 -----------------	      ------	      ------	      ------	      ------	      ------	      ------
 Demand Fetches		   194383711	           0	   194383711	   117494520	    76889191	           0
  Fraction of total	      1.0000	      0.0000	      1.0000	      0.6044	      0.3956	      0.0000
 Demand Misses		     5950216	           0	     5950216	     5131349	      818867	           0
  Demand miss rate	      0.0306	      0.0000	      0.0306	      0.0437	      0.0106	      0.0000

Tamanho da cache|16K|Tamanho do bloco|8|Associatividade|1|
l1-icache
 Metrics		      Total	      Instrn	       Data	       Read	      Write	       Misc
 -----------------	      ------	      ------	      ------	      ------	      ------	      ------
 Demand Fetches		   399999988	   399999988	           0	           0	           0	           0
  Fraction of total	      1.0000	      1.0000	      0.0000	      0.0000	      0.0000	      0.0000
 Demand Misses		    37212116	    37212116	           0	           0	           0	           0
  Demand miss rate	      0.0930	      0.0930	      0.0000	      0.0000	      0.0000	      0.0000
l1-dcache
 Metrics		      Total	      Instrn	       Data	       Read	      Write	       Misc
 -----------------	      ------	      ------	      ------	      ------	      ------	      ------
 Demand Fetches		   194383711	           0	   194383711	   117494520	    76889191	           0
  Fraction of total	      1.0000	      0.0000	      1.0000	      0.6044	      0.3956	      0.0000
 Demand Misses		     5840292	           0	     5840292	     4342995	     1497297	           0
  Demand miss rate	      0.0300	      0.0000	      0.0300	      0.0370	      0.0195	      0.0000

Tamanho da cache|16K|Tamanho do bloco|8|Associatividade|2|
l1-icache
 Metrics		      Total	      Instrn	       Data	       Read	      Write	       Misc
 -----------------	      ------	      ------	      ------	      ------	      ------	      ------
 Demand Fetches		   399999988	   399999988	           0	           0	           0	           0
  Fraction of total	      1.0000	      1.0000	      0.0000	      0.0000	      0.0000	      0.0000
 Demand Misses		    18303130	    18303130	           0	           0	           0	           0
  Demand miss rate	      0.0458	      0.0458	      0.0000	      0.0000	      0.0000	      0.0000
l1-dcache
 Metrics		      Total	      Instrn	       Data	       Read	      Write	       Misc
 -----------------	      ------	      ------	      ------	      ------	      ------	      ------
 Demand Fetches		   194383711	           0	   194383711	   117494520	    76889191	           0
  Fraction of total	      1.0000	      0.0000	      1.0000	      0.6044	      0.3956	      0.0000
 Demand Misses		     2543440	           0	     2543440	     1760576	      782864	           0
  Demand miss rate	      0.0131	      0.0000	      0.0131	      0.0150	      0.0102	      0.0000

Tamanho da cache|16K|Tamanho do bloco|8|Associatividade|4|
l1-icache
 Metrics		      Total	      Instrn	       Data	       Read	      Write	       Misc
 -----------------	      ------	      ------	      ------	      ------	      ------	      ------
 Demand Fetches		   399999988	   399999988	           0	           0	           0	           0
  Fraction of total	      1.0000	      1.0000	      0.0000	      0.0000	      0.0000	      0.0000
 Demand Misses		    12684979	    12684979	           0	           0	           0	           0
  Demand miss rate	      0.0317	      0.0317	      0.0000	      0.0000	      0.0000	      0.0000
l1-dcache
 Metrics		      Total	      Instrn	       Data	       Read	      Write	       Misc
 -----------------	      ------	      ------	      ------	      ------	      ------	      ------
 Demand Fetches		   194383711	           0	   194383711	   117494520	    76889191	           0
  Fraction of total	      1.0000	      0.0000	      1.0000	      0.6044	      0.3956	      0.0000
 Demand Misses		     1611641	           0	     1611641	     1063449	      548192	           0
  Demand miss rate	      0.0083	      0.0000	      0.0083	      0.0091	      0.0071	      0.0000

Tamanho da cache|16K|Tamanho do bloco|8|Associatividade|8|
l1-icache
 Metrics		      Total	      Instrn	       Data	       Read	      Write	       Misc
 -----------------	      ------	      ------	      ------	      ------	      ------	      ------
 Demand Fetches		   399999988	   399999988	           0	           0	           0	           0
  Fraction of total	      1.0000	      1.0000	      0.0000	      0.0000	      0.0000	      0.0000
 Demand Misses		     9101927	     9101927	           0	           0	           0	           0
  Demand miss rate	      0.0228	      0.0228	      0.0000	      0.0000	      0.0000	      0.0000
l1-dcache
 Metrics		      Total	      Instrn	       Data	       Read	      Write	       Misc
 -----------------	      ------	      ------	      ------	      ------	      ------	      ------
 Demand Fetches		   194383711	           0	   194383711	   117494520	    76889191	           0
  Fraction of total	      1.0000	      0.0000	      1.0000	      0.6044	      0.3956	      0.0000
 Demand Misses		     1542967	           0	     1542967	     1003854	      539113	           0
  Demand miss rate	      0.0079	      0.0000	      0.0079	      0.0085	      0.0070	      0.0000

Tamanho da cache|16K|Tamanho do bloco|8|Associatividade|16|
l1-icache
 Metrics		      Total	      Instrn	       Data	       Read	      Write	       Misc
 -----------------	      ------	      ------	      ------	      ------	      ------	      ------
 Demand Fetches		   399999988	   399999988	           0	           0	           0	           0
  Fraction of total	      1.0000	      1.0000	      0.0000	      0.0000	      0.0000	      0.0000
 Demand Misses		     4119741	     4119741	           0	           0	           0	           0
  Demand miss rate	      0.0103	      0.0103	      0.0000	      0.0000	      0.0000	      0.0000
l1-dcache
 Metrics		      Total	      Instrn	       Data	       Read	      Write	       Misc
 -----------------	      ------	      ------	      ------	      ------	      ------	      ------
 Demand Fetches		   194383711	           0	   194383711	   117494520	    76889191	           0
  Fraction of total	      1.0000	      0.0000	      1.0000	      0.6044	      0.3956	      0.0000
 Demand Misses		     1538684	           0	     1538684	     1001992	      536692	           0
  Demand miss rate	      0.0079	      0.0000	      0.0079	      0.0085	      0.0070	      0.0000

Tamanho da cache|16K|Tamanho do bloco|16|Associatividade|1|
l1-icache
 Metrics		      Total	      Instrn	       Data	       Read	      Write	       Misc
 -----------------	      ------	      ------	      ------	      ------	      ------	      ------
 Demand Fetches		   399999988	   399999988	           0	           0	           0	           0
  Fraction of total	      1.0000	      1.0000	      0.0000	      0.0000	      0.0000	      0.0000
 Demand Misses		    20961288	    20961288	           0	           0	           0	           0
  Demand miss rate	      0.0524	      0.0524	      0.0000	      0.0000	      0.0000	      0.0000
l1-dcache
 Metrics		      Total	      Instrn	       Data	       Read	      Write	       Misc
 -----------------	      ------	      ------	      ------	      ------	      ------	      ------
 Demand Fetches		   194383711	           0	   194383711	   117494520	    76889191	           0
  Fraction of total	      1.0000	      0.0000	      1.0000	      0.6044	      0.3956	      0.0000
 Demand Misses		     4820635	           0	     4820635	     3819961	     1000674	           0
  Demand miss rate	      0.0248	      0.0000	      0.0248	      0.0325	      0.0130	      0.0000

Tamanho da cache|16K|Tamanho do bloco|16|Associatividade|2|
l1-icache
 Metrics		      Total	      Instrn	       Data	       Read	      Write	       Misc
 -----------------	      ------	      ------	      ------	      ------	      ------	      ------
 Demand Fetches		   399999988	   399999988	           0	           0	           0	           0
  Fraction of total	      1.0000	      1.0000	      0.0000	      0.0000	      0.0000	      0.0000
 Demand Misses		    10726992	    10726992	           0	           0	           0	           0
  Demand miss rate	      0.0268	      0.0268	      0.0000	      0.0000	      0.0000	      0.0000
l1-dcache
 Metrics		      Total	      Instrn	       Data	       Read	      Write	       Misc
 -----------------	      ------	      ------	      ------	      ------	      ------	      ------
 Demand Fetches		   194383711	           0	   194383711	   117494520	    76889191	           0
  Fraction of total	      1.0000	      0.0000	      1.0000	      0.6044	      0.3956	      0.0000
 Demand Misses		     2290489	           0	     2290489	     1729248	      561241	           0
  Demand miss rate	      0.0118	      0.0000	      0.0118	      0.0147	      0.0073	      0.0000

Tamanho da cache|16K|Tamanho do bloco|16|Associatividade|4|
l1-icache
 Metrics		      Total	      Instrn	       Data	       Read	      Write	       Misc
 -----------------	      ------	      ------	      ------	      ------	      ------	      ------
 Demand Fetches		   399999988	   399999988	           0	           0	           0	           0
  Fraction of total	      1.0000	      1.0000	      0.0000	      0.0000	      0.0000	      0.0000
 Demand Misses		     7418122	     7418122	           0	           0	           0	           0
  Demand miss rate	      0.0185	      0.0185	      0.0000	      0.0000	      0.0000	      0.0000
l1-dcache
 Metrics		      Total	      Instrn	       Data	       Read	      Write	       Misc
 -----------------	      ------	      ------	      ------	      ------	      ------	      ------
 Demand Fetches		   194383711	           0	   194383711	   117494520	    76889191	           0
  Fraction of total	      1.0000	      0.0000	      1.0000	      0.6044	      0.3956	      0.0000
 Demand Misses		     1004328	           0	     1004328	      735751	      268577	           0
  Demand miss rate	      0.0052	      0.0000	      0.0052	      0.0063	      0.0035	      0.0000

Tamanho da cache|16K|Tamanho do bloco|16|Associatividade|8|
l1-icache
 Metrics		      Total	      Instrn	       Data	       Read	      Write	       Misc
 -----------------	      ------	      ------	      ------	      ------	      ------	      ------
 Demand Fetches		   399999988	   399999988	           0	           0	           0	           0
  Fraction of total	      1.0000	      1.0000	      0.0000	      0.0000	      0.0000	      0.0000
 Demand Misses		     5670750	     5670750	           0	           0	           0	           0
  Demand miss rate	      0.0142	      0.0142	      0.0000	      0.0000	      0.0000	      0.0000
l1-dcache
 Metrics		      Total	      Instrn	       Data	       Read	      Write	       Misc
 -----------------	      ------	      ------	      ------	      ------	      ------	      ------
 Demand Fetches		   194383711	           0	   194383711	   117494520	    76889191	           0
  Fraction of total	      1.0000	      0.0000	      1.0000	      0.6044	      0.3956	      0.0000
 Demand Misses		      871466	           0	      871466	      628532	      242934	           0
  Demand miss rate	      0.0045	      0.0000	      0.0045	      0.0053	      0.0032	      0.0000

Tamanho da cache|16K|Tamanho do bloco|16|Associatividade|16|
l1-icache
 Metrics		      Total	      Instrn	       Data	       Read	      Write	       Misc
 -----------------	      ------	      ------	      ------	      ------	      ------	      ------
 Demand Fetches		   399999988	   399999988	           0	           0	           0	           0
  Fraction of total	      1.0000	      1.0000	      0.0000	      0.0000	      0.0000	      0.0000
 Demand Misses		     2558761	     2558761	           0	           0	           0	           0
  Demand miss rate	      0.0064	      0.0064	      0.0000	      0.0000	      0.0000	      0.0000
l1-dcache
 Metrics		      Total	      Instrn	       Data	       Read	      Write	       Misc
 -----------------	      ------	      ------	      ------	      ------	      ------	      ------
 Demand Fetches		   194383711	           0	   194383711	   117494520	    76889191	           0
  Fraction of total	      1.0000	      0.0000	      1.0000	      0.6044	      0.3956	      0.0000
 Demand Misses		      856360	           0	      856360	      618377	      237983	           0
  Demand miss rate	      0.0044	      0.0000	      0.0044	      0.0053	      0.0031	      0.0000

Tamanho da cache|16K|Tamanho do bloco|32|Associatividade|1|
l1-icache
 Metrics		      Total	      Instrn	       Data	       Read	      Write	       Misc
 -----------------	      ------	      ------	      ------	      ------	      ------	      ------
 Demand Fetches		   399999988	   399999988	           0	           0	           0	           0
  Fraction of total	      1.0000	      1.0000	      0.0000	      0.0000	      0.0000	      0.0000
 Demand Misses		    12994009	    12994009	           0	           0	           0	           0
  Demand miss rate	      0.0325	      0.0325	      0.0000	      0.0000	      0.0000	      0.0000
l1-dcache
 Metrics		      Total	      Instrn	       Data	       Read	      Write	       Misc
 -----------------	      ------	      ------	      ------	      ------	      ------	      ------
 Demand Fetches		   194383711	           0	   194383711	   117494520	    76889191	           0
  Fraction of total	      1.0000	      0.0000	      1.0000	      0.6044	      0.3956	      0.0000
 Demand Misses		     4527779	           0	     4527779	     3665336	      862443	           0
  Demand miss rate	      0.0233	      0.0000	      0.0233	      0.0312	      0.0112	      0.0000

Tamanho da cache|16K|Tamanho do bloco|32|Associatividade|2|
l1-icache
 Metrics		      Total	      Instrn	       Data	       Read	      Write	       Misc
 -----------------	      ------	      ------	      ------	      ------	      ------	      ------
 Demand Fetches		   399999988	   399999988	           0	           0	           0	           0
  Fraction of total	      1.0000	      1.0000	      0.0000	      0.0000	      0.0000	      0.0000
 Demand Misses		     6777410	     6777410	           0	           0	           0	           0
  Demand miss rate	      0.0169	      0.0169	      0.0000	      0.0000	      0.0000	      0.0000
l1-dcache
 Metrics		      Total	      Instrn	       Data	       Read	      Write	       Misc
 -----------------	      ------	      ------	      ------	      ------	      ------	      ------
 Demand Fetches		   194383711	           0	   194383711	   117494520	    76889191	           0
  Fraction of total	      1.0000	      0.0000	      1.0000	      0.6044	      0.3956	      0.0000
 Demand Misses		     2373531	           0	     2373531	     1853505	      520026	           0
  Demand miss rate	      0.0122	      0.0000	      0.0122	      0.0158	      0.0068	      0.0000

Tamanho da cache|16K|Tamanho do bloco|32|Associatividade|4|
l1-icache
 Metrics		      Total	      Instrn	       Data	       Read	      Write	       Misc
 -----------------	      ------	      ------	      ------	      ------	      ------	      ------
 Demand Fetches		   399999988	   399999988	           0	           0	           0	           0
  Fraction of total	      1.0000	      1.0000	      0.0000	      0.0000	      0.0000	      0.0000
 Demand Misses		     4746221	     4746221	           0	           0	           0	           0
  Demand miss rate	      0.0119	      0.0119	      0.0000	      0.0000	      0.0000	      0.0000
l1-dcache
 Metrics		      Total	      Instrn	       Data	       Read	      Write	       Misc
 -----------------	      ------	      ------	      ------	      ------	      ------	      ------
 Demand Fetches		   194383711	           0	   194383711	   117494520	    76889191	           0
  Fraction of total	      1.0000	      0.0000	      1.0000	      0.6044	      0.3956	      0.0000
 Demand Misses		      894113	           0	      894113	      714707	      179406	           0
  Demand miss rate	      0.0046	      0.0000	      0.0046	      0.0061	      0.0023	      0.0000

Tamanho da cache|16K|Tamanho do bloco|32|Associatividade|8|
l1-icache
 Metrics		      Total	      Instrn	       Data	       Read	      Write	       Misc
 -----------------	      ------	      ------	      ------	      ------	      ------	      ------
 Demand Fetches		   399999988	   399999988	           0	           0	           0	           0
  Fraction of total	      1.0000	      1.0000	      0.0000	      0.0000	      0.0000	      0.0000
 Demand Misses		     3964406	     3964406	           0	           0	           0	           0
  Demand miss rate	      0.0099	      0.0099	      0.0000	      0.0000	      0.0000	      0.0000
l1-dcache
 Metrics		      Total	      Instrn	       Data	       Read	      Write	       Misc
 -----------------	      ------	      ------	      ------	      ------	      ------	      ------
 Demand Fetches		   194383711	           0	   194383711	   117494520	    76889191	           0
  Fraction of total	      1.0000	      0.0000	      1.0000	      0.6044	      0.3956	      0.0000
 Demand Misses		      636717	           0	      636717	      492782	      143935	           0
  Demand miss rate	      0.0033	      0.0000	      0.0033	      0.0042	      0.0019	      0.0000

Tamanho da cache|16K|Tamanho do bloco|32|Associatividade|16|
l1-icache
 Metrics		      Total	      Instrn	       Data	       Read	      Write	       Misc
 -----------------	      ------	      ------	      ------	      ------	      ------	      ------
 Demand Fetches		   399999988	   399999988	           0	           0	           0	           0
  Fraction of total	      1.0000	      1.0000	      0.0000	      0.0000	      0.0000	      0.0000
 Demand Misses		     2516954	     2516954	           0	           0	           0	           0
  Demand miss rate	      0.0063	      0.0063	      0.0000	      0.0000	      0.0000	      0.0000
l1-dcache
 Metrics		      Total	      Instrn	       Data	       Read	      Write	       Misc
 -----------------	      ------	      ------	      ------	      ------	      ------	      ------
 Demand Fetches		   194383711	           0	   194383711	   117494520	    76889191	           0
  Fraction of total	      1.0000	      0.0000	      1.0000	      0.6044	      0.3956	      0.0000
 Demand Misses		      581537	           0	      581537	      446788	      134749	           0
  Demand miss rate	      0.0030	      0.0000	      0.0030	      0.0038	      0.0018	      0.0000

Tamanho da cache|16K|Tamanho do bloco|64|Associatividade|1|
l1-icache
 Metrics		      Total	      Instrn	       Data	       Read	      Write	       Misc
 -----------------	      ------	      ------	      ------	      ------	      ------	      ------
 Demand Fetches		   399999988	   399999988	           0	           0	           0	           0
  Fraction of total	      1.0000	      1.0000	      0.0000	      0.0000	      0.0000	      0.0000
 Demand Misses		     8145057	     8145057	           0	           0	           0	           0
  Demand miss rate	      0.0204	      0.0204	      0.0000	      0.0000	      0.0000	      0.0000
l1-dcache
 Metrics		      Total	      Instrn	       Data	       Read	      Write	       Misc
 -----------------	      ------	      ------	      ------	      ------	      ------	      ------
 Demand Fetches		   194383711	           0	   194383711	   117494520	    76889191	           0
  Fraction of total	      1.0000	      0.0000	      1.0000	      0.6044	      0.3956	      0.0000
 Demand Misses		     4726892	           0	     4726892	     4070413	      656479	           0
  Demand miss rate	      0.0243	      0.0000	      0.0243	      0.0346	      0.0085	      0.0000

Tamanho da cache|16K|Tamanho do bloco|64|Associatividade|2|
l1-icache
 Metrics		      Total	      Instrn	       Data	       Read	      Write	       Misc
 -----------------	      ------	      ------	      ------	      ------	      ------	      ------
 Demand Fetches		   399999988	   399999988	           0	           0	           0	           0
  Fraction of total	      1.0000	      1.0000	      0.0000	      0.0000	      0.0000	      0.0000
 Demand Misses		     4403858	     4403858	           0	           0	           0	           0
  Demand miss rate	      0.0110	      0.0110	      0.0000	      0.0000	      0.0000	      0.0000
l1-dcache
 Metrics		      Total	      Instrn	       Data	       Read	      Write	       Misc
 -----------------	      ------	      ------	      ------	      ------	      ------	      ------
 Demand Fetches		   194383711	           0	   194383711	   117494520	    76889191	           0
  Fraction of total	      1.0000	      0.0000	      1.0000	      0.6044	      0.3956	      0.0000
 Demand Misses		     2828597	           0	     2828597	     2339936	      488661	           0
  Demand miss rate	      0.0146	      0.0000	      0.0146	      0.0199	      0.0064	      0.0000

Tamanho da cache|16K|Tamanho do bloco|64|Associatividade|4|
l1-icache
 Metrics		      Total	      Instrn	       Data	       Read	      Write	       Misc
 -----------------	      ------	      ------	      ------	      ------	      ------	      ------
 Demand Fetches		   399999988	   399999988	           0	           0	           0	           0
  Fraction of total	      1.0000	      1.0000	      0.0000	      0.0000	      0.0000	      0.0000
 Demand Misses		     3110553	     3110553	           0	           0	           0	           0
  Demand miss rate	      0.0078	      0.0078	      0.0000	      0.0000	      0.0000	      0.0000
l1-dcache
 Metrics		      Total	      Instrn	       Data	       Read	      Write	       Misc
 -----------------	      ------	      ------	      ------	      ------	      ------	      ------
 Demand Fetches		   194383711	           0	   194383711	   117494520	    76889191	           0
  Fraction of total	      1.0000	      0.0000	      1.0000	      0.6044	      0.3956	      0.0000
 Demand Misses		     1401933	           0	     1401933	     1198957	      202976	           0
  Demand miss rate	      0.0072	      0.0000	      0.0072	      0.0102	      0.0026	      0.0000

Tamanho da cache|16K|Tamanho do bloco|64|Associatividade|8|
l1-icache
 Metrics		      Total	      Instrn	       Data	       Read	      Write	       Misc
 -----------------	      ------	      ------	      ------	      ------	      ------	      ------
 Demand Fetches		   399999988	   399999988	           0	           0	           0	           0
  Fraction of total	      1.0000	      1.0000	      0.0000	      0.0000	      0.0000	      0.0000
 Demand Misses		     2963364	     2963364	           0	           0	           0	           0
  Demand miss rate	      0.0074	      0.0074	      0.0000	      0.0000	      0.0000	      0.0000
l1-dcache
 Metrics		      Total	      Instrn	       Data	       Read	      Write	       Misc
 -----------------	      ------	      ------	      ------	      ------	      ------	      ------
 Demand Fetches		   194383711	           0	   194383711	   117494520	    76889191	           0
  Fraction of total	      1.0000	      0.0000	      1.0000	      0.6044	      0.3956	      0.0000
 Demand Misses		      912049	           0	      912049	      780380	      131669	           0
  Demand miss rate	      0.0047	      0.0000	      0.0047	      0.0066	      0.0017	      0.0000

Tamanho da cache|16K|Tamanho do bloco|64|Associatividade|16|
l1-icache
 Metrics		      Total	      Instrn	       Data	       Read	      Write	       Misc
 -----------------	      ------	      ------	      ------	      ------	      ------	      ------
 Demand Fetches		   399999988	   399999988	           0	           0	           0	           0
  Fraction of total	      1.0000	      1.0000	      0.0000	      0.0000	      0.0000	      0.0000
 Demand Misses		     2175300	     2175300	           0	           0	           0	           0
  Demand miss rate	      0.0054	      0.0054	      0.0000	      0.0000	      0.0000	      0.0000
l1-dcache
 Metrics		      Total	      Instrn	       Data	       Read	      Write	       Misc
 -----------------	      ------	      ------	      ------	      ------	      ------	      ------
 Demand Fetches		   194383711	           0	   194383711	   117494520	    76889191	           0
  Fraction of total	      1.0000	      0.0000	      1.0000	      0.6044	      0.3956	      0.0000
 Demand Misses		      696952	           0	      696952	      580018	      116934	           0
  Demand miss rate	      0.0036	      0.0000	      0.0036	      0.0049	      0.0015	      0.0000

Tamanho da cache|16K|Tamanho do bloco|128|Associatividade|1|
l1-icache
 Metrics		      Total	      Instrn	       Data	       Read	      Write	       Misc
 -----------------	      ------	      ------	      ------	      ------	      ------	      ------
 Demand Fetches		   399999988	   399999988	           0	           0	           0	           0
  Fraction of total	      1.0000	      1.0000	      0.0000	      0.0000	      0.0000	      0.0000
 Demand Misses		     5614487	     5614487	           0	           0	           0	           0
  Demand miss rate	      0.0140	      0.0140	      0.0000	      0.0000	      0.0000	      0.0000
l1-dcache
 Metrics		      Total	      Instrn	       Data	       Read	      Write	       Misc
 -----------------	      ------	      ------	      ------	      ------	      ------	      ------
 Demand Fetches		   194383711	           0	   194383711	   117494520	    76889191	           0
  Fraction of total	      1.0000	      0.0000	      1.0000	      0.6044	      0.3956	      0.0000
 Demand Misses		     5284676	           0	     5284676	     4594458	      690218	           0
  Demand miss rate	      0.0272	      0.0000	      0.0272	      0.0391	      0.0090	      0.0000

Tamanho da cache|16K|Tamanho do bloco|128|Associatividade|2|
l1-icache
 Metrics		      Total	      Instrn	       Data	       Read	      Write	       Misc
 -----------------	      ------	      ------	      ------	      ------	      ------	      ------
 Demand Fetches		   399999988	   399999988	           0	           0	           0	           0
  Fraction of total	      1.0000	      1.0000	      0.0000	      0.0000	      0.0000	      0.0000
 Demand Misses		     3716413	     3716413	           0	           0	           0	           0
  Demand miss rate	      0.0093	      0.0093	      0.0000	      0.0000	      0.0000	      0.0000
l1-dcache
 Metrics		      Total	      Instrn	       Data	       Read	      Write	       Misc
 -----------------	      ------	      ------	      ------	      ------	      ------	      ------
 Demand Fetches		   194383711	           0	   194383711	   117494520	    76889191	           0
  Fraction of total	      1.0000	      0.0000	      1.0000	      0.6044	      0.3956	      0.0000
 Demand Misses		     3462462	           0	     3462462	     2981503	      480959	           0
  Demand miss rate	      0.0178	      0.0000	      0.0178	      0.0254	      0.0063	      0.0000

Tamanho da cache|16K|Tamanho do bloco|128|Associatividade|4|
