
Tamanho da cache|2K|Tamanho do bloco|16|Associatividade|1|
l1-icache
 Metrics		      Total	      Instrn	       Data	       Read	      Write	       Misc
 -----------------	      ------	      ------	      ------	      ------	      ------	      ------
 Demand Fetches		   399999995	   399999995	           0	           0	           0	           0
  Fraction of total	      1.0000	      1.0000	      0.0000	      0.0000	      0.0000	      0.0000
 Demand Misses		    63368262	    63368262	           0	           0	           0	           0
  Demand miss rate	      0.1584	      0.1584	      0.0000	      0.0000	      0.0000	      0.0000
l1-dcache
 Metrics		      Total	      Instrn	       Data	       Read	      Write	       Misc
 -----------------	      ------	      ------	      ------	      ------	      ------	      ------
 Demand Fetches		   146881020	           0	   146881020	   110474530	    36406490	           0
  Fraction of total	      1.0000	      0.0000	      1.0000	      0.7521	      0.2479	      0.0000
 Demand Misses		    13626195	           0	    13626195	    10504988	     3121207	           0
  Demand miss rate	      0.0928	      0.0000	      0.0928	      0.0951	      0.0857	      0.0000

Tamanho da cache|2K|Tamanho do bloco|16|Associatividade|2|
l1-icache
 Metrics		      Total	      Instrn	       Data	       Read	      Write	       Misc
 -----------------	      ------	      ------	      ------	      ------	      ------	      ------
 Demand Fetches		   399999995	   399999995	           0	           0	           0	           0
  Fraction of total	      1.0000	      1.0000	      0.0000	      0.0000	      0.0000	      0.0000
 Demand Misses		    62418486	    62418486	           0	           0	           0	           0
  Demand miss rate	      0.1560	      0.1560	      0.0000	      0.0000	      0.0000	      0.0000
l1-dcache
 Metrics		      Total	      Instrn	       Data	       Read	      Write	       Misc
 -----------------	      ------	      ------	      ------	      ------	      ------	      ------
 Demand Fetches		   146881020	           0	   146881020	   110474530	    36406490	           0
  Fraction of total	      1.0000	      0.0000	      1.0000	      0.7521	      0.2479	      0.0000
 Demand Misses		     6359737	           0	     6359737	     4488536	     1871201	           0
  Demand miss rate	      0.0433	      0.0000	      0.0433	      0.0406	      0.0514	      0.0000

Tamanho da cache|2K|Tamanho do bloco|16|Associatividade|4|
l1-icache
 Metrics		      Total	      Instrn	       Data	       Read	      Write	       Misc
 -----------------	      ------	      ------	      ------	      ------	      ------	      ------
 Demand Fetches		   399999995	   399999995	           0	           0	           0	           0
  Fraction of total	      1.0000	      1.0000	      0.0000	      0.0000	      0.0000	      0.0000
 Demand Misses		    59663241	    59663241	           0	           0	           0	           0
  Demand miss rate	      0.1492	      0.1492	      0.0000	      0.0000	      0.0000	      0.0000
l1-dcache
 Metrics		      Total	      Instrn	       Data	       Read	      Write	       Misc
 -----------------	      ------	      ------	      ------	      ------	      ------	      ------
 Demand Fetches		   146881020	           0	   146881020	   110474530	    36406490	           0
  Fraction of total	      1.0000	      0.0000	      1.0000	      0.7521	      0.2479	      0.0000
 Demand Misses		     5006469	           0	     5006469	     3795359	     1211110	           0
  Demand miss rate	      0.0341	      0.0000	      0.0341	      0.0344	      0.0333	      0.0000

Tamanho da cache|2K|Tamanho do bloco|16|Associatividade|8|
l1-icache
 Metrics		      Total	      Instrn	       Data	       Read	      Write	       Misc
 -----------------	      ------	      ------	      ------	      ------	      ------	      ------
 Demand Fetches		   399999995	   399999995	           0	           0	           0	           0
  Fraction of total	      1.0000	      1.0000	      0.0000	      0.0000	      0.0000	      0.0000
 Demand Misses		    57828420	    57828420	           0	           0	           0	           0
  Demand miss rate	      0.1446	      0.1446	      0.0000	      0.0000	      0.0000	      0.0000
l1-dcache
 Metrics		      Total	      Instrn	       Data	       Read	      Write	       Misc
 -----------------	      ------	      ------	      ------	      ------	      ------	      ------
 Demand Fetches		   146881020	           0	   146881020	   110474530	    36406490	           0
  Fraction of total	      1.0000	      0.0000	      1.0000	      0.7521	      0.2479	      0.0000
 Demand Misses		     2730324	           0	     2730324	     1685388	     1044936	           0
  Demand miss rate	      0.0186	      0.0000	      0.0186	      0.0153	      0.0287	      0.0000

Tamanho da cache|2K|Tamanho do bloco|16|Associatividade|16|
l1-icache
 Metrics		      Total	      Instrn	       Data	       Read	      Write	       Misc
 -----------------	      ------	      ------	      ------	      ------	      ------	      ------
 Demand Fetches		   399999995	   399999995	           0	           0	           0	           0
  Fraction of total	      1.0000	      1.0000	      0.0000	      0.0000	      0.0000	      0.0000
 Demand Misses		    56802334	    56802334	           0	           0	           0	           0
  Demand miss rate	      0.1420	      0.1420	      0.0000	      0.0000	      0.0000	      0.0000
l1-dcache
 Metrics		      Total	      Instrn	       Data	       Read	      Write	       Misc
 -----------------	      ------	      ------	      ------	      ------	      ------	      ------
 Demand Fetches		   146881020	           0	   146881020	   110474530	    36406490	           0
  Fraction of total	      1.0000	      0.0000	      1.0000	      0.7521	      0.2479	      0.0000
 Demand Misses		      906198	           0	      906198	      347546	      558652	           0
  Demand miss rate	      0.0062	      0.0000	      0.0062	      0.0031	      0.0153	      0.0000

Tamanho da cache|2K|Tamanho do bloco|16|Associatividade|32|
l1-icache
 Metrics		      Total	      Instrn	       Data	       Read	      Write	       Misc
 -----------------	      ------	      ------	      ------	      ------	      ------	      ------
 Demand Fetches		   399999995	   399999995	           0	           0	           0	           0
  Fraction of total	      1.0000	      1.0000	      0.0000	      0.0000	      0.0000	      0.0000
 Demand Misses		    56969008	    56969008	           0	           0	           0	           0
  Demand miss rate	      0.1424	      0.1424	      0.0000	      0.0000	      0.0000	      0.0000
l1-dcache
 Metrics		      Total	      Instrn	       Data	       Read	      Write	       Misc
 -----------------	      ------	      ------	      ------	      ------	      ------	      ------
 Demand Fetches		   146881020	           0	   146881020	   110474530	    36406490	           0
  Fraction of total	      1.0000	      0.0000	      1.0000	      0.7521	      0.2479	      0.0000
 Demand Misses		      706264	           0	      706264	      161552	      544712	           0
  Demand miss rate	      0.0048	      0.0000	      0.0048	      0.0015	      0.0150	      0.0000

Tamanho da cache|2K|Tamanho do bloco|32|Associatividade|1|
l1-icache
 Metrics		      Total	      Instrn	       Data	       Read	      Write	       Misc
 -----------------	      ------	      ------	      ------	      ------	      ------	      ------
 Demand Fetches		   399999995	   399999995	           0	           0	           0	           0
  Fraction of total	      1.0000	      1.0000	      0.0000	      0.0000	      0.0000	      0.0000
 Demand Misses		    40126817	    40126817	           0	           0	           0	           0
  Demand miss rate	      0.1003	      0.1003	      0.0000	      0.0000	      0.0000	      0.0000
l1-dcache
 Metrics		      Total	      Instrn	       Data	       Read	      Write	       Misc
 -----------------	      ------	      ------	      ------	      ------	      ------	      ------
 Demand Fetches		   146881019	           0	   146881019	   110474529	    36406490	           0
  Fraction of total	      1.0000	      0.0000	      1.0000	      0.7521	      0.2479	      0.0000
 Demand Misses		    14291684	           0	    14291684	    12411471	     1880213	           0
  Demand miss rate	      0.0973	      0.0000	      0.0973	      0.1123	      0.0516	      0.0000

Tamanho da cache|2K|Tamanho do bloco|32|Associatividade|2|
l1-icache
 Metrics		      Total	      Instrn	       Data	       Read	      Write	       Misc
 -----------------	      ------	      ------	      ------	      ------	      ------	      ------
 Demand Fetches		   399999995	   399999995	           0	           0	           0	           0
  Fraction of total	      1.0000	      1.0000	      0.0000	      0.0000	      0.0000	      0.0000
 Demand Misses		    38679136	    38679136	           0	           0	           0	           0
  Demand miss rate	      0.0967	      0.0967	      0.0000	      0.0000	      0.0000	      0.0000
l1-dcache
 Metrics		      Total	      Instrn	       Data	       Read	      Write	       Misc
 -----------------	      ------	      ------	      ------	      ------	      ------	      ------
 Demand Fetches		   146881019	           0	   146881019	   110474529	    36406490	           0
  Fraction of total	      1.0000	      0.0000	      1.0000	      0.7521	      0.2479	      0.0000
 Demand Misses		     8536272	           0	     8536272	     6864406	     1671866	           0
  Demand miss rate	      0.0581	      0.0000	      0.0581	      0.0621	      0.0459	      0.0000

Tamanho da cache|2K|Tamanho do bloco|32|Associatividade|4|
l1-icache
 Metrics		      Total	      Instrn	       Data	       Read	      Write	       Misc
 -----------------	      ------	      ------	      ------	      ------	      ------	      ------
 Demand Fetches		   399999995	   399999995	           0	           0	           0	           0
  Fraction of total	      1.0000	      1.0000	      0.0000	      0.0000	      0.0000	      0.0000
 Demand Misses		    36455236	    36455236	           0	           0	           0	           0
  Demand miss rate	      0.0911	      0.0911	      0.0000	      0.0000	      0.0000	      0.0000
l1-dcache
 Metrics		      Total	      Instrn	       Data	       Read	      Write	       Misc
 -----------------	      ------	      ------	      ------	      ------	      ------	      ------
 Demand Fetches		   146881019	           0	   146881019	   110474529	    36406490	           0
  Fraction of total	      1.0000	      0.0000	      1.0000	      0.7521	      0.2479	      0.0000
 Demand Misses		     8297531	           0	     8297531	     7137521	     1160010	           0
  Demand miss rate	      0.0565	      0.0000	      0.0565	      0.0646	      0.0319	      0.0000

Tamanho da cache|2K|Tamanho do bloco|32|Associatividade|8|
l1-icache
 Metrics		      Total	      Instrn	       Data	       Read	      Write	       Misc
 -----------------	      ------	      ------	      ------	      ------	      ------	      ------
 Demand Fetches		   399999995	   399999995	           0	           0	           0	           0
  Fraction of total	      1.0000	      1.0000	      0.0000	      0.0000	      0.0000	      0.0000
 Demand Misses		    35420595	    35420595	           0	           0	           0	           0
  Demand miss rate	      0.0886	      0.0886	      0.0000	      0.0000	      0.0000	      0.0000
l1-dcache
 Metrics		      Total	      Instrn	       Data	       Read	      Write	       Misc
 -----------------	      ------	      ------	      ------	      ------	      ------	      ------
 Demand Fetches		   146881019	           0	   146881019	   110474529	    36406490	           0
  Fraction of total	      1.0000	      0.0000	      1.0000	      0.7521	      0.2479	      0.0000
 Demand Misses		     6007412	           0	     6007412	     4931097	     1076315	           0
  Demand miss rate	      0.0409	      0.0000	      0.0409	      0.0446	      0.0296	      0.0000

Tamanho da cache|2K|Tamanho do bloco|32|Associatividade|16|
l1-icache
 Metrics		      Total	      Instrn	       Data	       Read	      Write	       Misc
 -----------------	      ------	      ------	      ------	      ------	      ------	      ------
 Demand Fetches		   399999995	   399999995	           0	           0	           0	           0
  Fraction of total	      1.0000	      1.0000	      0.0000	      0.0000	      0.0000	      0.0000
 Demand Misses		    35456560	    35456560	           0	           0	           0	           0
  Demand miss rate	      0.0886	      0.0886	      0.0000	      0.0000	      0.0000	      0.0000
l1-dcache
 Metrics		      Total	      Instrn	       Data	       Read	      Write	       Misc
 -----------------	      ------	      ------	      ------	      ------	      ------	      ------
 Demand Fetches		   146881019	           0	   146881019	   110474529	    36406490	           0
  Fraction of total	      1.0000	      0.0000	      1.0000	      0.7521	      0.2479	      0.0000
 Demand Misses		     5926618	           0	     5926618	     5056435	      870183	           0
  Demand miss rate	      0.0403	      0.0000	      0.0403	      0.0458	      0.0239	      0.0000

Tamanho da cache|2K|Tamanho do bloco|32|Associatividade|32|
l1-icache
 Metrics		      Total	      Instrn	       Data	       Read	      Write	       Misc
 -----------------	      ------	      ------	      ------	      ------	      ------	      ------
 Demand Fetches		   399999995	   399999995	           0	           0	           0	           0
  Fraction of total	      1.0000	      1.0000	      0.0000	      0.0000	      0.0000	      0.0000
 Demand Misses		    35481855	    35481855	           0	           0	           0	           0
  Demand miss rate	      0.0887	      0.0887	      0.0000	      0.0000	      0.0000	      0.0000
l1-dcache
 Metrics		      Total	      Instrn	       Data	       Read	      Write	       Misc
 -----------------	      ------	      ------	      ------	      ------	      ------	      ------
 Demand Fetches		   146881019	           0	   146881019	   110474529	    36406490	           0
  Fraction of total	      1.0000	      0.0000	      1.0000	      0.7521	      0.2479	      0.0000
 Demand Misses		     6399470	           0	     6399470	     5556718	      842752	           0
  Demand miss rate	      0.0436	      0.0000	      0.0436	      0.0503	      0.0231	      0.0000

Tamanho da cache|2K|Tamanho do bloco|64|Associatividade|1|
l1-icache
 Metrics		      Total	      Instrn	       Data	       Read	      Write	       Misc
 -----------------	      ------	      ------	      ------	      ------	      ------	      ------
 Demand Fetches		   399999995	   399999995	           0	           0	           0	           0
  Fraction of total	      1.0000	      1.0000	      0.0000	      0.0000	      0.0000	      0.0000
 Demand Misses		    25888493	    25888493	           0	           0	           0	           0
  Demand miss rate	      0.0647	      0.0647	      0.0000	      0.0000	      0.0000	      0.0000
l1-dcache
 Metrics		      Total	      Instrn	       Data	       Read	      Write	       Misc
 -----------------	      ------	      ------	      ------	      ------	      ------	      ------
 Demand Fetches		   146881019	           0	   146881019	   110474529	    36406490	           0
  Fraction of total	      1.0000	      0.0000	      1.0000	      0.7521	      0.2479	      0.0000
 Demand Misses		    24699007	           0	    24699007	    21699421	     2999586	           0
  Demand miss rate	      0.1682	      0.0000	      0.1682	      0.1964	      0.0824	      0.0000

Tamanho da cache|2K|Tamanho do bloco|64|Associatividade|2|
l1-icache
 Metrics		      Total	      Instrn	       Data	       Read	      Write	       Misc
 -----------------	      ------	      ------	      ------	      ------	      ------	      ------
 Demand Fetches		   399999995	   399999995	           0	           0	           0	           0
  Fraction of total	      1.0000	      1.0000	      0.0000	      0.0000	      0.0000	      0.0000
 Demand Misses		    24357861	    24357861	           0	           0	           0	           0
  Demand miss rate	      0.0609	      0.0609	      0.0000	      0.0000	      0.0000	      0.0000
l1-dcache
 Metrics		      Total	      Instrn	       Data	       Read	      Write	       Misc
 -----------------	      ------	      ------	      ------	      ------	      ------	      ------
 Demand Fetches		   146881019	           0	   146881019	   110474529	    36406490	           0
  Fraction of total	      1.0000	      0.0000	      1.0000	      0.7521	      0.2479	      0.0000
 Demand Misses		    13767269	           0	    13767269	    12394824	     1372445	           0
  Demand miss rate	      0.0937	      0.0000	      0.0937	      0.1122	      0.0377	      0.0000

Tamanho da cache|2K|Tamanho do bloco|64|Associatividade|4|
l1-icache
 Metrics		      Total	      Instrn	       Data	       Read	      Write	       Misc
 -----------------	      ------	      ------	      ------	      ------	      ------	      ------
 Demand Fetches		   399999995	   399999995	           0	           0	           0	           0
  Fraction of total	      1.0000	      1.0000	      0.0000	      0.0000	      0.0000	      0.0000
 Demand Misses		    22139496	    22139496	           0	           0	           0	           0
  Demand miss rate	      0.0553	      0.0553	      0.0000	      0.0000	      0.0000	      0.0000
l1-dcache
 Metrics		      Total	      Instrn	       Data	       Read	      Write	       Misc
 -----------------	      ------	      ------	      ------	      ------	      ------	      ------
 Demand Fetches		   146881019	           0	   146881019	   110474529	    36406490	           0
  Fraction of total	      1.0000	      0.0000	      1.0000	      0.7521	      0.2479	      0.0000
 Demand Misses		    10336522	           0	    10336522	     9241187	     1095335	           0
  Demand miss rate	      0.0704	      0.0000	      0.0704	      0.0836	      0.0301	      0.0000

Tamanho da cache|2K|Tamanho do bloco|64|Associatividade|8|
l1-icache
 Metrics		      Total	      Instrn	       Data	       Read	      Write	       Misc
 -----------------	      ------	      ------	      ------	      ------	      ------	      ------
 Demand Fetches		   399999995	   399999995	           0	           0	           0	           0
  Fraction of total	      1.0000	      1.0000	      0.0000	      0.0000	      0.0000	      0.0000
 Demand Misses		    21855186	    21855186	           0	           0	           0	           0
  Demand miss rate	      0.0546	      0.0546	      0.0000	      0.0000	      0.0000	      0.0000
l1-dcache
 Metrics		      Total	      Instrn	       Data	       Read	      Write	       Misc
 -----------------	      ------	      ------	      ------	      ------	      ------	      ------
 Demand Fetches		   146881019	           0	   146881019	   110474529	    36406490	           0
  Fraction of total	      1.0000	      0.0000	      1.0000	      0.7521	      0.2479	      0.0000
 Demand Misses		     9861863	           0	     9861863	     8886432	      975431	           0
  Demand miss rate	      0.0671	      0.0000	      0.0671	      0.0804	      0.0268	      0.0000

Tamanho da cache|2K|Tamanho do bloco|64|Associatividade|16|
l1-icache
 Metrics		      Total	      Instrn	       Data	       Read	      Write	       Misc
 -----------------	      ------	      ------	      ------	      ------	      ------	      ------
 Demand Fetches		   399999995	   399999995	           0	           0	           0	           0
  Fraction of total	      1.0000	      1.0000	      0.0000	      0.0000	      0.0000	      0.0000
 Demand Misses		    22071848	    22071848	           0	           0	           0	           0
  Demand miss rate	      0.0552	      0.0552	      0.0000	      0.0000	      0.0000	      0.0000
l1-dcache
 Metrics		      Total	      Instrn	       Data	       Read	      Write	       Misc
 -----------------	      ------	      ------	      ------	      ------	      ------	      ------
 Demand Fetches		   146881019	           0	   146881019	   110474529	    36406490	           0
  Fraction of total	      1.0000	      0.0000	      1.0000	      0.7521	      0.2479	      0.0000
 Demand Misses		     9574465	           0	     9574465	     8567507	     1006958	           0
  Demand miss rate	      0.0652	      0.0000	      0.0652	      0.0776	      0.0277	      0.0000

Tamanho da cache|2K|Tamanho do bloco|64|Associatividade|32|
l1-icache
 Metrics		      Total	      Instrn	       Data	       Read	      Write	       Misc
 -----------------	      ------	      ------	      ------	      ------	      ------	      ------
 Demand Fetches		   399999995	   399999995	           0	           0	           0	           0
  Fraction of total	      1.0000	      1.0000	      0.0000	      0.0000	      0.0000	      0.0000
 Demand Misses		    22236014	    22236014	           0	           0	           0	           0
  Demand miss rate	      0.0556	      0.0556	      0.0000	      0.0000	      0.0000	      0.0000
l1-dcache
 Metrics		      Total	      Instrn	       Data	       Read	      Write	       Misc
 -----------------	      ------	      ------	      ------	      ------	      ------	      ------
 Demand Fetches		   146881019	           0	   146881019	   110474529	    36406490	           0
  Fraction of total	      1.0000	      0.0000	      1.0000	      0.7521	      0.2479	      0.0000
 Demand Misses		     8776476	           0	     8776476	     8022300	      754176	           0
  Demand miss rate	      0.0598	      0.0000	      0.0598	      0.0726	      0.0207	      0.0000

Tamanho da cache|2K|Tamanho do bloco|128|Associatividade|1|
l1-icache
 Metrics		      Total	      Instrn	       Data	       Read	      Write	       Misc
 -----------------	      ------	      ------	      ------	      ------	      ------	      ------
 Demand Fetches		   399999995	   399999995	           0	           0	           0	           0
  Fraction of total	      1.0000	      1.0000	      0.0000	      0.0000	      0.0000	      0.0000
 Demand Misses		    19766833	    19766833	           0	           0	           0	           0
  Demand miss rate	      0.0494	      0.0494	      0.0000	      0.0000	      0.0000	      0.0000
l1-dcache
 Metrics		      Total	      Instrn	       Data	       Read	      Write	       Misc
 -----------------	      ------	      ------	      ------	      ------	      ------	      ------
 Demand Fetches		   146881019	           0	   146881019	   110474529	    36406490	           0
  Fraction of total	      1.0000	      0.0000	      1.0000	      0.7521	      0.2479	      0.0000
 Demand Misses		    29367358	           0	    29367358	    26521052	     2846306	           0
  Demand miss rate	      0.1999	      0.0000	      0.1999	      0.2401	      0.0782	      0.0000

Tamanho da cache|2K|Tamanho do bloco|128|Associatividade|2|
l1-icache
 Metrics		      Total	      Instrn	       Data	       Read	      Write	       Misc
 -----------------	      ------	      ------	      ------	      ------	      ------	      ------
 Demand Fetches		   399999995	   399999995	           0	           0	           0	           0
  Fraction of total	      1.0000	      1.0000	      0.0000	      0.0000	      0.0000	      0.0000
 Demand Misses		    17927808	    17927808	           0	           0	           0	           0
  Demand miss rate	      0.0448	      0.0448	      0.0000	      0.0000	      0.0000	      0.0000
l1-dcache
 Metrics		      Total	      Instrn	       Data	       Read	      Write	       Misc
 -----------------	      ------	      ------	      ------	      ------	      ------	      ------
 Demand Fetches		   146881019	           0	   146881019	   110474529	    36406490	           0
  Fraction of total	      1.0000	      0.0000	      1.0000	      0.7521	      0.2479	      0.0000
 Demand Misses		    18977475	           0	    18977475	    17694486	     1282989	           0
  Demand miss rate	      0.1292	      0.0000	      0.1292	      0.1602	      0.0352	      0.0000

Tamanho da cache|2K|Tamanho do bloco|128|Associatividade|4|
l1-icache
 Metrics		      Total	      Instrn	       Data	       Read	      Write	       Misc
 -----------------	      ------	      ------	      ------	      ------	      ------	      ------
 Demand Fetches		   399999995	   399999995	           0	           0	           0	           0
  Fraction of total	      1.0000	      1.0000	      0.0000	      0.0000	      0.0000	      0.0000
 Demand Misses		    15907060	    15907060	           0	           0	           0	           0
  Demand miss rate	      0.0398	      0.0398	      0.0000	      0.0000	      0.0000	      0.0000
l1-dcache
 Metrics		      Total	      Instrn	       Data	       Read	      Write	       Misc
 -----------------	      ------	      ------	      ------	      ------	      ------	      ------
 Demand Fetches		   146881019	           0	   146881019	   110474529	    36406490	           0
  Fraction of total	      1.0000	      0.0000	      1.0000	      0.7521	      0.2479	      0.0000
 Demand Misses		    15938981	           0	    15938981	    14808614	     1130367	           0
  Demand miss rate	      0.1085	      0.0000	      0.1085	      0.1340	      0.0310	      0.0000

Tamanho da cache|2K|Tamanho do bloco|128|Associatividade|8|
l1-icache
 Metrics		      Total	      Instrn	       Data	       Read	      Write	       Misc
 -----------------	      ------	      ------	      ------	      ------	      ------	      ------
 Demand Fetches		   399999995	   399999995	           0	           0	           0	           0
  Fraction of total	      1.0000	      1.0000	      0.0000	      0.0000	      0.0000	      0.0000
 Demand Misses		    15499074	    15499074	           0	           0	           0	           0
  Demand miss rate	      0.0387	      0.0387	      0.0000	      0.0000	      0.0000	      0.0000
l1-dcache
 Metrics		      Total	      Instrn	       Data	       Read	      Write	       Misc
 -----------------	      ------	      ------	      ------	      ------	      ------	      ------
 Demand Fetches		   146881019	           0	   146881019	   110474529	    36406490	           0
  Fraction of total	      1.0000	      0.0000	      1.0000	      0.7521	      0.2479	      0.0000
 Demand Misses		    16272205	           0	    16272205	    15072942	     1199263	           0
  Demand miss rate	      0.1108	      0.0000	      0.1108	      0.1364	      0.0329	      0.0000

Tamanho da cache|2K|Tamanho do bloco|128|Associatividade|16|
l1-icache
 Metrics		      Total	      Instrn	       Data	       Read	      Write	       Misc
 -----------------	      ------	      ------	      ------	      ------	      ------	      ------
 Demand Fetches		   399999995	   399999995	           0	           0	           0	           0
  Fraction of total	      1.0000	      1.0000	      0.0000	      0.0000	      0.0000	      0.0000
 Demand Misses		    15467066	    15467066	           0	           0	           0	           0
  Demand miss rate	      0.0387	      0.0387	      0.0000	      0.0000	      0.0000	      0.0000
l1-dcache
 Metrics		      Total	      Instrn	       Data	       Read	      Write	       Misc
 -----------------	      ------	      ------	      ------	      ------	      ------	      ------
 Demand Fetches		   146881019	           0	   146881019	   110474529	    36406490	           0
  Fraction of total	      1.0000	      0.0000	      1.0000	      0.7521	      0.2479	      0.0000
 Demand Misses		    13469783	           0	    13469783	    12461170	     1008613	           0
  Demand miss rate	      0.0917	      0.0000	      0.0917	      0.1128	      0.0277	      0.0000

Tamanho da cache|2K|Tamanho do bloco|128|Associatividade|32|

Tamanho da cache|2K|Tamanho do bloco|256|Associatividade|1|
l1-icache
 Metrics		      Total	      Instrn	       Data	       Read	      Write	       Misc
 -----------------	      ------	      ------	      ------	      ------	      ------	      ------
 Demand Fetches		   399999995	   399999995	           0	           0	           0	           0
  Fraction of total	      1.0000	      1.0000	      0.0000	      0.0000	      0.0000	      0.0000
 Demand Misses		    15039781	    15039781	           0	           0	           0	           0
  Demand miss rate	      0.0376	      0.0376	      0.0000	      0.0000	      0.0000	      0.0000
l1-dcache
 Metrics		      Total	      Instrn	       Data	       Read	      Write	       Misc
 -----------------	      ------	      ------	      ------	      ------	      ------	      ------
 Demand Fetches		   146881019	           0	   146881019	   110474529	    36406490	           0
  Fraction of total	      1.0000	      0.0000	      1.0000	      0.7521	      0.2479	      0.0000
 Demand Misses		    36729560	           0	    36729560	    33754740	     2974820	           0
  Demand miss rate	      0.2501	      0.0000	      0.2501	      0.3055	      0.0817	      0.0000

Tamanho da cache|2K|Tamanho do bloco|256|Associatividade|2|
l1-icache
 Metrics		      Total	      Instrn	       Data	       Read	      Write	       Misc
 -----------------	      ------	      ------	      ------	      ------	      ------	      ------
 Demand Fetches		   399999995	   399999995	           0	           0	           0	           0
  Fraction of total	      1.0000	      1.0000	      0.0000	      0.0000	      0.0000	      0.0000
 Demand Misses		    12798635	    12798635	           0	           0	           0	           0
  Demand miss rate	      0.0320	      0.0320	      0.0000	      0.0000	      0.0000	      0.0000
l1-dcache
 Metrics		      Total	      Instrn	       Data	       Read	      Write	       Misc
 -----------------	      ------	      ------	      ------	      ------	      ------	      ------
 Demand Fetches		   146881019	           0	   146881019	   110474529	    36406490	           0
  Fraction of total	      1.0000	      0.0000	      1.0000	      0.7521	      0.2479	      0.0000
 Demand Misses		    27555662	           0	    27555662	    26209165	     1346497	           0
  Demand miss rate	      0.1876	      0.0000	      0.1876	      0.2372	      0.0370	      0.0000

Tamanho da cache|2K|Tamanho do bloco|256|Associatividade|4|
l1-icache
 Metrics		      Total	      Instrn	       Data	       Read	      Write	       Misc
 -----------------	      ------	      ------	      ------	      ------	      ------	      ------
 Demand Fetches		   399999995	   399999995	           0	           0	           0	           0
  Fraction of total	      1.0000	      1.0000	      0.0000	      0.0000	      0.0000	      0.0000
 Demand Misses		    11597661	    11597661	           0	           0	           0	           0
  Demand miss rate	      0.0290	      0.0290	      0.0000	      0.0000	      0.0000	      0.0000
l1-dcache
 Metrics		      Total	      Instrn	       Data	       Read	      Write	       Misc
 -----------------	      ------	      ------	      ------	      ------	      ------	      ------
 Demand Fetches		   146881019	           0	   146881019	   110474529	    36406490	           0
  Fraction of total	      1.0000	      0.0000	      1.0000	      0.7521	      0.2479	      0.0000
 Demand Misses		    26831078	           0	    26831078	    25635269	     1195809	           0
  Demand miss rate	      0.1827	      0.0000	      0.1827	      0.2320	      0.0328	      0.0000

Tamanho da cache|2K|Tamanho do bloco|256|Associatividade|8|
l1-icache
 Metrics		      Total	      Instrn	       Data	       Read	      Write	       Misc
 -----------------	      ------	      ------	      ------	      ------	      ------	      ------
 Demand Fetches		   399999995	   399999995	           0	           0	           0	           0
  Fraction of total	      1.0000	      1.0000	      0.0000	      0.0000	      0.0000	      0.0000
 Demand Misses		    10841774	    10841774	           0	           0	           0	           0
  Demand miss rate	      0.0271	      0.0271	      0.0000	      0.0000	      0.0000	      0.0000
l1-dcache
 Metrics		      Total	      Instrn	       Data	       Read	      Write	       Misc
 -----------------	      ------	      ------	      ------	      ------	      ------	      ------
 Demand Fetches		   146881019	           0	   146881019	   110474529	    36406490	           0
  Fraction of total	      1.0000	      0.0000	      1.0000	      0.7521	      0.2479	      0.0000
 Demand Misses		    26266660	           0	    26266660	    24982506	     1284154	           0
  Demand miss rate	      0.1788	      0.0000	      0.1788	      0.2261	      0.0353	      0.0000

Tamanho da cache|2K|Tamanho do bloco|256|Associatividade|16|

Tamanho da cache|2K|Tamanho do bloco|256|Associatividade|32|

Tamanho da cache|4K|Tamanho do bloco|16|Associatividade|1|
l1-icache
 Metrics		      Total	      Instrn	       Data	       Read	      Write	       Misc
 -----------------	      ------	      ------	      ------	      ------	      ------	      ------
 Demand Fetches		   399999995	   399999995	           0	           0	           0	           0
  Fraction of total	      1.0000	      1.0000	      0.0000	      0.0000	      0.0000	      0.0000
 Demand Misses		    48205132	    48205132	           0	           0	           0	           0
  Demand miss rate	      0.1205	      0.1205	      0.0000	      0.0000	      0.0000	      0.0000
l1-dcache
 Metrics		      Total	      Instrn	       Data	       Read	      Write	       Misc
 -----------------	      ------	      ------	      ------	      ------	      ------	      ------
 Demand Fetches		   146881020	           0	   146881020	   110474530	    36406490	           0
  Fraction of total	      1.0000	      0.0000	      1.0000	      0.7521	      0.2479	      0.0000
 Demand Misses		     5228254	           0	     5228254	     3518472	     1709782	           0
  Demand miss rate	      0.0356	      0.0000	      0.0356	      0.0318	      0.0470	      0.0000

Tamanho da cache|4K|Tamanho do bloco|16|Associatividade|2|
l1-icache
 Metrics		      Total	      Instrn	       Data	       Read	      Write	       Misc
 -----------------	      ------	      ------	      ------	      ------	      ------	      ------
 Demand Fetches		   399999995	   399999995	           0	           0	           0	           0
  Fraction of total	      1.0000	      1.0000	      0.0000	      0.0000	      0.0000	      0.0000
 Demand Misses		    44347505	    44347505	           0	           0	           0	           0
  Demand miss rate	      0.1109	      0.1109	      0.0000	      0.0000	      0.0000	      0.0000
l1-dcache
 Metrics		      Total	      Instrn	       Data	       Read	      Write	       Misc
 -----------------	      ------	      ------	      ------	      ------	      ------	      ------
 Demand Fetches		   146881020	           0	   146881020	   110474530	    36406490	           0
  Fraction of total	      1.0000	      0.0000	      1.0000	      0.7521	      0.2479	      0.0000
 Demand Misses		     2308760	           0	     2308760	     1430995	      877765	           0
  Demand miss rate	      0.0157	      0.0000	      0.0157	      0.0130	      0.0241	      0.0000

Tamanho da cache|4K|Tamanho do bloco|16|Associatividade|4|
l1-icache
 Metrics		      Total	      Instrn	       Data	       Read	      Write	       Misc
 -----------------	      ------	      ------	      ------	      ------	      ------	      ------
 Demand Fetches		   399999995	   399999995	           0	           0	           0	           0
  Fraction of total	      1.0000	      1.0000	      0.0000	      0.0000	      0.0000	      0.0000
 Demand Misses		    42710699	    42710699	           0	           0	           0	           0
  Demand miss rate	      0.1068	      0.1068	      0.0000	      0.0000	      0.0000	      0.0000
l1-dcache
 Metrics		      Total	      Instrn	       Data	       Read	      Write	       Misc
 -----------------	      ------	      ------	      ------	      ------	      ------	      ------
 Demand Fetches		   146881020	           0	   146881020	   110474530	    36406490	           0
  Fraction of total	      1.0000	      0.0000	      1.0000	      0.7521	      0.2479	      0.0000
 Demand Misses		     1117359	           0	     1117359	      464357	      653002	           0
  Demand miss rate	      0.0076	      0.0000	      0.0076	      0.0042	      0.0179	      0.0000

Tamanho da cache|4K|Tamanho do bloco|16|Associatividade|8|
l1-icache
 Metrics		      Total	      Instrn	       Data	       Read	      Write	       Misc
 -----------------	      ------	      ------	      ------	      ------	      ------	      ------
 Demand Fetches		   399999995	   399999995	           0	           0	           0	           0
  Fraction of total	      1.0000	      1.0000	      0.0000	      0.0000	      0.0000	      0.0000
 Demand Misses		    45788796	    45788796	           0	           0	           0	           0
  Demand miss rate	      0.1145	      0.1145	      0.0000	      0.0000	      0.0000	      0.0000
l1-dcache
 Metrics		      Total	      Instrn	       Data	       Read	      Write	       Misc
 -----------------	      ------	      ------	      ------	      ------	      ------	      ------
 Demand Fetches		   146881020	           0	   146881020	   110474530	    36406490	           0
  Fraction of total	      1.0000	      0.0000	      1.0000	      0.7521	      0.2479	      0.0000
 Demand Misses		      648586	           0	      648586	      108819	      539767	           0
  Demand miss rate	      0.0044	      0.0000	      0.0044	      0.0010	      0.0148	      0.0000

Tamanho da cache|4K|Tamanho do bloco|16|Associatividade|16|
l1-icache
 Metrics		      Total	      Instrn	       Data	       Read	      Write	       Misc
 -----------------	      ------	      ------	      ------	      ------	      ------	      ------
 Demand Fetches		   399999995	   399999995	           0	           0	           0	           0
  Fraction of total	      1.0000	      1.0000	      0.0000	      0.0000	      0.0000	      0.0000
 Demand Misses		    48616267	    48616267	           0	           0	           0	           0
  Demand miss rate	      0.1215	      0.1215	      0.0000	      0.0000	      0.0000	      0.0000
l1-dcache
 Metrics		      Total	      Instrn	       Data	       Read	      Write	       Misc
 -----------------	      ------	      ------	      ------	      ------	      ------	      ------
 Demand Fetches		   146881020	           0	   146881020	   110474530	    36406490	           0
  Fraction of total	      1.0000	      0.0000	      1.0000	      0.7521	      0.2479	      0.0000
 Demand Misses		      648903	           0	      648903	      110328	      538575	           0
  Demand miss rate	      0.0044	      0.0000	      0.0044	      0.0010	      0.0148	      0.0000

Tamanho da cache|4K|Tamanho do bloco|16|Associatividade|32|
l1-icache
 Metrics		      Total	      Instrn	       Data	       Read	      Write	       Misc
 -----------------	      ------	      ------	      ------	      ------	      ------	      ------
 Demand Fetches		   399999995	   399999995	           0	           0	           0	           0
  Fraction of total	      1.0000	      1.0000	      0.0000	      0.0000	      0.0000	      0.0000
 Demand Misses		    49998918	    49998918	           0	           0	           0	           0
  Demand miss rate	      0.1250	      0.1250	      0.0000	      0.0000	      0.0000	      0.0000
l1-dcache
 Metrics		      Total	      Instrn	       Data	       Read	      Write	       Misc
 -----------------	      ------	      ------	      ------	      ------	      ------	      ------
 Demand Fetches		   146881020	           0	   146881020	   110474530	    36406490	           0
  Fraction of total	      1.0000	      0.0000	      1.0000	      0.7521	      0.2479	      0.0000
 Demand Misses		      641809	           0	      641809	      103215	      538594	           0
  Demand miss rate	      0.0044	      0.0000	      0.0044	      0.0009	      0.0148	      0.0000

Tamanho da cache|4K|Tamanho do bloco|32|Associatividade|1|
l1-icache
 Metrics		      Total	      Instrn	       Data	       Read	      Write	       Misc
 -----------------	      ------	      ------	      ------	      ------	      ------	      ------
 Demand Fetches		   399999995	   399999995	           0	           0	           0	           0
  Fraction of total	      1.0000	      1.0000	      0.0000	      0.0000	      0.0000	      0.0000
 Demand Misses		    31815539	    31815539	           0	           0	           0	           0
  Demand miss rate	      0.0795	      0.0795	      0.0000	      0.0000	      0.0000	      0.0000
l1-dcache
 Metrics		      Total	      Instrn	       Data	       Read	      Write	       Misc
 -----------------	      ------	      ------	      ------	      ------	      ------	      ------
 Demand Fetches		   146881019	           0	   146881019	   110474529	    36406490	           0
  Fraction of total	      1.0000	      0.0000	      1.0000	      0.7521	      0.2479	      0.0000
 Demand Misses		     7079829	           0	     7079829	     5631121	     1448708	           0
  Demand miss rate	      0.0482	      0.0000	      0.0482	      0.0510	      0.0398	      0.0000

Tamanho da cache|4K|Tamanho do bloco|32|Associatividade|2|
l1-icache
 Metrics		      Total	      Instrn	       Data	       Read	      Write	       Misc
 -----------------	      ------	      ------	      ------	      ------	      ------	      ------
 Demand Fetches		   399999995	   399999995	           0	           0	           0	           0
  Fraction of total	      1.0000	      1.0000	      0.0000	      0.0000	      0.0000	      0.0000
 Demand Misses		    29303060	    29303060	           0	           0	           0	           0
  Demand miss rate	      0.0733	      0.0733	      0.0000	      0.0000	      0.0000	      0.0000
l1-dcache
 Metrics		      Total	      Instrn	       Data	       Read	      Write	       Misc
 -----------------	      ------	      ------	      ------	      ------	      ------	      ------
 Demand Fetches		   146881019	           0	   146881019	   110474529	    36406490	           0
  Fraction of total	      1.0000	      0.0000	      1.0000	      0.7521	      0.2479	      0.0000
 Demand Misses		     2887955	           0	     2887955	     2492899	      395056	           0
  Demand miss rate	      0.0197	      0.0000	      0.0197	      0.0226	      0.0109	      0.0000

Tamanho da cache|4K|Tamanho do bloco|32|Associatividade|4|
l1-icache
 Metrics		      Total	      Instrn	       Data	       Read	      Write	       Misc
 -----------------	      ------	      ------	      ------	      ------	      ------	      ------
 Demand Fetches		   399999995	   399999995	           0	           0	           0	           0
  Fraction of total	      1.0000	      1.0000	      0.0000	      0.0000	      0.0000	      0.0000
 Demand Misses		    29604437	    29604437	           0	           0	           0	           0
  Demand miss rate	      0.0740	      0.0740	      0.0000	      0.0000	      0.0000	      0.0000
l1-dcache
 Metrics		      Total	      Instrn	       Data	       Read	      Write	       Misc
 -----------------	      ------	      ------	      ------	      ------	      ------	      ------
 Demand Fetches		   146881019	           0	   146881019	   110474529	    36406490	           0
  Fraction of total	      1.0000	      0.0000	      1.0000	      0.7521	      0.2479	      0.0000
 Demand Misses		     1586849	           0	     1586849	     1213293	      373556	           0
  Demand miss rate	      0.0108	      0.0000	      0.0108	      0.0110	      0.0103	      0.0000

Tamanho da cache|4K|Tamanho do bloco|32|Associatividade|8|
l1-icache
 Metrics		      Total	      Instrn	       Data	       Read	      Write	       Misc
 -----------------	      ------	      ------	      ------	      ------	      ------	      ------
 Demand Fetches		   399999995	   399999995	           0	           0	           0	           0
  Fraction of total	      1.0000	      1.0000	      0.0000	      0.0000	      0.0000	      0.0000
 Demand Misses		    30925586	    30925586	           0	           0	           0	           0
  Demand miss rate	      0.0773	      0.0773	      0.0000	      0.0000	      0.0000	      0.0000
l1-dcache
 Metrics		      Total	      Instrn	       Data	       Read	      Write	       Misc
 -----------------	      ------	      ------	      ------	      ------	      ------	      ------
 Demand Fetches		   146881019	           0	   146881019	   110474529	    36406490	           0
  Fraction of total	      1.0000	      0.0000	      1.0000	      0.7521	      0.2479	      0.0000
 Demand Misses		      690555	           0	      690555	      398978	      291577	           0
  Demand miss rate	      0.0047	      0.0000	      0.0047	      0.0036	      0.0080	      0.0000

Tamanho da cache|4K|Tamanho do bloco|32|Associatividade|16|
l1-icache
 Metrics		      Total	      Instrn	       Data	       Read	      Write	       Misc
 -----------------	      ------	      ------	      ------	      ------	      ------	      ------
 Demand Fetches		   399999995	   399999995	           0	           0	           0	           0
  Fraction of total	      1.0000	      1.0000	      0.0000	      0.0000	      0.0000	      0.0000
 Demand Misses		    31206476	    31206476	           0	           0	           0	           0
  Demand miss rate	      0.0780	      0.0780	      0.0000	      0.0000	      0.0000	      0.0000
l1-dcache
 Metrics		      Total	      Instrn	       Data	       Read	      Write	       Misc
 -----------------	      ------	      ------	      ------	      ------	      ------	      ------
 Demand Fetches		   146881019	           0	   146881019	   110474529	    36406490	           0
  Fraction of total	      1.0000	      0.0000	      1.0000	      0.7521	      0.2479	      0.0000
 Demand Misses		      367251	           0	      367251	       90805	      276446	           0
  Demand miss rate	      0.0025	      0.0000	      0.0025	      0.0008	      0.0076	      0.0000

Tamanho da cache|4K|Tamanho do bloco|32|Associatividade|32|
l1-icache
 Metrics		      Total	      Instrn	       Data	       Read	      Write	       Misc
 -----------------	      ------	      ------	      ------	      ------	      ------	      ------
 Demand Fetches		   399999995	   399999995	           0	           0	           0	           0
  Fraction of total	      1.0000	      1.0000	      0.0000	      0.0000	      0.0000	      0.0000
 Demand Misses		    31370926	    31370926	           0	           0	           0	           0
  Demand miss rate	      0.0784	      0.0784	      0.0000	      0.0000	      0.0000	      0.0000
l1-dcache
 Metrics		      Total	      Instrn	       Data	       Read	      Write	       Misc
 -----------------	      ------	      ------	      ------	      ------	      ------	      ------
 Demand Fetches		   146881019	           0	   146881019	   110474529	    36406490	           0
  Fraction of total	      1.0000	      0.0000	      1.0000	      0.7521	      0.2479	      0.0000
 Demand Misses		      338483	           0	      338483	       64036	      274447	           0
  Demand miss rate	      0.0023	      0.0000	      0.0023	      0.0006	      0.0075	      0.0000

Tamanho da cache|4K|Tamanho do bloco|64|Associatividade|1|
l1-icache
 Metrics		      Total	      Instrn	       Data	       Read	      Write	       Misc
 -----------------	      ------	      ------	      ------	      ------	      ------	      ------
 Demand Fetches		   399999995	   399999995	           0	           0	           0	           0
  Fraction of total	      1.0000	      1.0000	      0.0000	      0.0000	      0.0000	      0.0000
 Demand Misses		    20365159	    20365159	           0	           0	           0	           0
  Demand miss rate	      0.0509	      0.0509	      0.0000	      0.0000	      0.0000	      0.0000
l1-dcache
 Metrics		      Total	      Instrn	       Data	       Read	      Write	       Misc
 -----------------	      ------	      ------	      ------	      ------	      ------	      ------
 Demand Fetches		   146881019	           0	   146881019	   110474529	    36406490	           0
  Fraction of total	      1.0000	      0.0000	      1.0000	      0.7521	      0.2479	      0.0000
 Demand Misses		    12575042	           0	    12575042	    11273908	     1301134	           0
  Demand miss rate	      0.0856	      0.0000	      0.0856	      0.1020	      0.0357	      0.0000

Tamanho da cache|4K|Tamanho do bloco|64|Associatividade|2|
l1-icache
 Metrics		      Total	      Instrn	       Data	       Read	      Write	       Misc
 -----------------	      ------	      ------	      ------	      ------	      ------	      ------
 Demand Fetches		   399999995	   399999995	           0	           0	           0	           0
  Fraction of total	      1.0000	      1.0000	      0.0000	      0.0000	      0.0000	      0.0000
 Demand Misses		    19010018	    19010018	           0	           0	           0	           0
  Demand miss rate	      0.0475	      0.0475	      0.0000	      0.0000	      0.0000	      0.0000
l1-dcache
 Metrics		      Total	      Instrn	       Data	       Read	      Write	       Misc
 -----------------	      ------	      ------	      ------	      ------	      ------	      ------
 Demand Fetches		   146881019	           0	   146881019	   110474529	    36406490	           0
  Fraction of total	      1.0000	      0.0000	      1.0000	      0.7521	      0.2479	      0.0000
 Demand Misses		     4713302	           0	     4713302	     4295437	      417865	           0
  Demand miss rate	      0.0321	      0.0000	      0.0321	      0.0389	      0.0115	      0.0000

Tamanho da cache|4K|Tamanho do bloco|64|Associatividade|4|
l1-icache
 Metrics		      Total	      Instrn	       Data	       Read	      Write	       Misc
 -----------------	      ------	      ------	      ------	      ------	      ------	      ------
 Demand Fetches		   399999995	   399999995	           0	           0	           0	           0
  Fraction of total	      1.0000	      1.0000	      0.0000	      0.0000	      0.0000	      0.0000
 Demand Misses		    19526522	    19526522	           0	           0	           0	           0
  Demand miss rate	      0.0488	      0.0488	      0.0000	      0.0000	      0.0000	      0.0000
l1-dcache
 Metrics		      Total	      Instrn	       Data	       Read	      Write	       Misc
 -----------------	      ------	      ------	      ------	      ------	      ------	      ------
 Demand Fetches		   146881019	           0	   146881019	   110474529	    36406490	           0
  Fraction of total	      1.0000	      0.0000	      1.0000	      0.7521	      0.2479	      0.0000
 Demand Misses		     3648845	           0	     3648845	     3269604	      379241	           0
  Demand miss rate	      0.0248	      0.0000	      0.0248	      0.0296	      0.0104	      0.0000

Tamanho da cache|4K|Tamanho do bloco|64|Associatividade|8|
l1-icache
 Metrics		      Total	      Instrn	       Data	       Read	      Write	       Misc
 -----------------	      ------	      ------	      ------	      ------	      ------	      ------
 Demand Fetches		   399999995	   399999995	           0	           0	           0	           0
  Fraction of total	      1.0000	      1.0000	      0.0000	      0.0000	      0.0000	      0.0000
 Demand Misses		    19085019	    19085019	           0	           0	           0	           0
  Demand miss rate	      0.0477	      0.0477	      0.0000	      0.0000	      0.0000	      0.0000
l1-dcache
 Metrics		      Total	      Instrn	       Data	       Read	      Write	       Misc
 -----------------	      ------	      ------	      ------	      ------	      ------	      ------
 Demand Fetches		   146881019	           0	   146881019	   110474529	    36406490	           0
  Fraction of total	      1.0000	      0.0000	      1.0000	      0.7521	      0.2479	      0.0000
 Demand Misses		     3459981	           0	     3459981	     3072697	      387284	           0
  Demand miss rate	      0.0236	      0.0000	      0.0236	      0.0278	      0.0106	      0.0000

Tamanho da cache|4K|Tamanho do bloco|64|Associatividade|16|
l1-icache
 Metrics		      Total	      Instrn	       Data	       Read	      Write	       Misc
 -----------------	      ------	      ------	      ------	      ------	      ------	      ------
 Demand Fetches		   399999995	   399999995	           0	           0	           0	           0
  Fraction of total	      1.0000	      1.0000	      0.0000	      0.0000	      0.0000	      0.0000
 Demand Misses		    18684849	    18684849	           0	           0	           0	           0
  Demand miss rate	      0.0467	      0.0467	      0.0000	      0.0000	      0.0000	      0.0000
l1-dcache
 Metrics		      Total	      Instrn	       Data	       Read	      Write	       Misc
 -----------------	      ------	      ------	      ------	      ------	      ------	      ------
 Demand Fetches		   146881019	           0	   146881019	   110474529	    36406490	           0
  Fraction of total	      1.0000	      0.0000	      1.0000	      0.7521	      0.2479	      0.0000
 Demand Misses		     1773986	           0	     1773986	     1497498	      276488	           0
  Demand miss rate	      0.0121	      0.0000	      0.0121	      0.0136	      0.0076	      0.0000

Tamanho da cache|4K|Tamanho do bloco|64|Associatividade|32|
l1-icache
 Metrics		      Total	      Instrn	       Data	       Read	      Write	       Misc
 -----------------	      ------	      ------	      ------	      ------	      ------	      ------
 Demand Fetches		   399999995	   399999995	           0	           0	           0	           0
  Fraction of total	      1.0000	      1.0000	      0.0000	      0.0000	      0.0000	      0.0000
 Demand Misses		    18664315	    18664315	           0	           0	           0	           0
  Demand miss rate	      0.0467	      0.0467	      0.0000	      0.0000	      0.0000	      0.0000
l1-dcache
 Metrics		      Total	      Instrn	       Data	       Read	      Write	       Misc
 -----------------	      ------	      ------	      ------	      ------	      ------	      ------
 Demand Fetches		   146881019	           0	   146881019	   110474529	    36406490	           0
  Fraction of total	      1.0000	      0.0000	      1.0000	      0.7521	      0.2479	      0.0000
 Demand Misses		     1264328	           0	     1264328	     1081464	      182864	           0
  Demand miss rate	      0.0086	      0.0000	      0.0086	      0.0098	      0.0050	      0.0000

Tamanho da cache|4K|Tamanho do bloco|128|Associatividade|1|
l1-icache
 Metrics		      Total	      Instrn	       Data	       Read	      Write	       Misc
 -----------------	      ------	      ------	      ------	      ------	      ------	      ------
 Demand Fetches		   399999995	   399999995	           0	           0	           0	           0
  Fraction of total	      1.0000	      1.0000	      0.0000	      0.0000	      0.0000	      0.0000
 Demand Misses		    15716325	    15716325	           0	           0	           0	           0
  Demand miss rate	      0.0393	      0.0393	      0.0000	      0.0000	      0.0000	      0.0000
l1-dcache
 Metrics		      Total	      Instrn	       Data	       Read	      Write	       Misc
 -----------------	      ------	      ------	      ------	      ------	      ------	      ------
 Demand Fetches		   146881019	           0	   146881019	   110474529	    36406490	           0
  Fraction of total	      1.0000	      0.0000	      1.0000	      0.7521	      0.2479	      0.0000
 Demand Misses		    16987522	           0	    16987522	    15956606	     1030916	           0
  Demand miss rate	      0.1157	      0.0000	      0.1157	      0.1444	      0.0283	      0.0000

Tamanho da cache|4K|Tamanho do bloco|128|Associatividade|2|
l1-icache
 Metrics		      Total	      Instrn	       Data	       Read	      Write	       Misc
 -----------------	      ------	      ------	      ------	      ------	      ------	      ------
 Demand Fetches		   399999995	   399999995	           0	           0	           0	           0
  Fraction of total	      1.0000	      1.0000	      0.0000	      0.0000	      0.0000	      0.0000
 Demand Misses		    14087448	    14087448	           0	           0	           0	           0
  Demand miss rate	      0.0352	      0.0352	      0.0000	      0.0000	      0.0000	      0.0000
l1-dcache
 Metrics		      Total	      Instrn	       Data	       Read	      Write	       Misc
 -----------------	      ------	      ------	      ------	      ------	      ------	      ------
 Demand Fetches		   146881019	           0	   146881019	   110474529	    36406490	           0
  Fraction of total	      1.0000	      0.0000	      1.0000	      0.7521	      0.2479	      0.0000
 Demand Misses		     9394800	           0	     9394800	     9024588	      370212	           0
  Demand miss rate	      0.0640	      0.0000	      0.0640	      0.0817	      0.0102	      0.0000

Tamanho da cache|4K|Tamanho do bloco|128|Associatividade|4|
l1-icache
 Metrics		      Total	      Instrn	       Data	       Read	      Write	       Misc
 -----------------	      ------	      ------	      ------	      ------	      ------	      ------
 Demand Fetches		   399999995	   399999995	           0	           0	           0	           0
  Fraction of total	      1.0000	      1.0000	      0.0000	      0.0000	      0.0000	      0.0000
 Demand Misses		    13964356	    13964356	           0	           0	           0	           0
  Demand miss rate	      0.0349	      0.0349	      0.0000	      0.0000	      0.0000	      0.0000
l1-dcache
 Metrics		      Total	      Instrn	       Data	       Read	      Write	       Misc
 -----------------	      ------	      ------	      ------	      ------	      ------	      ------
 Demand Fetches		   146881019	           0	   146881019	   110474529	    36406490	           0
  Fraction of total	      1.0000	      0.0000	      1.0000	      0.7521	      0.2479	      0.0000
 Demand Misses		     6607574	           0	     6607574	     6208670	      398904	           0
  Demand miss rate	      0.0450	      0.0000	      0.0450	      0.0562	      0.0110	      0.0000

Tamanho da cache|4K|Tamanho do bloco|128|Associatividade|8|
l1-icache
 Metrics		      Total	      Instrn	       Data	       Read	      Write	       Misc
 -----------------	      ------	      ------	      ------	      ------	      ------	      ------
 Demand Fetches		   399999995	   399999995	           0	           0	           0	           0
  Fraction of total	      1.0000	      1.0000	      0.0000	      0.0000	      0.0000	      0.0000
 Demand Misses		    13372963	    13372963	           0	           0	           0	           0
  Demand miss rate	      0.0334	      0.0334	      0.0000	      0.0000	      0.0000	      0.0000
l1-dcache
 Metrics		      Total	      Instrn	       Data	       Read	      Write	       Misc
 -----------------	      ------	      ------	      ------	      ------	      ------	      ------
 Demand Fetches		   146881019	           0	   146881019	   110474529	    36406490	           0
  Fraction of total	      1.0000	      0.0000	      1.0000	      0.7521	      0.2479	      0.0000
 Demand Misses		     5780427	           0	     5780427	     5431195	      349232	           0
  Demand miss rate	      0.0394	      0.0000	      0.0394	      0.0492	      0.0096	      0.0000

Tamanho da cache|4K|Tamanho do bloco|128|Associatividade|16|
l1-icache
 Metrics		      Total	      Instrn	       Data	       Read	      Write	       Misc
 -----------------	      ------	      ------	      ------	      ------	      ------	      ------
 Demand Fetches		   399999995	   399999995	           0	           0	           0	           0
  Fraction of total	      1.0000	      1.0000	      0.0000	      0.0000	      0.0000	      0.0000
 Demand Misses		    12917957	    12917957	           0	           0	           0	           0
  Demand miss rate	      0.0323	      0.0323	      0.0000	      0.0000	      0.0000	      0.0000
l1-dcache
 Metrics		      Total	      Instrn	       Data	       Read	      Write	       Misc
 -----------------	      ------	      ------	      ------	      ------	      ------	      ------
 Demand Fetches		   146881019	           0	   146881019	   110474529	    36406490	           0
  Fraction of total	      1.0000	      0.0000	      1.0000	      0.7521	      0.2479	      0.0000
 Demand Misses		     5503751	           0	     5503751	     5249418	      254333	           0
  Demand miss rate	      0.0375	      0.0000	      0.0375	      0.0475	      0.0070	      0.0000

Tamanho da cache|4K|Tamanho do bloco|128|Associatividade|32|
l1-icache
 Metrics		      Total	      Instrn	       Data	       Read	      Write	       Misc
 -----------------	      ------	      ------	      ------	      ------	      ------	      ------
 Demand Fetches		   399999995	   399999995	           0	           0	           0	           0
  Fraction of total	      1.0000	      1.0000	      0.0000	      0.0000	      0.0000	      0.0000
 Demand Misses		    13036797	    13036797	           0	           0	           0	           0
  Demand miss rate	      0.0326	      0.0326	      0.0000	      0.0000	      0.0000	      0.0000
l1-dcache
 Metrics		      Total	      Instrn	       Data	       Read	      Write	       Misc
 -----------------	      ------	      ------	      ------	      ------	      ------	      ------
 Demand Fetches		   146881019	           0	   146881019	   110474529	    36406490	           0
  Fraction of total	      1.0000	      0.0000	      1.0000	      0.7521	      0.2479	      0.0000
 Demand Misses		     5800174	           0	     5800174	     5422468	      377706	           0
  Demand miss rate	      0.0395	      0.0000	      0.0395	      0.0491	      0.0104	      0.0000

Tamanho da cache|4K|Tamanho do bloco|256|Associatividade|1|
l1-icache
 Metrics		      Total	      Instrn	       Data	       Read	      Write	       Misc
 -----------------	      ------	      ------	      ------	      ------	      ------	      ------
 Demand Fetches		   399999995	   399999995	           0	           0	           0	           0
  Fraction of total	      1.0000	      1.0000	      0.0000	      0.0000	      0.0000	      0.0000
 Demand Misses		    11157239	    11157239	           0	           0	           0	           0
  Demand miss rate	      0.0279	      0.0279	      0.0000	      0.0000	      0.0000	      0.0000
l1-dcache
 Metrics		      Total	      Instrn	       Data	       Read	      Write	       Misc
 -----------------	      ------	      ------	      ------	      ------	      ------	      ------
 Demand Fetches		   146881019	           0	   146881019	   110474529	    36406490	           0
  Fraction of total	      1.0000	      0.0000	      1.0000	      0.7521	      0.2479	      0.0000
 Demand Misses		    22443478	           0	    22443478	    21339919	     1103559	           0
  Demand miss rate	      0.1528	      0.0000	      0.1528	      0.1932	      0.0303	      0.0000

Tamanho da cache|4K|Tamanho do bloco|256|Associatividade|2|
l1-icache
 Metrics		      Total	      Instrn	       Data	       Read	      Write	       Misc
 -----------------	      ------	      ------	      ------	      ------	      ------	      ------
 Demand Fetches		   399999995	   399999995	           0	           0	           0	           0
  Fraction of total	      1.0000	      1.0000	      0.0000	      0.0000	      0.0000	      0.0000
 Demand Misses		     9316573	     9316573	           0	           0	           0	           0
  Demand miss rate	      0.0233	      0.0233	      0.0000	      0.0000	      0.0000	      0.0000
l1-dcache
 Metrics		      Total	      Instrn	       Data	       Read	      Write	       Misc
 -----------------	      ------	      ------	      ------	      ------	      ------	      ------
 Demand Fetches		   146881019	           0	   146881019	   110474529	    36406490	           0
  Fraction of total	      1.0000	      0.0000	      1.0000	      0.7521	      0.2479	      0.0000
 Demand Misses		    14664661	           0	    14664661	    13679840	      984821	           0
  Demand miss rate	      0.0998	      0.0000	      0.0998	      0.1238	      0.0271	      0.0000

Tamanho da cache|4K|Tamanho do bloco|256|Associatividade|4|
l1-icache
 Metrics		      Total	      Instrn	       Data	       Read	      Write	       Misc
 -----------------	      ------	      ------	      ------	      ------	      ------	      ------
 Demand Fetches		   399999995	   399999995	           0	           0	           0	           0
  Fraction of total	      1.0000	      1.0000	      0.0000	      0.0000	      0.0000	      0.0000
 Demand Misses		     9338673	     9338673	           0	           0	           0	           0
  Demand miss rate	      0.0233	      0.0233	      0.0000	      0.0000	      0.0000	      0.0000
l1-dcache
 Metrics		      Total	      Instrn	       Data	       Read	      Write	       Misc
 -----------------	      ------	      ------	      ------	      ------	      ------	      ------
 Demand Fetches		   146881019	           0	   146881019	   110474529	    36406490	           0
  Fraction of total	      1.0000	      0.0000	      1.0000	      0.7521	      0.2479	      0.0000
 Demand Misses		    12155011	           0	    12155011	    11389480	      765531	           0
  Demand miss rate	      0.0828	      0.0000	      0.0828	      0.1031	      0.0210	      0.0000

Tamanho da cache|4K|Tamanho do bloco|256|Associatividade|8|
l1-icache
 Metrics		      Total	      Instrn	       Data	       Read	      Write	       Misc
 -----------------	      ------	      ------	      ------	      ------	      ------	      ------
 Demand Fetches		   399999995	   399999995	           0	           0	           0	           0
  Fraction of total	      1.0000	      1.0000	      0.0000	      0.0000	      0.0000	      0.0000
 Demand Misses		     9282760	     9282760	           0	           0	           0	           0
  Demand miss rate	      0.0232	      0.0232	      0.0000	      0.0000	      0.0000	      0.0000
l1-dcache
 Metrics		      Total	      Instrn	       Data	       Read	      Write	       Misc
 -----------------	      ------	      ------	      ------	      ------	      ------	      ------
 Demand Fetches		   146881019	           0	   146881019	   110474529	    36406490	           0
  Fraction of total	      1.0000	      0.0000	      1.0000	      0.7521	      0.2479	      0.0000
 Demand Misses		     9754673	           0	     9754673	     8898464	      856209	           0
  Demand miss rate	      0.0664	      0.0000	      0.0664	      0.0805	      0.0235	      0.0000

Tamanho da cache|4K|Tamanho do bloco|256|Associatividade|16|
l1-icache
 Metrics		      Total	      Instrn	       Data	       Read	      Write	       Misc
 -----------------	      ------	      ------	      ------	      ------	      ------	      ------
 Demand Fetches		   399999995	   399999995	           0	           0	           0	           0
  Fraction of total	      1.0000	      1.0000	      0.0000	      0.0000	      0.0000	      0.0000
 Demand Misses		     9441895	     9441895	           0	           0	           0	           0
  Demand miss rate	      0.0236	      0.0236	      0.0000	      0.0000	      0.0000	      0.0000
l1-dcache
 Metrics		      Total	      Instrn	       Data	       Read	      Write	       Misc
 -----------------	      ------	      ------	      ------	      ------	      ------	      ------
 Demand Fetches		   146881019	           0	   146881019	   110474529	    36406490	           0
  Fraction of total	      1.0000	      0.0000	      1.0000	      0.7521	      0.2479	      0.0000
 Demand Misses		     9414094	           0	     9414094	     8549955	      864139	           0
  Demand miss rate	      0.0641	      0.0000	      0.0641	      0.0774	      0.0237	      0.0000

Tamanho da cache|4K|Tamanho do bloco|256|Associatividade|32|

Tamanho da cache|8K|Tamanho do bloco|16|Associatividade|1|
l1-icache
 Metrics		      Total	      Instrn	       Data	       Read	      Write	       Misc
 -----------------	      ------	      ------	      ------	      ------	      ------	      ------
 Demand Fetches		   399999995	   399999995	           0	           0	           0	           0
  Fraction of total	      1.0000	      1.0000	      0.0000	      0.0000	      0.0000	      0.0000
 Demand Misses		    28088528	    28088528	           0	           0	           0	           0
  Demand miss rate	      0.0702	      0.0702	      0.0000	      0.0000	      0.0000	      0.0000
l1-dcache
 Metrics		      Total	      Instrn	       Data	       Read	      Write	       Misc
 -----------------	      ------	      ------	      ------	      ------	      ------	      ------
 Demand Fetches		   146881020	           0	   146881020	   110474530	    36406490	           0
  Fraction of total	      1.0000	      0.0000	      1.0000	      0.7521	      0.2479	      0.0000
 Demand Misses		     2594285	           0	     2594285	     1624062	      970223	           0
  Demand miss rate	      0.0177	      0.0000	      0.0177	      0.0147	      0.0266	      0.0000

Tamanho da cache|8K|Tamanho do bloco|16|Associatividade|2|
l1-icache
 Metrics		      Total	      Instrn	       Data	       Read	      Write	       Misc
 -----------------	      ------	      ------	      ------	      ------	      ------	      ------
 Demand Fetches		   399999995	   399999995	           0	           0	           0	           0
  Fraction of total	      1.0000	      1.0000	      0.0000	      0.0000	      0.0000	      0.0000
 Demand Misses		    20541782	    20541782	           0	           0	           0	           0
  Demand miss rate	      0.0514	      0.0514	      0.0000	      0.0000	      0.0000	      0.0000
l1-dcache
 Metrics		      Total	      Instrn	       Data	       Read	      Write	       Misc
 -----------------	      ------	      ------	      ------	      ------	      ------	      ------
 Demand Fetches		   146881020	           0	   146881020	   110474530	    36406490	           0
  Fraction of total	      1.0000	      0.0000	      1.0000	      0.7521	      0.2479	      0.0000
 Demand Misses		      998911	           0	      998911	      448730	      550181	           0
  Demand miss rate	      0.0068	      0.0000	      0.0068	      0.0041	      0.0151	      0.0000

Tamanho da cache|8K|Tamanho do bloco|16|Associatividade|4|
l1-icache
 Metrics		      Total	      Instrn	       Data	       Read	      Write	       Misc
 -----------------	      ------	      ------	      ------	      ------	      ------	      ------
 Demand Fetches		   399999995	   399999995	           0	           0	           0	           0
  Fraction of total	      1.0000	      1.0000	      0.0000	      0.0000	      0.0000	      0.0000
 Demand Misses		    16397386	    16397386	           0	           0	           0	           0
  Demand miss rate	      0.0410	      0.0410	      0.0000	      0.0000	      0.0000	      0.0000
l1-dcache
 Metrics		      Total	      Instrn	       Data	       Read	      Write	       Misc
 -----------------	      ------	      ------	      ------	      ------	      ------	      ------
 Demand Fetches		   146881020	           0	   146881020	   110474530	    36406490	           0
  Fraction of total	      1.0000	      0.0000	      1.0000	      0.7521	      0.2479	      0.0000
 Demand Misses		      639035	           0	      639035	      101900	      537135	           0
  Demand miss rate	      0.0044	      0.0000	      0.0044	      0.0009	      0.0148	      0.0000

Tamanho da cache|8K|Tamanho do bloco|16|Associatividade|8|
