25097  0.1  45120
25182  0.1  45120
25182  1.3 906708
25182  1.3 906708
25182  1.3 906840
25182  1.3 906840
25182  1.3 906840
25182  1.3 907228
25182  1.3 907228
25182  1.3 907228
25182  1.3 907228
25182  1.3 907228
25182  1.3 907228
25182  1.3 907228
25182  1.3 907228
25182  1.3 907228
25477  0.1  45120
25477  1.3 906620
25477  1.3 906808
25477  1.3 906808
25477  1.3 906808
25477  1.3 906808
25477  1.3 907220
25477  1.3 907220
25477  1.4 907220
25477  1.4 907220
25477  1.4 907220
25477  1.4 907220
25477  1.4 907220
25477  1.4 907220
25477  1.4 907220
25614  0.1  45120
25614  1.3 906700
25614  1.3 906700
25614  1.3 906856
25614  1.3 906856
25614  1.3 906856
25614  1.3 907224
25614  1.3 907224
25614  1.3 907224
25614  1.3 907224
25614  1.3 907224
25614  1.3 907224
25614  1.3 907224
25614  1.3 907224
25614  1.3 907224
25761  0.1  45120
25761  1.3 906708
25761  1.3 906708
25761  1.3 906896
25761  1.3 906896
25761  1.3 906896
25761  1.3 907188
25761  1.4 907188
25761  1.4 907188
25761  1.4 907188
25761  1.4 907188
25761  1.4 907188
25761  1.4 907188
25761  1.4 907188
25761  1.4 907188
25986  0.1  45120
25986  1.3 906620
25986  1.3 906832
25986  1.3 906832
25986  1.3 906832
25986  1.3 906832
25986  1.3 907200
25986  1.3 907200
25986  1.3 907200
25986  1.3 907200
25986  1.4 907200
25986  1.4 907200
25986  1.4 907200
25986  1.4 907200
25986  1.4 907200
26169  0.1  45120
26169  1.3 906656
26169  1.3 906828
26169  1.3 906828
26169  1.3 906828
26169  1.3 906828
26169  1.3 907200
26169  1.3 907200
26169  1.3 907200
26169  1.3 907200
26169  1.3 907200
26169  1.3 907200
26169  1.3 907200
26169  1.3 907200
26169  1.3 907200
28280  0.0  39328
28280  0.0  39328
28280  0.0  39328
28280  0.0  39328
28280  0.0  39328
28280  0.0  39328
28280  0.0  39328
28280  0.0  39328
28280  0.0  39328
28280  0.0  39328
28280  0.0  39328
28280  0.0  39328
28280  0.0  39328
28280  0.0  39328
