
Tamanho da cache|32K|Tamanho do bloco|8|Associatividade|1|
l1-icache
 Metrics		      Total	      Instrn	       Data	       Read	      Write	       Misc
 -----------------	      ------	      ------	      ------	      ------	      ------	      ------
 Demand Misses		        1084	        1084	           0	           0	           0	           0
  Demand miss rate	      0.0000	      0.0000	      0.0000	      0.0000	      0.0000	      0.0000
l1-dcache
 Metrics		      Total	      Instrn	       Data	       Read	      Write	       Misc
 -----------------	      ------	      ------	      ------	      ------	      ------	      ------
 Demand Misses		    80804766	           0	    80804766	    78632457	     2172309	           0
  Demand miss rate	      0.4492	      0.0000	      0.4492	      0.4858	      0.1204	      0.0000

Tamanho da cache|32K|Tamanho do bloco|16|Associatividade|1|
l1-icache
 Metrics		      Total	      Instrn	       Data	       Read	      Write	       Misc
 -----------------	      ------	      ------	      ------	      ------	      ------	      ------
 Demand Misses		         546	         546	           0	           0	           0	           0
  Demand miss rate	      0.0000	      0.0000	      0.0000	      0.0000	      0.0000	      0.0000
l1-dcache
 Metrics		      Total	      Instrn	       Data	       Read	      Write	       Misc
 -----------------	      ------	      ------	      ------	      ------	      ------	      ------
 Demand Misses		    58680170	           0	    58680170	    57224252	     1455918	           0
  Demand miss rate	      0.3262	      0.0000	      0.3262	      0.3536	      0.0807	      0.0000

Tamanho da cache|32K|Tamanho do bloco|32|Associatividade|1|
l1-icache
 Metrics		      Total	      Instrn	       Data	       Read	      Write	       Misc
 -----------------	      ------	      ------	      ------	      ------	      ------	      ------
 Demand Misses		         281	         281	           0	           0	           0	           0
  Demand miss rate	      0.0000	      0.0000	      0.0000	      0.0000	      0.0000	      0.0000
l1-dcache
 Metrics		      Total	      Instrn	       Data	       Read	      Write	       Misc
 -----------------	      ------	      ------	      ------	      ------	      ------	      ------
 Demand Misses		    37973974	           0	    37973974	    37241392	      732582	           0
  Demand miss rate	      0.2111	      0.0000	      0.2111	      0.2301	      0.0406	      0.0000

Tamanho da cache|32K|Tamanho do bloco|64|Associatividade|1|
l1-icache
 Metrics		      Total	      Instrn	       Data	       Read	      Write	       Misc
 -----------------	      ------	      ------	      ------	      ------	      ------	      ------
 Demand Misses		         145	         145	           0	           0	           0	           0
  Demand miss rate	      0.0000	      0.0000	      0.0000	      0.0000	      0.0000	      0.0000
l1-dcache
 Metrics		      Total	      Instrn	       Data	       Read	      Write	       Misc
 -----------------	      ------	      ------	      ------	      ------	      ------	      ------
 Demand Misses		    28301174	           0	    28301174	    27925714	      375460	           0
  Demand miss rate	      0.1573	      0.0000	      0.1573	      0.1725	      0.0208	      0.0000

Tamanho da cache|32K|Tamanho do bloco|128|Associatividade|1|
l1-icache
 Metrics		      Total	      Instrn	       Data	       Read	      Write	       Misc
 -----------------	      ------	      ------	      ------	      ------	      ------	      ------
 Demand Misses		          76	          76	           0	           0	           0	           0
  Demand miss rate	      0.0000	      0.0000	      0.0000	      0.0000	      0.0000	      0.0000
l1-dcache
 Metrics		      Total	      Instrn	       Data	       Read	      Write	       Misc
 -----------------	      ------	      ------	      ------	      ------	      ------	      ------
 Demand Misses		    23751741	           0	    23751741	    23552109	      199632	           0
  Demand miss rate	      0.1320	      0.0000	      0.1320	      0.1455	      0.0111	      0.0000

Tamanho da cache|32K|Tamanho do bloco|256|Associatividade|1|
l1-icache
 Metrics		      Total	      Instrn	       Data	       Read	      Write	       Misc
 -----------------	      ------	      ------	      ------	      ------	      ------	      ------
 Demand Misses		          40	          40	           0	           0	           0	           0
  Demand miss rate	      0.0000	      0.0000	      0.0000	      0.0000	      0.0000	      0.0000
l1-dcache
 Metrics		      Total	      Instrn	       Data	       Read	      Write	       Misc
 -----------------	      ------	      ------	      ------	      ------	      ------	      ------
 Demand Misses		    22608967	           0	    22608967	    22479879	      129088	           0
  Demand miss rate	      0.1257	      0.0000	      0.1257	      0.1389	      0.0072	      0.0000

Tamanho da cache|32K|Tamanho do bloco|512|Associatividade|1|
l1-icache
 Metrics		      Total	      Instrn	       Data	       Read	      Write	       Misc
 -----------------	      ------	      ------	      ------	      ------	      ------	      ------
 Demand Misses		          22	          22	           0	           0	           0	           0
  Demand miss rate	      0.0000	      0.0000	      0.0000	      0.0000	      0.0000	      0.0000
l1-dcache
 Metrics		      Total	      Instrn	       Data	       Read	      Write	       Misc
 -----------------	      ------	      ------	      ------	      ------	      ------	      ------
 Demand Misses		    23722119	           0	    23722119	    23599068	      123051	           0
  Demand miss rate	      0.1319	      0.0000	      0.1319	      0.1458	      0.0068	      0.0000

Tamanho da cache|32K|Tamanho do bloco|1024|Associatividade|1|
l1-icache
 Metrics		      Total	      Instrn	       Data	       Read	      Write	       Misc
 -----------------	      ------	      ------	      ------	      ------	      ------	      ------
 Demand Misses		          13	          13	           0	           0	           0	           0
  Demand miss rate	      0.0000	      0.0000	      0.0000	      0.0000	      0.0000	      0.0000
l1-dcache
 Metrics		      Total	      Instrn	       Data	       Read	      Write	       Misc
 -----------------	      ------	      ------	      ------	      ------	      ------	      ------
 Demand Misses		    27625104	           0	    27625104	    27445713	      179391	           0
  Demand miss rate	      0.1536	      0.0000	      0.1536	      0.1696	      0.0099	      0.0000

Tamanho da cache|32K|Tamanho do bloco|2048|Associatividade|1|
l1-icache
 Metrics		      Total	      Instrn	       Data	       Read	      Write	       Misc
 -----------------	      ------	      ------	      ------	      ------	      ------	      ------
 Demand Misses		           8	           8	           0	           0	           0	           0
  Demand miss rate	      0.0000	      0.0000	      0.0000	      0.0000	      0.0000	      0.0000
l1-dcache
 Metrics		      Total	      Instrn	       Data	       Read	      Write	       Misc
 -----------------	      ------	      ------	      ------	      ------	      ------	      ------
 Demand Misses		    43413981	           0	    43413981	    42469635	      944346	           0
  Demand miss rate	      0.2413	      0.0000	      0.2413	      0.2624	      0.0524	      0.0000

Tamanho da cache|32K|Tamanho do bloco|4096|Associatividade|1|
l1-icache
 Metrics		      Total	      Instrn	       Data	       Read	      Write	       Misc
 -----------------	      ------	      ------	      ------	      ------	      ------	      ------
 Demand Misses		           6	           6	           0	           0	           0	           0
  Demand miss rate	      0.0000	      0.0000	      0.0000	      0.0000	      0.0000	      0.0000
l1-dcache
 Metrics		      Total	      Instrn	       Data	       Read	      Write	       Misc
 -----------------	      ------	      ------	      ------	      ------	      ------	      ------
 Demand Misses		    58890423	           0	    58890423	    56971532	     1918891	           0
  Demand miss rate	      0.3274	      0.0000	      0.3274	      0.3520	      0.1064	      0.0000

Tamanho da cache|32K|Tamanho do bloco|8192|Associatividade|1|
l1-icache
 Metrics		      Total	      Instrn	       Data	       Read	      Write	       Misc
 -----------------	      ------	      ------	      ------	      ------	      ------	      ------
 Demand Misses		           3	           3	           0	           0	           0	           0
  Demand miss rate	      0.0000	      0.0000	      0.0000	      0.0000	      0.0000	      0.0000
l1-dcache
 Metrics		      Total	      Instrn	       Data	       Read	      Write	       Misc
 -----------------	      ------	      ------	      ------	      ------	      ------	      ------
 Demand Misses		    75824413	           0	    75824413	    73023079	     2801334	           0
  Demand miss rate	      0.4215	      0.0000	      0.4215	      0.4512	      0.1553	      0.0000
