
Tamanho da cache|32K|Tamanho do bloco|8|Associatividade|1|
l1-icache
 Metrics		      Total	      Instrn	       Data	       Read	      Write	       Misc
 -----------------	      ------	      ------	      ------	      ------	      ------	      ------
 Demand Misses		    17816263	    17816263	           0	           0	           0	           0
  Demand miss rate	      0.0445	      0.0445	      0.0000	      0.0000	      0.0000	      0.0000
l1-dcache
 Metrics		      Total	      Instrn	       Data	       Read	      Write	       Misc
 -----------------	      ------	      ------	      ------	      ------	      ------	      ------
 Demand Misses		     4004358	           0	     4004358	     3695909	      308449	           0
  Demand miss rate	      0.0266	      0.0000	      0.0266	      0.0286	      0.0145	      0.0000

Tamanho da cache|32K|Tamanho do bloco|16|Associatividade|1|
l1-icache
 Metrics		      Total	      Instrn	       Data	       Read	      Write	       Misc
 -----------------	      ------	      ------	      ------	      ------	      ------	      ------
 Demand Misses		     9869916	     9869916	           0	           0	           0	           0
  Demand miss rate	      0.0247	      0.0247	      0.0000	      0.0000	      0.0000	      0.0000
l1-dcache
 Metrics		      Total	      Instrn	       Data	       Read	      Write	       Misc
 -----------------	      ------	      ------	      ------	      ------	      ------	      ------
 Demand Misses		     4357705	           0	     4357705	     4086861	      270844	           0
  Demand miss rate	      0.0294	      0.0000	      0.0294	      0.0320	      0.0129	      0.0000

Tamanho da cache|32K|Tamanho do bloco|32|Associatividade|1|
l1-icache
 Metrics		      Total	      Instrn	       Data	       Read	      Write	       Misc
 -----------------	      ------	      ------	      ------	      ------	      ------	      ------
 Demand Misses		     6243505	     6243505	           0	           0	           0	           0
  Demand miss rate	      0.0156	      0.0156	      0.0000	      0.0000	      0.0000	      0.0000
l1-dcache
 Metrics		      Total	      Instrn	       Data	       Read	      Write	       Misc
 -----------------	      ------	      ------	      ------	      ------	      ------	      ------
 Demand Misses		     5893901	           0	     5893901	     5632102	      261799	           0
  Demand miss rate	      0.0398	      0.0000	      0.0398	      0.0442	      0.0126	      0.0000

Tamanho da cache|32K|Tamanho do bloco|64|Associatividade|1|
l1-icache
 Metrics		      Total	      Instrn	       Data	       Read	      Write	       Misc
 -----------------	      ------	      ------	      ------	      ------	      ------	      ------
 Demand Misses		     3811205	     3811205	           0	           0	           0	           0
  Demand miss rate	      0.0095	      0.0095	      0.0000	      0.0000	      0.0000	      0.0000
l1-dcache
 Metrics		      Total	      Instrn	       Data	       Read	      Write	       Misc
 -----------------	      ------	      ------	      ------	      ------	      ------	      ------
 Demand Misses		     7642377	           0	     7642377	     7151339	      491038	           0
  Demand miss rate	      0.0521	      0.0000	      0.0521	      0.0568	      0.0236	      0.0000

Tamanho da cache|32K|Tamanho do bloco|128|Associatividade|1|
l1-icache
 Metrics		      Total	      Instrn	       Data	       Read	      Write	       Misc
 -----------------	      ------	      ------	      ------	      ------	      ------	      ------
 Demand Misses		     2669365	     2669365	           0	           0	           0	           0
  Demand miss rate	      0.0067	      0.0067	      0.0000	      0.0000	      0.0000	      0.0000
l1-dcache
 Metrics		      Total	      Instrn	       Data	       Read	      Write	       Misc
 -----------------	      ------	      ------	      ------	      ------	      ------	      ------
 Demand Misses		     9237029	           0	     9237029	     8708845	      528184	           0
  Demand miss rate	      0.0631	      0.0000	      0.0631	      0.0693	      0.0255	      0.0000

Tamanho da cache|32K|Tamanho do bloco|256|Associatividade|1|
l1-icache
 Metrics		      Total	      Instrn	       Data	       Read	      Write	       Misc
 -----------------	      ------	      ------	      ------	      ------	      ------	      ------
 Demand Misses		     2218934	     2218934	           0	           0	           0	           0
  Demand miss rate	      0.0055	      0.0055	      0.0000	      0.0000	      0.0000	      0.0000
l1-dcache
 Metrics		      Total	      Instrn	       Data	       Read	      Write	       Misc
 -----------------	      ------	      ------	      ------	      ------	      ------	      ------
 Demand Misses		    11032305	           0	    11032305	    10368810	      663495	           0
  Demand miss rate	      0.0754	      0.0000	      0.0754	      0.0825	      0.0321	      0.0000

Tamanho da cache|32K|Tamanho do bloco|512|Associatividade|1|
l1-icache
 Metrics		      Total	      Instrn	       Data	       Read	      Write	       Misc
 -----------------	      ------	      ------	      ------	      ------	      ------	      ------
 Demand Misses		     1568989	     1568989	           0	           0	           0	           0
  Demand miss rate	      0.0039	      0.0039	      0.0000	      0.0000	      0.0000	      0.0000
l1-dcache
 Metrics		      Total	      Instrn	       Data	       Read	      Write	       Misc
 -----------------	      ------	      ------	      ------	      ------	      ------	      ------
 Demand Misses		    12053143	           0	    12053143	    11340493	      712650	           0
  Demand miss rate	      0.0824	      0.0000	      0.0824	      0.0902	      0.0345	      0.0000

Tamanho da cache|32K|Tamanho do bloco|1024|Associatividade|1|
l1-icache
 Metrics		      Total	      Instrn	       Data	       Read	      Write	       Misc
 -----------------	      ------	      ------	      ------	      ------	      ------	      ------
 Demand Misses		     1264203	     1264203	           0	           0	           0	           0
  Demand miss rate	      0.0032	      0.0032	      0.0000	      0.0000	      0.0000	      0.0000
l1-dcache
 Metrics		      Total	      Instrn	       Data	       Read	      Write	       Misc
 -----------------	      ------	      ------	      ------	      ------	      ------	      ------
 Demand Misses		    14168275	           0	    14168275	    13230180	      938095	           0
  Demand miss rate	      0.0968	      0.0000	      0.0968	      0.1053	      0.0454	      0.0000

Tamanho da cache|32K|Tamanho do bloco|2048|Associatividade|1|
l1-icache
 Metrics		      Total	      Instrn	       Data	       Read	      Write	       Misc
 -----------------	      ------	      ------	      ------	      ------	      ------	      ------
 Demand Misses		     1285511	     1285511	           0	           0	           0	           0
  Demand miss rate	      0.0032	      0.0032	      0.0000	      0.0000	      0.0000	      0.0000
l1-dcache
 Metrics		      Total	      Instrn	       Data	       Read	      Write	       Misc
 -----------------	      ------	      ------	      ------	      ------	      ------	      ------
 Demand Misses		    21547819	           0	    21547819	    19661931	     1885888	           0
  Demand miss rate	      0.1472	      0.0000	      0.1472	      0.1565	      0.0912	      0.0000

Tamanho da cache|32K|Tamanho do bloco|4096|Associatividade|1|
l1-icache
 Metrics		      Total	      Instrn	       Data	       Read	      Write	       Misc
 -----------------	      ------	      ------	      ------	      ------	      ------	      ------
 Demand Misses		     1257891	     1257891	           0	           0	           0	           0
  Demand miss rate	      0.0031	      0.0031	      0.0000	      0.0000	      0.0000	      0.0000
l1-dcache
 Metrics		      Total	      Instrn	       Data	       Read	      Write	       Misc
 -----------------	      ------	      ------	      ------	      ------	      ------	      ------
 Demand Misses		    28958923	           0	    28958923	    26566803	     2392120	           0
  Demand miss rate	      0.1979	      0.0000	      0.1979	      0.2114	      0.1156	      0.0000

Tamanho da cache|32K|Tamanho do bloco|8192|Associatividade|1|
l1-icache
 Metrics		      Total	      Instrn	       Data	       Read	      Write	       Misc
 -----------------	      ------	      ------	      ------	      ------	      ------	      ------
 Demand Misses		     1098985	     1098985	           0	           0	           0	           0
  Demand miss rate	      0.0027	      0.0027	      0.0000	      0.0000	      0.0000	      0.0000
l1-dcache
 Metrics		      Total	      Instrn	       Data	       Read	      Write	       Misc
 -----------------	      ------	      ------	      ------	      ------	      ------	      ------
 Demand Misses		    37644548	           0	    37644548	    34636239	     3008309	           0
  Demand miss rate	      0.2572	      0.0000	      0.2572	      0.2756	      0.1454	      0.0000
